Jan 05, 2013 4:25:14 PM org.eclipse.birt.report.data.oda.jdbc.ui.editors.MetaDataRetriever <init>
WARNING: SQL statement does not return a ResultSet object.
SQL error #1:No value specified for parameter 1

org.eclipse.birt.report.data.oda.jdbc.JDBCException: SQL statement does not return a ResultSet object.
SQL error #1:No value specified for parameter 1
 ;
    java.sql.SQLException: No value specified for parameter 1
	at org.eclipse.birt.report.data.oda.jdbc.Statement.executeQuery(Statement.java:464)
	at org.eclipse.birt.report.data.oda.jdbc.Statement.getMetaUsingPolicy1(Statement.java:403)
	at org.eclipse.birt.report.data.oda.jdbc.Statement.getMetaData(Statement.java:303)
	at org.eclipse.birt.report.data.oda.jdbc.bidi.BidiStatement.getMetaData(BidiStatement.java:56)
	at org.eclipse.birt.report.data.oda.jdbc.ui.editors.MetaDataRetriever.<init>(MetaDataRetriever.java:78)
	at org.eclipse.birt.report.data.oda.jdbc.ui.editors.SQLDataSetEditorPage.collectDataSetDesign(SQLDataSetEditorPage.java:681)
	at org.eclipse.datatools.connectivity.oda.design.internal.ui.DataSetWizardPageCore.finishDataSetDesign(DataSetWizardPageCore.java:395)
	at org.eclipse.datatools.connectivity.oda.design.internal.ui.DataSetWizardBase.collectDataSetDesignFromPage(DataSetWizardBase.java:365)
	at org.eclipse.datatools.connectivity.oda.design.internal.ui.DataSetWizardBase.finishDataSetDesign(DataSetWizardBase.java:387)
	at org.eclipse.datatools.connectivity.oda.design.internal.ui.DataSetWizardBase.getResponseSession(DataSetWizardBase.java:123)
	at org.eclipse.datatools.connectivity.oda.design.internal.designsession.DataSetDesignSessionBase.finishDataSetDesign(DataSetDesignSessionBase.java:442)
	at org.eclipse.datatools.connectivity.oda.design.internal.designsession.DataSetDesignSessionBase.flush(DataSetDesignSessionBase.java:237)
	at org.eclipse.datatools.connectivity.oda.design.ui.designsession.DataSetDesignSession.flush(DataSetDesignSession.java:136)
	at org.eclipse.birt.report.designer.data.ui.dataset.PropertyPageWrapper.canLeave(PropertyPageWrapper.java:118)
	at org.eclipse.birt.report.designer.data.ui.dataset.PropertyPageWrapper.performOk(PropertyPageWrapper.java:95)
	at org.eclipse.birt.report.designer.data.ui.property.AbstractPropertyDialog.okPressed(AbstractPropertyDialog.java:790)
	at org.eclipse.birt.report.designer.data.ui.property.AbstractPropertyDialog.okPressed(AbstractPropertyDialog.java:765)
	at org.eclipse.birt.report.designer.data.ui.dataset.DataSetEditor.okPressed(DataSetEditor.java:681)
	at org.eclipse.birt.report.designer.data.ui.property.AbstractPropertyDialog.buttonPressed(AbstractPropertyDialog.java:650)
	at org.eclipse.jface.dialogs.Dialog$2.widgetSelected(Dialog.java:624)
	at org.eclipse.swt.widgets.TypedListener.handleEvent(TypedListener.java:240)
	at org.eclipse.swt.widgets.EventTable.sendEvent(EventTable.java:84)
	at org.eclipse.swt.widgets.Widget.sendEvent(Widget.java:1053)
	at org.eclipse.swt.widgets.Display.runDeferredEvents(Display.java:4165)
	at org.eclipse.swt.widgets.Display.readAndDispatch(Display.java:3754)
	at org.eclipse.jface.window.Window.runEventLoop(Window.java:825)
	at org.eclipse.jface.window.Window.open(Window.java:801)
	at org.eclipse.birt.report.designer.ui.dialogs.BaseDialog.open(BaseDialog.java:111)
	at org.eclipse.birt.report.designer.data.ui.providers.EditableDataSetNodeProvider.performEdit(EditableDataSetNodeProvider.java:102)
	at org.eclipse.birt.report.designer.internal.ui.views.DefaultNodeProvider.performRequest(DefaultNodeProvider.java:442)
	at org.eclipse.birt.report.designer.internal.ui.views.actions.EditAction.doAction(EditAction.java:90)
	at org.eclipse.birt.report.designer.internal.ui.views.actions.AbstractElementAction.run(AbstractElementAction.java:70)
	at org.eclipse.birt.report.designer.internal.ui.views.RenameListener.doubleClick(RenameListener.java:214)
	at org.eclipse.jface.viewers.StructuredViewer$1.run(StructuredViewer.java:845)
	at org.eclipse.core.runtime.SafeRunner.run(SafeRunner.java:42)
	at org.eclipse.ui.internal.JFaceUtil$1.run(JFaceUtil.java:49)
	at org.eclipse.jface.util.SafeRunnable.run(SafeRunnable.java:175)
	at org.eclipse.jface.viewers.StructuredViewer.fireDoubleClick(StructuredViewer.java:843)
	at org.eclipse.jface.viewers.AbstractTreeViewer.handleDoubleSelect(AbstractTreeViewer.java:1462)
	at org.eclipse.jface.viewers.StructuredViewer$4.widgetDefaultSelected(StructuredViewer.java:1246)
	at org.eclipse.jface.util.OpenStrategy.fireDefaultSelectionEvent(OpenStrategy.java:249)
	at org.eclipse.jface.util.OpenStrategy.access$0(OpenStrategy.java:246)
	at org.eclipse.jface.util.OpenStrategy$1.handleEvent(OpenStrategy.java:307)
	at org.eclipse.swt.widgets.EventTable.sendEvent(EventTable.java:84)
	at org.eclipse.swt.widgets.Widget.sendEvent(Widget.java:1053)
	at org.eclipse.swt.widgets.Display.runDeferredEvents(Display.java:4165)
	at org.eclipse.swt.widgets.Display.readAndDispatch(Display.java:3754)
	at org.eclipse.ui.internal.Workbench.runEventLoop(Workbench.java:2701)
	at org.eclipse.ui.internal.Workbench.runUI(Workbench.java:2665)
	at org.eclipse.ui.internal.Workbench.access$4(Workbench.java:2499)
	at org.eclipse.ui.internal.Workbench$7.run(Workbench.java:679)
	at org.eclipse.core.databinding.observable.Realm.runWithDefault(Realm.java:332)
	at org.eclipse.ui.internal.Workbench.createAndRunWorkbench(Workbench.java:668)
	at org.eclipse.ui.PlatformUI.createAndRunWorkbench(PlatformUI.java:149)
	at org.eclipse.ui.internal.ide.application.IDEApplication.start(IDEApplication.java:123)
	at org.eclipse.equinox.internal.app.EclipseAppHandle.run(EclipseAppHandle.java:196)
	at org.eclipse.core.runtime.internal.adaptor.EclipseAppLauncher.runApplication(EclipseAppLauncher.java:110)
	at org.eclipse.core.runtime.internal.adaptor.EclipseAppLauncher.start(EclipseAppLauncher.java:79)
	at org.eclipse.core.runtime.adaptor.EclipseStarter.run(EclipseStarter.java:344)
	at org.eclipse.core.runtime.adaptor.EclipseStarter.run(EclipseStarter.java:179)
	at sun.reflect.NativeMethodAccessorImpl.invoke0(Native Method)
	at sun.reflect.NativeMethodAccessorImpl.invoke(Unknown Source)
	at sun.reflect.DelegatingMethodAccessorImpl.invoke(Unknown Source)
	at java.lang.reflect.Method.invoke(Unknown Source)
	at org.eclipse.equinox.launcher.Main.invokeFramework(Main.java:622)
	at org.eclipse.equinox.launcher.Main.basicRun(Main.java:577)
	at org.eclipse.equinox.launcher.Main.run(Main.java:1410)
Caused by: java.sql.SQLException: No value specified for parameter 1
	at com.mysql.jdbc.SQLError.createSQLException(SQLError.java:1073)
	at com.mysql.jdbc.SQLError.createSQLException(SQLError.java:987)
	at com.mysql.jdbc.SQLError.createSQLException(SQLError.java:982)
	at com.mysql.jdbc.SQLError.createSQLException(SQLError.java:927)
	at com.mysql.jdbc.PreparedStatement.checkAllParametersSet(PreparedStatement.java:2585)
	at com.mysql.jdbc.PreparedStatement.fillSendPacket(PreparedStatement.java:2561)
	at com.mysql.jdbc.PreparedStatement.fillSendPacket(PreparedStatement.java:2487)
	at com.mysql.jdbc.PreparedStatement.executeQuery(PreparedStatement.java:2241)
	at org.eclipse.birt.report.data.oda.jdbc.Statement.executeQuery(Statement.java:460)
	... 66 more

Jan 05, 2013 4:25:14 PM org.eclipse.birt.data.engine.odaconsumer.PreparedStatement getRuntimeMetaData
SEVERE: Cannot get the result set metadata.
org.eclipse.birt.report.data.oda.jdbc.JDBCException: SQL statement does not return a ResultSet object.
SQL error #1:No value specified for parameter 1
 ;
    java.sql.SQLException: No value specified for parameter 1
	at org.eclipse.birt.report.data.oda.jdbc.Statement.executeQuery(Statement.java:464)
	at org.eclipse.birt.report.data.oda.jdbc.Statement.getMetaUsingPolicy1(Statement.java:403)
	at org.eclipse.birt.report.data.oda.jdbc.Statement.getMetaData(Statement.java:303)
	at org.eclipse.birt.report.data.oda.jdbc.bidi.BidiStatement.getMetaData(BidiStatement.java:56)
	at org.eclipse.datatools.connectivity.oda.consumer.helper.OdaQuery.doGetMetaData(OdaQuery.java:412)
	at org.eclipse.datatools.connectivity.oda.consumer.helper.OdaQuery.getMetaData(OdaQuery.java:379)
	at org.eclipse.birt.data.engine.odaconsumer.PreparedStatement.getRuntimeMetaData(PreparedStatement.java:407)
	at org.eclipse.birt.data.engine.odaconsumer.PreparedStatement.getProjectedColumns(PreparedStatement.java:377)
	at org.eclipse.birt.data.engine.odaconsumer.PreparedStatement.doGetMetaData(PreparedStatement.java:347)
	at org.eclipse.birt.data.engine.odaconsumer.PreparedStatement.getMetaData(PreparedStatement.java:334)
	at org.eclipse.birt.data.engine.executor.DataSourceQuery.getMetaData(DataSourceQuery.java:420)
	at org.eclipse.birt.data.engine.executor.DataSourceQuery.prepare(DataSourceQuery.java:340)
	at org.eclipse.birt.data.engine.impl.PreparedOdaDSQuery$OdaDSQueryExecutor.prepareOdiQuery(PreparedOdaDSQuery.java:442)
	at org.eclipse.birt.data.engine.impl.QueryExecutor.prepareExecution(QueryExecutor.java:341)
	at org.eclipse.birt.data.engine.impl.PreparedQuery.doPrepare(PreparedQuery.java:455)
	at org.eclipse.birt.data.engine.impl.PreparedDataSourceQuery.produceQueryResults(PreparedDataSourceQuery.java:190)
	at org.eclipse.birt.data.engine.impl.PreparedDataSourceQuery.execute(PreparedDataSourceQuery.java:178)
	at org.eclipse.birt.data.engine.impl.PreparedOdaDSQuery.execute(PreparedOdaDSQuery.java:145)
	at org.eclipse.birt.data.engine.impl.PreparedDataSourceQuery.execute(PreparedDataSourceQuery.java:159)
	at org.eclipse.birt.data.engine.impl.PreparedDataSourceQuery.execute(PreparedDataSourceQuery.java:142)
	at org.eclipse.birt.report.data.adapter.impl.QueryExecutionHelper.executeQuery(QueryExecutionHelper.java:136)
	at org.eclipse.birt.report.data.adapter.impl.QueryExecutionHelper.executeQuery(QueryExecutionHelper.java:118)
	at org.eclipse.birt.report.data.adapter.impl.QueryExecutionHelper.executeQuery(QueryExecutionHelper.java:102)
	at org.eclipse.birt.report.data.adapter.impl.DataSetMetaDataHelper.getRuntimeMetaData(DataSetMetaDataHelper.java:194)
	at org.eclipse.birt.report.data.adapter.impl.DataSetMetaDataHelper.getRealMetaData(DataSetMetaDataHelper.java:153)
	at org.eclipse.birt.report.data.adapter.impl.DataSetMetaDataHelper.getDataSetMetaData(DataSetMetaDataHelper.java:115)
	at org.eclipse.birt.report.data.adapter.impl.DataSetMetaDataHelper.refreshMetaData(DataSetMetaDataHelper.java:376)
	at org.eclipse.birt.report.data.adapter.impl.DataRequestSessionImpl.refreshMetaData(DataRequestSessionImpl.java:415)
	at org.eclipse.birt.report.designer.data.ui.dataset.ExternalUIUtil.updateColumnCache(ExternalUIUtil.java:108)
	at org.eclipse.birt.report.designer.data.ui.providers.DefaultDataServiceProvider.updateColumnCache(DefaultDataServiceProvider.java:107)
	at org.eclipse.birt.report.designer.internal.ui.data.DataService.updateColumnCache(DataService.java:137)
	at org.eclipse.birt.report.designer.data.ui.dataset.DataSetUIUtil.updateColumnCache(DataSetUIUtil.java:98)
	at org.eclipse.birt.report.designer.data.ui.dataset.DataSetUIUtil.updateColumnCache(DataSetUIUtil.java:51)
	at org.eclipse.birt.report.designer.data.ui.util.DTPUtil.refreshCachedMetaData(DTPUtil.java:230)
	at org.eclipse.birt.report.designer.data.ui.util.DTPUtil.updateDataSetHandle(DTPUtil.java:211)
	at org.eclipse.birt.report.designer.data.ui.dataset.PropertyPageWrapper.canLeave(PropertyPageWrapper.java:124)
	at org.eclipse.birt.report.designer.data.ui.dataset.PropertyPageWrapper.performOk(PropertyPageWrapper.java:95)
	at org.eclipse.birt.report.designer.data.ui.property.AbstractPropertyDialog.okPressed(AbstractPropertyDialog.java:790)
	at org.eclipse.birt.report.designer.data.ui.property.AbstractPropertyDialog.okPressed(AbstractPropertyDialog.java:765)
	at org.eclipse.birt.report.designer.data.ui.dataset.DataSetEditor.okPressed(DataSetEditor.java:681)
	at org.eclipse.birt.report.designer.data.ui.property.AbstractPropertyDialog.buttonPressed(AbstractPropertyDialog.java:650)
	at org.eclipse.jface.dialogs.Dialog$2.widgetSelected(Dialog.java:624)
	at org.eclipse.swt.widgets.TypedListener.handleEvent(TypedListener.java:240)
	at org.eclipse.swt.widgets.EventTable.sendEvent(EventTable.java:84)
	at org.eclipse.swt.widgets.Widget.sendEvent(Widget.java:1053)
	at org.eclipse.swt.widgets.Display.runDeferredEvents(Display.java:4165)
	at org.eclipse.swt.widgets.Display.readAndDispatch(Display.java:3754)
	at org.eclipse.jface.window.Window.runEventLoop(Window.java:825)
	at org.eclipse.jface.window.Window.open(Window.java:801)
	at org.eclipse.birt.report.designer.ui.dialogs.BaseDialog.open(BaseDialog.java:111)
	at org.eclipse.birt.report.designer.data.ui.providers.EditableDataSetNodeProvider.performEdit(EditableDataSetNodeProvider.java:102)
	at org.eclipse.birt.report.designer.internal.ui.views.DefaultNodeProvider.performRequest(DefaultNodeProvider.java:442)
	at org.eclipse.birt.report.designer.internal.ui.views.actions.EditAction.doAction(EditAction.java:90)
	at org.eclipse.birt.report.designer.internal.ui.views.actions.AbstractElementAction.run(AbstractElementAction.java:70)
	at org.eclipse.birt.report.designer.internal.ui.views.RenameListener.doubleClick(RenameListener.java:214)
	at org.eclipse.jface.viewers.StructuredViewer$1.run(StructuredViewer.java:845)
	at org.eclipse.core.runtime.SafeRunner.run(SafeRunner.java:42)
	at org.eclipse.ui.internal.JFaceUtil$1.run(JFaceUtil.java:49)
	at org.eclipse.jface.util.SafeRunnable.run(SafeRunnable.java:175)
	at org.eclipse.jface.viewers.StructuredViewer.fireDoubleClick(StructuredViewer.java:843)
	at org.eclipse.jface.viewers.AbstractTreeViewer.handleDoubleSelect(AbstractTreeViewer.java:1462)
	at org.eclipse.jface.viewers.StructuredViewer$4.widgetDefaultSelected(StructuredViewer.java:1246)
	at org.eclipse.jface.util.OpenStrategy.fireDefaultSelectionEvent(OpenStrategy.java:249)
	at org.eclipse.jface.util.OpenStrategy.access$0(OpenStrategy.java:246)
	at org.eclipse.jface.util.OpenStrategy$1.handleEvent(OpenStrategy.java:307)
	at org.eclipse.swt.widgets.EventTable.sendEvent(EventTable.java:84)
	at org.eclipse.swt.widgets.Widget.sendEvent(Widget.java:1053)
	at org.eclipse.swt.widgets.Display.runDeferredEvents(Display.java:4165)
	at org.eclipse.swt.widgets.Display.readAndDispatch(Display.java:3754)
	at org.eclipse.ui.internal.Workbench.runEventLoop(Workbench.java:2701)
	at org.eclipse.ui.internal.Workbench.runUI(Workbench.java:2665)
	at org.eclipse.ui.internal.Workbench.access$4(Workbench.java:2499)
	at org.eclipse.ui.internal.Workbench$7.run(Workbench.java:679)
	at org.eclipse.core.databinding.observable.Realm.runWithDefault(Realm.java:332)
	at org.eclipse.ui.internal.Workbench.createAndRunWorkbench(Workbench.java:668)
	at org.eclipse.ui.PlatformUI.createAndRunWorkbench(PlatformUI.java:149)
	at org.eclipse.ui.internal.ide.application.IDEApplication.start(IDEApplication.java:123)
	at org.eclipse.equinox.internal.app.EclipseAppHandle.run(EclipseAppHandle.java:196)
	at org.eclipse.core.runtime.internal.adaptor.EclipseAppLauncher.runApplication(EclipseAppLauncher.java:110)
	at org.eclipse.core.runtime.internal.adaptor.EclipseAppLauncher.start(EclipseAppLauncher.java:79)
	at org.eclipse.core.runtime.adaptor.EclipseStarter.run(EclipseStarter.java:344)
	at org.eclipse.core.runtime.adaptor.EclipseStarter.run(EclipseStarter.java:179)
	at sun.reflect.NativeMethodAccessorImpl.invoke0(Native Method)
	at sun.reflect.NativeMethodAccessorImpl.invoke(Unknown Source)
	at sun.reflect.DelegatingMethodAccessorImpl.invoke(Unknown Source)
	at java.lang.reflect.Method.invoke(Unknown Source)
	at org.eclipse.equinox.launcher.Main.invokeFramework(Main.java:622)
	at org.eclipse.equinox.launcher.Main.basicRun(Main.java:577)
	at org.eclipse.equinox.launcher.Main.run(Main.java:1410)
Caused by: java.sql.SQLException: No value specified for parameter 1
	at com.mysql.jdbc.SQLError.createSQLException(SQLError.java:1073)
	at com.mysql.jdbc.SQLError.createSQLException(SQLError.java:987)
	at com.mysql.jdbc.SQLError.createSQLException(SQLError.java:982)
	at com.mysql.jdbc.SQLError.createSQLException(SQLError.java:927)
	at com.mysql.jdbc.PreparedStatement.checkAllParametersSet(PreparedStatement.java:2585)
	at com.mysql.jdbc.PreparedStatement.fillSendPacket(PreparedStatement.java:2561)
	at com.mysql.jdbc.PreparedStatement.fillSendPacket(PreparedStatement.java:2487)
	at com.mysql.jdbc.PreparedStatement.executeQuery(PreparedStatement.java:2241)
	at org.eclipse.birt.report.data.oda.jdbc.Statement.executeQuery(Statement.java:460)
	... 88 more

Jan 05, 2013 4:25:14 PM org.eclipse.birt.data.engine.odaconsumer.PreparedStatement getRuntimeMetaData
SEVERE: Cannot get the result set metadata.
org.eclipse.birt.report.data.oda.jdbc.JDBCException: SQL statement does not return a ResultSet object.
SQL error #1:No value specified for parameter 1
 ;
    java.sql.SQLException: No value specified for parameter 1
	at org.eclipse.birt.report.data.oda.jdbc.Statement.executeQuery(Statement.java:464)
	at org.eclipse.birt.report.data.oda.jdbc.Statement.getMetaUsingPolicy1(Statement.java:403)
	at org.eclipse.birt.report.data.oda.jdbc.Statement.getMetaData(Statement.java:303)
	at org.eclipse.birt.report.data.oda.jdbc.bidi.BidiStatement.getMetaData(BidiStatement.java:56)
	at org.eclipse.datatools.connectivity.oda.consumer.helper.OdaQuery.doGetMetaData(OdaQuery.java:412)
	at org.eclipse.datatools.connectivity.oda.consumer.helper.OdaQuery.getMetaData(OdaQuery.java:379)
	at org.eclipse.birt.data.engine.odaconsumer.PreparedStatement.getRuntimeMetaData(PreparedStatement.java:407)
	at org.eclipse.birt.data.engine.odaconsumer.PreparedStatement.getProjectedColumns(PreparedStatement.java:377)
	at org.eclipse.birt.data.engine.odaconsumer.PreparedStatement.doGetMetaData(PreparedStatement.java:347)
	at org.eclipse.birt.data.engine.odaconsumer.PreparedStatement.execute(PreparedStatement.java:563)
	at org.eclipse.birt.data.engine.executor.DataSourceQuery.execute(DataSourceQuery.java:927)
	at org.eclipse.birt.data.engine.impl.PreparedOdaDSQuery$OdaDSQueryExecutor.executeOdiQuery(PreparedOdaDSQuery.java:428)
	at org.eclipse.birt.data.engine.impl.QueryExecutor.execute(QueryExecutor.java:1134)
	at org.eclipse.birt.data.engine.impl.ServiceForQueryResults.executeQuery(ServiceForQueryResults.java:232)
	at org.eclipse.birt.data.engine.impl.QueryResults.getResultIterator(QueryResults.java:177)
	at org.eclipse.birt.data.engine.impl.QueryResults.getResultMetaData(QueryResults.java:132)
	at org.eclipse.birt.report.data.adapter.impl.DataSetMetaDataHelper.getRuntimeMetaData(DataSetMetaDataHelper.java:194)
	at org.eclipse.birt.report.data.adapter.impl.DataSetMetaDataHelper.getRealMetaData(DataSetMetaDataHelper.java:153)
	at org.eclipse.birt.report.data.adapter.impl.DataSetMetaDataHelper.getDataSetMetaData(DataSetMetaDataHelper.java:115)
	at org.eclipse.birt.report.data.adapter.impl.DataSetMetaDataHelper.refreshMetaData(DataSetMetaDataHelper.java:376)
	at org.eclipse.birt.report.data.adapter.impl.DataRequestSessionImpl.refreshMetaData(DataRequestSessionImpl.java:415)
	at org.eclipse.birt.report.designer.data.ui.dataset.ExternalUIUtil.updateColumnCache(ExternalUIUtil.java:108)
	at org.eclipse.birt.report.designer.data.ui.providers.DefaultDataServiceProvider.updateColumnCache(DefaultDataServiceProvider.java:107)
	at org.eclipse.birt.report.designer.internal.ui.data.DataService.updateColumnCache(DataService.java:137)
	at org.eclipse.birt.report.designer.data.ui.dataset.DataSetUIUtil.updateColumnCache(DataSetUIUtil.java:98)
	at org.eclipse.birt.report.designer.data.ui.dataset.DataSetUIUtil.updateColumnCache(DataSetUIUtil.java:51)
	at org.eclipse.birt.report.designer.data.ui.util.DTPUtil.refreshCachedMetaData(DTPUtil.java:230)
	at org.eclipse.birt.report.designer.data.ui.util.DTPUtil.updateDataSetHandle(DTPUtil.java:211)
	at org.eclipse.birt.report.designer.data.ui.dataset.PropertyPageWrapper.canLeave(PropertyPageWrapper.java:124)
	at org.eclipse.birt.report.designer.data.ui.dataset.PropertyPageWrapper.performOk(PropertyPageWrapper.java:95)
	at org.eclipse.birt.report.designer.data.ui.property.AbstractPropertyDialog.okPressed(AbstractPropertyDialog.java:790)
	at org.eclipse.birt.report.designer.data.ui.property.AbstractPropertyDialog.okPressed(AbstractPropertyDialog.java:765)
	at org.eclipse.birt.report.designer.data.ui.dataset.DataSetEditor.okPressed(DataSetEditor.java:681)
	at org.eclipse.birt.report.designer.data.ui.property.AbstractPropertyDialog.buttonPressed(AbstractPropertyDialog.java:650)
	at org.eclipse.jface.dialogs.Dialog$2.widgetSelected(Dialog.java:624)
	at org.eclipse.swt.widgets.TypedListener.handleEvent(TypedListener.java:240)
	at org.eclipse.swt.widgets.EventTable.sendEvent(EventTable.java:84)
	at org.eclipse.swt.widgets.Widget.sendEvent(Widget.java:1053)
	at org.eclipse.swt.widgets.Display.runDeferredEvents(Display.java:4165)
	at org.eclipse.swt.widgets.Display.readAndDispatch(Display.java:3754)
	at org.eclipse.jface.window.Window.runEventLoop(Window.java:825)
	at org.eclipse.jface.window.Window.open(Window.java:801)
	at org.eclipse.birt.report.designer.ui.dialogs.BaseDialog.open(BaseDialog.java:111)
	at org.eclipse.birt.report.designer.data.ui.providers.EditableDataSetNodeProvider.performEdit(EditableDataSetNodeProvider.java:102)
	at org.eclipse.birt.report.designer.internal.ui.views.DefaultNodeProvider.performRequest(DefaultNodeProvider.java:442)
	at org.eclipse.birt.report.designer.internal.ui.views.actions.EditAction.doAction(EditAction.java:90)
	at org.eclipse.birt.report.designer.internal.ui.views.actions.AbstractElementAction.run(AbstractElementAction.java:70)
	at org.eclipse.birt.report.designer.internal.ui.views.RenameListener.doubleClick(RenameListener.java:214)
	at org.eclipse.jface.viewers.StructuredViewer$1.run(StructuredViewer.java:845)
	at org.eclipse.core.runtime.SafeRunner.run(SafeRunner.java:42)
	at org.eclipse.ui.internal.JFaceUtil$1.run(JFaceUtil.java:49)
	at org.eclipse.jface.util.SafeRunnable.run(SafeRunnable.java:175)
	at org.eclipse.jface.viewers.StructuredViewer.fireDoubleClick(StructuredViewer.java:843)
	at org.eclipse.jface.viewers.AbstractTreeViewer.handleDoubleSelect(AbstractTreeViewer.java:1462)
	at org.eclipse.jface.viewers.StructuredViewer$4.widgetDefaultSelected(StructuredViewer.java:1246)
	at org.eclipse.jface.util.OpenStrategy.fireDefaultSelectionEvent(OpenStrategy.java:249)
	at org.eclipse.jface.util.OpenStrategy.access$0(OpenStrategy.java:246)
	at org.eclipse.jface.util.OpenStrategy$1.handleEvent(OpenStrategy.java:307)
	at org.eclipse.swt.widgets.EventTable.sendEvent(EventTable.java:84)
	at org.eclipse.swt.widgets.Widget.sendEvent(Widget.java:1053)
	at org.eclipse.swt.widgets.Display.runDeferredEvents(Display.java:4165)
	at org.eclipse.swt.widgets.Display.readAndDispatch(Display.java:3754)
	at org.eclipse.ui.internal.Workbench.runEventLoop(Workbench.java:2701)
	at org.eclipse.ui.internal.Workbench.runUI(Workbench.java:2665)
	at org.eclipse.ui.internal.Workbench.access$4(Workbench.java:2499)
	at org.eclipse.ui.internal.Workbench$7.run(Workbench.java:679)
	at org.eclipse.core.databinding.observable.Realm.runWithDefault(Realm.java:332)
	at org.eclipse.ui.internal.Workbench.createAndRunWorkbench(Workbench.java:668)
	at org.eclipse.ui.PlatformUI.createAndRunWorkbench(PlatformUI.java:149)
	at org.eclipse.ui.internal.ide.application.IDEApplication.start(IDEApplication.java:123)
	at org.eclipse.equinox.internal.app.EclipseAppHandle.run(EclipseAppHandle.java:196)
	at org.eclipse.core.runtime.internal.adaptor.EclipseAppLauncher.runApplication(EclipseAppLauncher.java:110)
	at org.eclipse.core.runtime.internal.adaptor.EclipseAppLauncher.start(EclipseAppLauncher.java:79)
	at org.eclipse.core.runtime.adaptor.EclipseStarter.run(EclipseStarter.java:344)
	at org.eclipse.core.runtime.adaptor.EclipseStarter.run(EclipseStarter.java:179)
	at sun.reflect.NativeMethodAccessorImpl.invoke0(Native Method)
	at sun.reflect.NativeMethodAccessorImpl.invoke(Unknown Source)
	at sun.reflect.DelegatingMethodAccessorImpl.invoke(Unknown Source)
	at java.lang.reflect.Method.invoke(Unknown Source)
	at org.eclipse.equinox.launcher.Main.invokeFramework(Main.java:622)
	at org.eclipse.equinox.launcher.Main.basicRun(Main.java:577)
	at org.eclipse.equinox.launcher.Main.run(Main.java:1410)
Caused by: java.sql.SQLException: No value specified for parameter 1
	at com.mysql.jdbc.SQLError.createSQLException(SQLError.java:1073)
	at com.mysql.jdbc.SQLError.createSQLException(SQLError.java:987)
	at com.mysql.jdbc.SQLError.createSQLException(SQLError.java:982)
	at com.mysql.jdbc.SQLError.createSQLException(SQLError.java:927)
	at com.mysql.jdbc.PreparedStatement.checkAllParametersSet(PreparedStatement.java:2585)
	at com.mysql.jdbc.PreparedStatement.fillSendPacket(PreparedStatement.java:2561)
	at com.mysql.jdbc.PreparedStatement.fillSendPacket(PreparedStatement.java:2487)
	at com.mysql.jdbc.PreparedStatement.executeQuery(PreparedStatement.java:2241)
	at org.eclipse.birt.report.data.oda.jdbc.Statement.executeQuery(Statement.java:460)
	... 81 more

