Jun 16, 2012 8:36:49 AM org.eclipse.birt.report.model.core.LayoutModule loadLibrarySilently
WARNING: Syntax error found, and see error details.
Error.DesignFileException.SYNTAX_ERROR - 1 errors found! 
1.)  org.eclipse.birt.report.model.parser.DesignParserException (code = Error.DesignParserException.FILE_NOT_FOUND, message : The file "birtTestLib.rptlibrary" is not found.)

	at org.eclipse.birt.report.model.core.LayoutModule.loadLibrary(LayoutModule.java:379)
	at org.eclipse.birt.report.model.core.LayoutModule.loadLibrarySilently(LayoutModule.java:469)
	at org.eclipse.birt.report.model.parser.IncludedLibrariesStructureListState$IncludedLibraryStructureState.end(IncludedLibrariesStructureListState.java:145)
	at org.eclipse.birt.report.model.util.XMLParserHandler.endElement(XMLParserHandler.java:176)
	at com.sun.org.apache.xerces.internal.parsers.AbstractSAXParser.endElement(Unknown Source)
	at com.sun.org.apache.xerces.internal.impl.XMLDocumentFragmentScannerImpl.scanEndElement(Unknown Source)
	at com.sun.org.apache.xerces.internal.impl.XMLDocumentFragmentScannerImpl$FragmentContentDriver.next(Unknown Source)
	at com.sun.org.apache.xerces.internal.impl.XMLDocumentScannerImpl.next(Unknown Source)
	at com.sun.org.apache.xerces.internal.impl.XMLDocumentFragmentScannerImpl.scanDocument(Unknown Source)
	at com.sun.org.apache.xerces.internal.parsers.XML11Configuration.parse(Unknown Source)
	at com.sun.org.apache.xerces.internal.parsers.XML11Configuration.parse(Unknown Source)
	at com.sun.org.apache.xerces.internal.parsers.XMLParser.parse(Unknown Source)
	at com.sun.org.apache.xerces.internal.parsers.AbstractSAXParser.parse(Unknown Source)
	at com.sun.org.apache.xerces.internal.jaxp.SAXParserImpl$JAXPSAXParser.parse(Unknown Source)
	at com.sun.org.apache.xerces.internal.jaxp.SAXParserImpl.parse(Unknown Source)
	at org.eclipse.birt.report.model.parser.ModuleReader.readModule(ModuleReader.java:97)
	at org.eclipse.birt.report.model.parser.DesignReader.read(DesignReader.java:88)
	at org.eclipse.birt.report.model.core.DesignSessionImpl.openDesign(DesignSessionImpl.java:315)
	at org.eclipse.birt.report.model.api.SessionHandleImpl.openDesign(SessionHandleImpl.java:294)
	at org.eclipse.birt.report.engine.parser.ReportParser.getDesignHandle(ReportParser.java:158)
	at org.eclipse.birt.report.engine.api.impl.ReportEngineHelper.getReportDesignHandle(ReportEngineHelper.java:255)
	at org.eclipse.birt.report.engine.api.impl.ReportEngineHelper.openReportDesign(ReportEngineHelper.java:274)
	at org.eclipse.birt.report.engine.api.impl.ReportEngine.openReportDesign(ReportEngine.java:616)
	at org.eclipse.birt.report.service.ReportEngineService.openReportDesign(ReportEngineService.java:387)
	at org.eclipse.birt.report.utility.BirtUtility.getRunnableFromDesignFile(BirtUtility.java:608)
	at org.eclipse.birt.report.context.ViewerAttributeBean.getDesignHandle(ViewerAttributeBean.java:641)
	at org.eclipse.birt.report.context.ViewerAttributeBean.__init(ViewerAttributeBean.java:224)
	at org.eclipse.birt.report.context.BaseAttributeBean.init(BaseAttributeBean.java:233)
	at org.eclipse.birt.report.context.ViewerAttributeBean.<init>(ViewerAttributeBean.java:118)
	at org.eclipse.birt.report.context.BirtContext.__init(BirtContext.java:44)
	at org.eclipse.birt.report.context.BaseContext.<init>(BaseContext.java:69)
	at org.eclipse.birt.report.context.BirtContext.<init>(BirtContext.java:30)
	at org.eclipse.birt.report.servlet.BirtEngineServlet.__getContext(BirtEngineServlet.java:76)
	at org.eclipse.birt.report.servlet.BaseReportEngineServlet.doGet(BaseReportEngineServlet.java:163)
	at javax.servlet.http.HttpServlet.service(HttpServlet.java:707)
	at org.apache.axis.transport.http.AxisServletBase.service(AxisServletBase.java:327)
	at javax.servlet.http.HttpServlet.service(HttpServlet.java:820)
	at org.eclipse.birt.report.servlet.BaseReportEngineServlet.service(BaseReportEngineServlet.java:116)
	at org.eclipse.equinox.http.registry.internal.ServletManager$ServletWrapper.service(ServletManager.java:180)
	at org.eclipse.equinox.http.servlet.internal.ServletRegistration.service(ServletRegistration.java:61)
	at org.eclipse.equinox.http.servlet.internal.ProxyServlet.processAlias(ProxyServlet.java:126)
	at org.eclipse.equinox.http.servlet.internal.ProxyServlet.service(ProxyServlet.java:60)
	at javax.servlet.http.HttpServlet.service(HttpServlet.java:820)
	at org.eclipse.equinox.http.jetty.internal.HttpServerManager$InternalHttpServiceServlet.service(HttpServerManager.java:317)
	at org.mortbay.jetty.servlet.ServletHolder.handle(ServletHolder.java:511)
	at org.mortbay.jetty.servlet.ServletHandler.handle(ServletHandler.java:390)
	at org.mortbay.jetty.servlet.SessionHandler.handle(SessionHandler.java:182)
	at org.mortbay.jetty.handler.ContextHandler.handle(ContextHandler.java:765)
	at org.mortbay.jetty.handler.HandlerWrapper.handle(HandlerWrapper.java:152)
	at org.mortbay.jetty.Server.handle(Server.java:326)
	at org.mortbay.jetty.HttpConnection.handleRequest(HttpConnection.java:542)
	at org.mortbay.jetty.HttpConnection$RequestHandler.headerComplete(HttpConnection.java:924)
	at org.mortbay.jetty.HttpParser.parseNext(HttpParser.java:549)
	at org.mortbay.jetty.HttpParser.parseAvailable(HttpParser.java:212)
	at org.mortbay.jetty.HttpConnection.handle(HttpConnection.java:404)
	at org.mortbay.io.nio.SelectChannelEndPoint.run(SelectChannelEndPoint.java:409)
	at org.mortbay.thread.QueuedThreadPool$PoolThread.run(QueuedThreadPool.java:582)

Jun 16, 2012 8:36:49 AM org.eclipse.birt.report.model.core.LayoutModule loadLibrarySilently
WARNING: Syntax error found, and see error details.
Error.DesignFileException.SYNTAX_ERROR - 1 errors found! 
1.)  org.eclipse.birt.report.model.parser.DesignParserException (code = Error.DesignParserException.FILE_NOT_FOUND, message : The file "fyl_pro.rptlibrary" is not found.)

	at org.eclipse.birt.report.model.core.LayoutModule.loadLibrary(LayoutModule.java:379)
	at org.eclipse.birt.report.model.core.LayoutModule.loadLibrarySilently(LayoutModule.java:469)
	at org.eclipse.birt.report.model.parser.IncludedLibrariesStructureListState$IncludedLibraryStructureState.end(IncludedLibrariesStructureListState.java:145)
	at org.eclipse.birt.report.model.util.XMLParserHandler.endElement(XMLParserHandler.java:176)
	at com.sun.org.apache.xerces.internal.parsers.AbstractSAXParser.endElement(Unknown Source)
	at com.sun.org.apache.xerces.internal.impl.XMLDocumentFragmentScannerImpl.scanEndElement(Unknown Source)
	at com.sun.org.apache.xerces.internal.impl.XMLDocumentFragmentScannerImpl$FragmentContentDriver.next(Unknown Source)
	at com.sun.org.apache.xerces.internal.impl.XMLDocumentScannerImpl.next(Unknown Source)
	at com.sun.org.apache.xerces.internal.impl.XMLDocumentFragmentScannerImpl.scanDocument(Unknown Source)
	at com.sun.org.apache.xerces.internal.parsers.XML11Configuration.parse(Unknown Source)
	at com.sun.org.apache.xerces.internal.parsers.XML11Configuration.parse(Unknown Source)
	at com.sun.org.apache.xerces.internal.parsers.XMLParser.parse(Unknown Source)
	at com.sun.org.apache.xerces.internal.parsers.AbstractSAXParser.parse(Unknown Source)
	at com.sun.org.apache.xerces.internal.jaxp.SAXParserImpl$JAXPSAXParser.parse(Unknown Source)
	at com.sun.org.apache.xerces.internal.jaxp.SAXParserImpl.parse(Unknown Source)
	at org.eclipse.birt.report.model.parser.ModuleReader.readModule(ModuleReader.java:97)
	at org.eclipse.birt.report.model.parser.DesignReader.read(DesignReader.java:88)
	at org.eclipse.birt.report.model.core.DesignSessionImpl.openDesign(DesignSessionImpl.java:315)
	at org.eclipse.birt.report.model.api.SessionHandleImpl.openDesign(SessionHandleImpl.java:294)
	at org.eclipse.birt.report.engine.parser.ReportParser.getDesignHandle(ReportParser.java:158)
	at org.eclipse.birt.report.engine.api.impl.ReportEngineHelper.getReportDesignHandle(ReportEngineHelper.java:255)
	at org.eclipse.birt.report.engine.api.impl.ReportEngineHelper.openReportDesign(ReportEngineHelper.java:274)
	at org.eclipse.birt.report.engine.api.impl.ReportEngine.openReportDesign(ReportEngine.java:616)
	at org.eclipse.birt.report.service.ReportEngineService.openReportDesign(ReportEngineService.java:387)
	at org.eclipse.birt.report.utility.BirtUtility.getRunnableFromDesignFile(BirtUtility.java:608)
	at org.eclipse.birt.report.context.ViewerAttributeBean.getDesignHandle(ViewerAttributeBean.java:641)
	at org.eclipse.birt.report.context.ViewerAttributeBean.__init(ViewerAttributeBean.java:224)
	at org.eclipse.birt.report.context.BaseAttributeBean.init(BaseAttributeBean.java:233)
	at org.eclipse.birt.report.context.ViewerAttributeBean.<init>(ViewerAttributeBean.java:118)
	at org.eclipse.birt.report.context.BirtContext.__init(BirtContext.java:44)
	at org.eclipse.birt.report.context.BaseContext.<init>(BaseContext.java:69)
	at org.eclipse.birt.report.context.BirtContext.<init>(BirtContext.java:30)
	at org.eclipse.birt.report.servlet.BirtEngineServlet.__getContext(BirtEngineServlet.java:76)
	at org.eclipse.birt.report.servlet.BaseReportEngineServlet.doGet(BaseReportEngineServlet.java:163)
	at javax.servlet.http.HttpServlet.service(HttpServlet.java:707)
	at org.apache.axis.transport.http.AxisServletBase.service(AxisServletBase.java:327)
	at javax.servlet.http.HttpServlet.service(HttpServlet.java:820)
	at org.eclipse.birt.report.servlet.BaseReportEngineServlet.service(BaseReportEngineServlet.java:116)
	at org.eclipse.equinox.http.registry.internal.ServletManager$ServletWrapper.service(ServletManager.java:180)
	at org.eclipse.equinox.http.servlet.internal.ServletRegistration.service(ServletRegistration.java:61)
	at org.eclipse.equinox.http.servlet.internal.ProxyServlet.processAlias(ProxyServlet.java:126)
	at org.eclipse.equinox.http.servlet.internal.ProxyServlet.service(ProxyServlet.java:60)
	at javax.servlet.http.HttpServlet.service(HttpServlet.java:820)
	at org.eclipse.equinox.http.jetty.internal.HttpServerManager$InternalHttpServiceServlet.service(HttpServerManager.java:317)
	at org.mortbay.jetty.servlet.ServletHolder.handle(ServletHolder.java:511)
	at org.mortbay.jetty.servlet.ServletHandler.handle(ServletHandler.java:390)
	at org.mortbay.jetty.servlet.SessionHandler.handle(SessionHandler.java:182)
	at org.mortbay.jetty.handler.ContextHandler.handle(ContextHandler.java:765)
	at org.mortbay.jetty.handler.HandlerWrapper.handle(HandlerWrapper.java:152)
	at org.mortbay.jetty.Server.handle(Server.java:326)
	at org.mortbay.jetty.HttpConnection.handleRequest(HttpConnection.java:542)
	at org.mortbay.jetty.HttpConnection$RequestHandler.headerComplete(HttpConnection.java:924)
	at org.mortbay.jetty.HttpParser.parseNext(HttpParser.java:549)
	at org.mortbay.jetty.HttpParser.parseAvailable(HttpParser.java:212)
	at org.mortbay.jetty.HttpConnection.handle(HttpConnection.java:404)
	at org.mortbay.io.nio.SelectChannelEndPoint.run(SelectChannelEndPoint.java:409)
	at org.mortbay.thread.QueuedThreadPool$PoolThread.run(QueuedThreadPool.java:582)

Jun 16, 2012 8:36:53 AM org.eclipse.birt.report.model.core.LayoutModule loadLibrarySilently
WARNING: Syntax error found, and see error details.
Error.DesignFileException.SYNTAX_ERROR - 1 errors found! 
1.)  org.eclipse.birt.report.model.parser.DesignParserException (code = Error.DesignParserException.FILE_NOT_FOUND, message : The file "birtTestLib.rptlibrary" is not found.)

	at org.eclipse.birt.report.model.core.LayoutModule.loadLibrary(LayoutModule.java:379)
	at org.eclipse.birt.report.model.core.LayoutModule.loadLibrarySilently(LayoutModule.java:469)
	at org.eclipse.birt.report.model.parser.IncludedLibrariesStructureListState$IncludedLibraryStructureState.end(IncludedLibrariesStructureListState.java:145)
	at org.eclipse.birt.report.model.util.XMLParserHandler.endElement(XMLParserHandler.java:176)
	at com.sun.org.apache.xerces.internal.parsers.AbstractSAXParser.endElement(Unknown Source)
	at com.sun.org.apache.xerces.internal.impl.XMLDocumentFragmentScannerImpl.scanEndElement(Unknown Source)
	at com.sun.org.apache.xerces.internal.impl.XMLDocumentFragmentScannerImpl$FragmentContentDriver.next(Unknown Source)
	at com.sun.org.apache.xerces.internal.impl.XMLDocumentScannerImpl.next(Unknown Source)
	at com.sun.org.apache.xerces.internal.impl.XMLDocumentFragmentScannerImpl.scanDocument(Unknown Source)
	at com.sun.org.apache.xerces.internal.parsers.XML11Configuration.parse(Unknown Source)
	at com.sun.org.apache.xerces.internal.parsers.XML11Configuration.parse(Unknown Source)
	at com.sun.org.apache.xerces.internal.parsers.XMLParser.parse(Unknown Source)
	at com.sun.org.apache.xerces.internal.parsers.AbstractSAXParser.parse(Unknown Source)
	at com.sun.org.apache.xerces.internal.jaxp.SAXParserImpl$JAXPSAXParser.parse(Unknown Source)
	at com.sun.org.apache.xerces.internal.jaxp.SAXParserImpl.parse(Unknown Source)
	at org.eclipse.birt.report.model.parser.ModuleReader.readModule(ModuleReader.java:97)
	at org.eclipse.birt.report.model.parser.DesignReader.read(DesignReader.java:88)
	at org.eclipse.birt.report.model.core.DesignSessionImpl.openDesign(DesignSessionImpl.java:315)
	at org.eclipse.birt.report.model.api.SessionHandleImpl.openDesign(SessionHandleImpl.java:294)
	at org.eclipse.birt.report.engine.parser.ReportParser.getDesignHandle(ReportParser.java:158)
	at org.eclipse.birt.report.engine.api.impl.ReportEngineHelper.getReportDesignHandle(ReportEngineHelper.java:255)
	at org.eclipse.birt.report.engine.api.impl.ReportEngineHelper.openReportDesign(ReportEngineHelper.java:274)
	at org.eclipse.birt.report.engine.api.impl.ReportEngine.openReportDesign(ReportEngine.java:616)
	at org.eclipse.birt.report.service.ReportEngineService.openReportDesign(ReportEngineService.java:387)
	at org.eclipse.birt.report.utility.BirtUtility.getRunnableFromDesignFile(BirtUtility.java:608)
	at org.eclipse.birt.report.context.ViewerAttributeBean.getDesignHandle(ViewerAttributeBean.java:641)
	at org.eclipse.birt.report.context.ViewerAttributeBean.__init(ViewerAttributeBean.java:224)
	at org.eclipse.birt.report.context.BaseAttributeBean.init(BaseAttributeBean.java:233)
	at org.eclipse.birt.report.context.ViewerAttributeBean.<init>(ViewerAttributeBean.java:118)
	at org.eclipse.birt.report.context.BirtContext.__init(BirtContext.java:44)
	at org.eclipse.birt.report.context.BaseContext.<init>(BaseContext.java:69)
	at org.eclipse.birt.report.context.BirtContext.<init>(BirtContext.java:30)
	at org.eclipse.birt.report.servlet.BirtEngineServlet.__getContext(BirtEngineServlet.java:76)
	at org.eclipse.birt.report.servlet.BaseReportEngineServlet.doGet(BaseReportEngineServlet.java:163)
	at org.eclipse.birt.report.servlet.BaseReportEngineServlet.doPost(BaseReportEngineServlet.java:224)
	at javax.servlet.http.HttpServlet.service(HttpServlet.java:727)
	at org.apache.axis.transport.http.AxisServletBase.service(AxisServletBase.java:327)
	at javax.servlet.http.HttpServlet.service(HttpServlet.java:820)
	at org.eclipse.birt.report.servlet.BaseReportEngineServlet.service(BaseReportEngineServlet.java:116)
	at org.eclipse.equinox.http.registry.internal.ServletManager$ServletWrapper.service(ServletManager.java:180)
	at org.eclipse.equinox.http.servlet.internal.ServletRegistration.service(ServletRegistration.java:61)
	at org.eclipse.equinox.http.servlet.internal.ProxyServlet.processAlias(ProxyServlet.java:126)
	at org.eclipse.equinox.http.servlet.internal.ProxyServlet.service(ProxyServlet.java:60)
	at javax.servlet.http.HttpServlet.service(HttpServlet.java:820)
	at org.eclipse.equinox.http.jetty.internal.HttpServerManager$InternalHttpServiceServlet.service(HttpServerManager.java:317)
	at org.mortbay.jetty.servlet.ServletHolder.handle(ServletHolder.java:511)
	at org.mortbay.jetty.servlet.ServletHandler.handle(ServletHandler.java:390)
	at org.mortbay.jetty.servlet.SessionHandler.handle(SessionHandler.java:182)
	at org.mortbay.jetty.handler.ContextHandler.handle(ContextHandler.java:765)
	at org.mortbay.jetty.handler.HandlerWrapper.handle(HandlerWrapper.java:152)
	at org.mortbay.jetty.Server.handle(Server.java:326)
	at org.mortbay.jetty.HttpConnection.handleRequest(HttpConnection.java:542)
	at org.mortbay.jetty.HttpConnection$RequestHandler.content(HttpConnection.java:939)
	at org.mortbay.jetty.HttpParser.parseNext(HttpParser.java:756)
	at org.mortbay.jetty.HttpParser.parseAvailable(HttpParser.java:212)
	at org.mortbay.jetty.HttpConnection.handle(HttpConnection.java:404)
	at org.mortbay.io.nio.SelectChannelEndPoint.run(SelectChannelEndPoint.java:409)
	at org.mortbay.thread.QueuedThreadPool$PoolThread.run(QueuedThreadPool.java:582)

Jun 16, 2012 8:36:53 AM org.eclipse.birt.report.model.core.LayoutModule loadLibrarySilently
WARNING: Syntax error found, and see error details.
Error.DesignFileException.SYNTAX_ERROR - 1 errors found! 
1.)  org.eclipse.birt.report.model.parser.DesignParserException (code = Error.DesignParserException.FILE_NOT_FOUND, message : The file "fyl_pro.rptlibrary" is not found.)

	at org.eclipse.birt.report.model.core.LayoutModule.loadLibrary(LayoutModule.java:379)
	at org.eclipse.birt.report.model.core.LayoutModule.loadLibrarySilently(LayoutModule.java:469)
	at org.eclipse.birt.report.model.parser.IncludedLibrariesStructureListState$IncludedLibraryStructureState.end(IncludedLibrariesStructureListState.java:145)
	at org.eclipse.birt.report.model.util.XMLParserHandler.endElement(XMLParserHandler.java:176)
	at com.sun.org.apache.xerces.internal.parsers.AbstractSAXParser.endElement(Unknown Source)
	at com.sun.org.apache.xerces.internal.impl.XMLDocumentFragmentScannerImpl.scanEndElement(Unknown Source)
	at com.sun.org.apache.xerces.internal.impl.XMLDocumentFragmentScannerImpl$FragmentContentDriver.next(Unknown Source)
	at com.sun.org.apache.xerces.internal.impl.XMLDocumentScannerImpl.next(Unknown Source)
	at com.sun.org.apache.xerces.internal.impl.XMLDocumentFragmentScannerImpl.scanDocument(Unknown Source)
	at com.sun.org.apache.xerces.internal.parsers.XML11Configuration.parse(Unknown Source)
	at com.sun.org.apache.xerces.internal.parsers.XML11Configuration.parse(Unknown Source)
	at com.sun.org.apache.xerces.internal.parsers.XMLParser.parse(Unknown Source)
	at com.sun.org.apache.xerces.internal.parsers.AbstractSAXParser.parse(Unknown Source)
	at com.sun.org.apache.xerces.internal.jaxp.SAXParserImpl$JAXPSAXParser.parse(Unknown Source)
	at com.sun.org.apache.xerces.internal.jaxp.SAXParserImpl.parse(Unknown Source)
	at org.eclipse.birt.report.model.parser.ModuleReader.readModule(ModuleReader.java:97)
	at org.eclipse.birt.report.model.parser.DesignReader.read(DesignReader.java:88)
	at org.eclipse.birt.report.model.core.DesignSessionImpl.openDesign(DesignSessionImpl.java:315)
	at org.eclipse.birt.report.model.api.SessionHandleImpl.openDesign(SessionHandleImpl.java:294)
	at org.eclipse.birt.report.engine.parser.ReportParser.getDesignHandle(ReportParser.java:158)
	at org.eclipse.birt.report.engine.api.impl.ReportEngineHelper.getReportDesignHandle(ReportEngineHelper.java:255)
	at org.eclipse.birt.report.engine.api.impl.ReportEngineHelper.openReportDesign(ReportEngineHelper.java:274)
	at org.eclipse.birt.report.engine.api.impl.ReportEngine.openReportDesign(ReportEngine.java:616)
	at org.eclipse.birt.report.service.ReportEngineService.openReportDesign(ReportEngineService.java:387)
	at org.eclipse.birt.report.utility.BirtUtility.getRunnableFromDesignFile(BirtUtility.java:608)
	at org.eclipse.birt.report.context.ViewerAttributeBean.getDesignHandle(ViewerAttributeBean.java:641)
	at org.eclipse.birt.report.context.ViewerAttributeBean.__init(ViewerAttributeBean.java:224)
	at org.eclipse.birt.report.context.BaseAttributeBean.init(BaseAttributeBean.java:233)
	at org.eclipse.birt.report.context.ViewerAttributeBean.<init>(ViewerAttributeBean.java:118)
	at org.eclipse.birt.report.context.BirtContext.__init(BirtContext.java:44)
	at org.eclipse.birt.report.context.BaseContext.<init>(BaseContext.java:69)
	at org.eclipse.birt.report.context.BirtContext.<init>(BirtContext.java:30)
	at org.eclipse.birt.report.servlet.BirtEngineServlet.__getContext(BirtEngineServlet.java:76)
	at org.eclipse.birt.report.servlet.BaseReportEngineServlet.doGet(BaseReportEngineServlet.java:163)
	at org.eclipse.birt.report.servlet.BaseReportEngineServlet.doPost(BaseReportEngineServlet.java:224)
	at javax.servlet.http.HttpServlet.service(HttpServlet.java:727)
	at org.apache.axis.transport.http.AxisServletBase.service(AxisServletBase.java:327)
	at javax.servlet.http.HttpServlet.service(HttpServlet.java:820)
	at org.eclipse.birt.report.servlet.BaseReportEngineServlet.service(BaseReportEngineServlet.java:116)
	at org.eclipse.equinox.http.registry.internal.ServletManager$ServletWrapper.service(ServletManager.java:180)
	at org.eclipse.equinox.http.servlet.internal.ServletRegistration.service(ServletRegistration.java:61)
	at org.eclipse.equinox.http.servlet.internal.ProxyServlet.processAlias(ProxyServlet.java:126)
	at org.eclipse.equinox.http.servlet.internal.ProxyServlet.service(ProxyServlet.java:60)
	at javax.servlet.http.HttpServlet.service(HttpServlet.java:820)
	at org.eclipse.equinox.http.jetty.internal.HttpServerManager$InternalHttpServiceServlet.service(HttpServerManager.java:317)
	at org.mortbay.jetty.servlet.ServletHolder.handle(ServletHolder.java:511)
	at org.mortbay.jetty.servlet.ServletHandler.handle(ServletHandler.java:390)
	at org.mortbay.jetty.servlet.SessionHandler.handle(SessionHandler.java:182)
	at org.mortbay.jetty.handler.ContextHandler.handle(ContextHandler.java:765)
	at org.mortbay.jetty.handler.HandlerWrapper.handle(HandlerWrapper.java:152)
	at org.mortbay.jetty.Server.handle(Server.java:326)
	at org.mortbay.jetty.HttpConnection.handleRequest(HttpConnection.java:542)
	at org.mortbay.jetty.HttpConnection$RequestHandler.content(HttpConnection.java:939)
	at org.mortbay.jetty.HttpParser.parseNext(HttpParser.java:756)
	at org.mortbay.jetty.HttpParser.parseAvailable(HttpParser.java:212)
	at org.mortbay.jetty.HttpConnection.handle(HttpConnection.java:404)
	at org.mortbay.io.nio.SelectChannelEndPoint.run(SelectChannelEndPoint.java:409)
	at org.mortbay.thread.QueuedThreadPool$PoolThread.run(QueuedThreadPool.java:582)

Jun 16, 2012 8:36:53 AM org.eclipse.birt.report.model.core.LayoutModule loadLibrarySilently
WARNING: Syntax error found, and see error details.
Error.DesignFileException.SYNTAX_ERROR - 1 errors found! 
1.)  org.eclipse.birt.report.model.parser.DesignParserException (code = Error.DesignParserException.FILE_NOT_FOUND, message : The file "birtTestLib.rptlibrary" is not found.)

	at org.eclipse.birt.report.model.core.LayoutModule.loadLibrary(LayoutModule.java:379)
	at org.eclipse.birt.report.model.core.LayoutModule.loadLibrarySilently(LayoutModule.java:469)
	at org.eclipse.birt.report.model.parser.IncludedLibrariesStructureListState$IncludedLibraryStructureState.end(IncludedLibrariesStructureListState.java:145)
	at org.eclipse.birt.report.model.util.XMLParserHandler.endElement(XMLParserHandler.java:176)
	at com.sun.org.apache.xerces.internal.parsers.AbstractSAXParser.endElement(Unknown Source)
	at com.sun.org.apache.xerces.internal.impl.XMLDocumentFragmentScannerImpl.scanEndElement(Unknown Source)
	at com.sun.org.apache.xerces.internal.impl.XMLDocumentFragmentScannerImpl$FragmentContentDriver.next(Unknown Source)
	at com.sun.org.apache.xerces.internal.impl.XMLDocumentScannerImpl.next(Unknown Source)
	at com.sun.org.apache.xerces.internal.impl.XMLDocumentFragmentScannerImpl.scanDocument(Unknown Source)
	at com.sun.org.apache.xerces.internal.parsers.XML11Configuration.parse(Unknown Source)
	at com.sun.org.apache.xerces.internal.parsers.XML11Configuration.parse(Unknown Source)
	at com.sun.org.apache.xerces.internal.parsers.XMLParser.parse(Unknown Source)
	at com.sun.org.apache.xerces.internal.parsers.AbstractSAXParser.parse(Unknown Source)
	at com.sun.org.apache.xerces.internal.jaxp.SAXParserImpl$JAXPSAXParser.parse(Unknown Source)
	at com.sun.org.apache.xerces.internal.jaxp.SAXParserImpl.parse(Unknown Source)
	at org.eclipse.birt.report.model.parser.ModuleReader.readModule(ModuleReader.java:97)
	at org.eclipse.birt.report.model.parser.DesignReader.read(DesignReader.java:88)
	at org.eclipse.birt.report.model.core.DesignSessionImpl.openDesign(DesignSessionImpl.java:315)
	at org.eclipse.birt.report.model.api.SessionHandleImpl.openDesign(SessionHandleImpl.java:294)
	at org.eclipse.birt.report.engine.parser.ReportParser.getDesignHandle(ReportParser.java:158)
	at org.eclipse.birt.report.engine.api.impl.ReportEngineHelper.getReportDesignHandle(ReportEngineHelper.java:255)
	at org.eclipse.birt.report.engine.api.impl.ReportEngineHelper.openReportDesign(ReportEngineHelper.java:274)
	at org.eclipse.birt.report.engine.api.impl.ReportEngine.openReportDesign(ReportEngine.java:616)
	at org.eclipse.birt.report.service.ReportEngineService.openReportDesign(ReportEngineService.java:387)
	at org.eclipse.birt.report.utility.BirtUtility.getRunnableFromDesignFile(BirtUtility.java:608)
	at org.eclipse.birt.report.context.ViewerAttributeBean.getDesignHandle(ViewerAttributeBean.java:641)
	at org.eclipse.birt.report.context.ViewerAttributeBean.__init(ViewerAttributeBean.java:224)
	at org.eclipse.birt.report.context.BaseAttributeBean.init(BaseAttributeBean.java:233)
	at org.eclipse.birt.report.context.ViewerAttributeBean.<init>(ViewerAttributeBean.java:118)
	at org.eclipse.birt.report.context.BirtContext.__init(BirtContext.java:44)
	at org.eclipse.birt.report.context.BaseContext.<init>(BaseContext.java:69)
	at org.eclipse.birt.report.context.BirtContext.<init>(BirtContext.java:30)
	at org.eclipse.birt.report.servlet.ViewerServlet.__getContext(ViewerServlet.java:150)
	at org.eclipse.birt.report.servlet.BirtSoapMessageDispatcherServlet.doGet(BirtSoapMessageDispatcherServlet.java:151)
	at javax.servlet.http.HttpServlet.service(HttpServlet.java:707)
	at org.apache.axis.transport.http.AxisServletBase.service(AxisServletBase.java:327)
	at javax.servlet.http.HttpServlet.service(HttpServlet.java:820)
	at org.eclipse.birt.report.servlet.BirtSoapMessageDispatcherServlet.service(BirtSoapMessageDispatcherServlet.java:122)
	at org.eclipse.equinox.http.registry.internal.ServletManager$ServletWrapper.service(ServletManager.java:180)
	at org.eclipse.equinox.http.servlet.internal.ServletRegistration.service(ServletRegistration.java:61)
	at org.eclipse.equinox.http.servlet.internal.ProxyServlet.processAlias(ProxyServlet.java:126)
	at org.eclipse.equinox.http.servlet.internal.ProxyServlet.service(ProxyServlet.java:60)
	at javax.servlet.http.HttpServlet.service(HttpServlet.java:820)
	at org.eclipse.equinox.http.jetty.internal.HttpServerManager$InternalHttpServiceServlet.service(HttpServerManager.java:317)
	at org.mortbay.jetty.servlet.ServletHolder.handle(ServletHolder.java:511)
	at org.mortbay.jetty.servlet.ServletHandler.handle(ServletHandler.java:390)
	at org.mortbay.jetty.servlet.SessionHandler.handle(SessionHandler.java:182)
	at org.mortbay.jetty.handler.ContextHandler.handle(ContextHandler.java:765)
	at org.mortbay.jetty.handler.HandlerWrapper.handle(HandlerWrapper.java:152)
	at org.mortbay.jetty.Server.handle(Server.java:326)
	at org.mortbay.jetty.HttpConnection.handleRequest(HttpConnection.java:542)
	at org.mortbay.jetty.HttpConnection$RequestHandler.headerComplete(HttpConnection.java:924)
	at org.mortbay.jetty.HttpParser.parseNext(HttpParser.java:549)
	at org.mortbay.jetty.HttpParser.parseAvailable(HttpParser.java:212)
	at org.mortbay.jetty.HttpConnection.handle(HttpConnection.java:404)
	at org.mortbay.io.nio.SelectChannelEndPoint.run(SelectChannelEndPoint.java:409)
	at org.mortbay.thread.QueuedThreadPool$PoolThread.run(QueuedThreadPool.java:582)

Jun 16, 2012 8:36:53 AM org.eclipse.birt.report.model.core.LayoutModule loadLibrarySilently
WARNING: Syntax error found, and see error details.
Error.DesignFileException.SYNTAX_ERROR - 1 errors found! 
1.)  org.eclipse.birt.report.model.parser.DesignParserException (code = Error.DesignParserException.FILE_NOT_FOUND, message : The file "fyl_pro.rptlibrary" is not found.)

	at org.eclipse.birt.report.model.core.LayoutModule.loadLibrary(LayoutModule.java:379)
	at org.eclipse.birt.report.model.core.LayoutModule.loadLibrarySilently(LayoutModule.java:469)
	at org.eclipse.birt.report.model.parser.IncludedLibrariesStructureListState$IncludedLibraryStructureState.end(IncludedLibrariesStructureListState.java:145)
	at org.eclipse.birt.report.model.util.XMLParserHandler.endElement(XMLParserHandler.java:176)
	at com.sun.org.apache.xerces.internal.parsers.AbstractSAXParser.endElement(Unknown Source)
	at com.sun.org.apache.xerces.internal.impl.XMLDocumentFragmentScannerImpl.scanEndElement(Unknown Source)
	at com.sun.org.apache.xerces.internal.impl.XMLDocumentFragmentScannerImpl$FragmentContentDriver.next(Unknown Source)
	at com.sun.org.apache.xerces.internal.impl.XMLDocumentScannerImpl.next(Unknown Source)
	at com.sun.org.apache.xerces.internal.impl.XMLDocumentFragmentScannerImpl.scanDocument(Unknown Source)
	at com.sun.org.apache.xerces.internal.parsers.XML11Configuration.parse(Unknown Source)
	at com.sun.org.apache.xerces.internal.parsers.XML11Configuration.parse(Unknown Source)
	at com.sun.org.apache.xerces.internal.parsers.XMLParser.parse(Unknown Source)
	at com.sun.org.apache.xerces.internal.parsers.AbstractSAXParser.parse(Unknown Source)
	at com.sun.org.apache.xerces.internal.jaxp.SAXParserImpl$JAXPSAXParser.parse(Unknown Source)
	at com.sun.org.apache.xerces.internal.jaxp.SAXParserImpl.parse(Unknown Source)
	at org.eclipse.birt.report.model.parser.ModuleReader.readModule(ModuleReader.java:97)
	at org.eclipse.birt.report.model.parser.DesignReader.read(DesignReader.java:88)
	at org.eclipse.birt.report.model.core.DesignSessionImpl.openDesign(DesignSessionImpl.java:315)
	at org.eclipse.birt.report.model.api.SessionHandleImpl.openDesign(SessionHandleImpl.java:294)
	at org.eclipse.birt.report.engine.parser.ReportParser.getDesignHandle(ReportParser.java:158)
	at org.eclipse.birt.report.engine.api.impl.ReportEngineHelper.getReportDesignHandle(ReportEngineHelper.java:255)
	at org.eclipse.birt.report.engine.api.impl.ReportEngineHelper.openReportDesign(ReportEngineHelper.java:274)
	at org.eclipse.birt.report.engine.api.impl.ReportEngine.openReportDesign(ReportEngine.java:616)
	at org.eclipse.birt.report.service.ReportEngineService.openReportDesign(ReportEngineService.java:387)
	at org.eclipse.birt.report.utility.BirtUtility.getRunnableFromDesignFile(BirtUtility.java:608)
	at org.eclipse.birt.report.context.ViewerAttributeBean.getDesignHandle(ViewerAttributeBean.java:641)
	at org.eclipse.birt.report.context.ViewerAttributeBean.__init(ViewerAttributeBean.java:224)
	at org.eclipse.birt.report.context.BaseAttributeBean.init(BaseAttributeBean.java:233)
	at org.eclipse.birt.report.context.ViewerAttributeBean.<init>(ViewerAttributeBean.java:118)
	at org.eclipse.birt.report.context.BirtContext.__init(BirtContext.java:44)
	at org.eclipse.birt.report.context.BaseContext.<init>(BaseContext.java:69)
	at org.eclipse.birt.report.context.BirtContext.<init>(BirtContext.java:30)
	at org.eclipse.birt.report.servlet.ViewerServlet.__getContext(ViewerServlet.java:150)
	at org.eclipse.birt.report.servlet.BirtSoapMessageDispatcherServlet.doGet(BirtSoapMessageDispatcherServlet.java:151)
	at javax.servlet.http.HttpServlet.service(HttpServlet.java:707)
	at org.apache.axis.transport.http.AxisServletBase.service(AxisServletBase.java:327)
	at javax.servlet.http.HttpServlet.service(HttpServlet.java:820)
	at org.eclipse.birt.report.servlet.BirtSoapMessageDispatcherServlet.service(BirtSoapMessageDispatcherServlet.java:122)
	at org.eclipse.equinox.http.registry.internal.ServletManager$ServletWrapper.service(ServletManager.java:180)
	at org.eclipse.equinox.http.servlet.internal.ServletRegistration.service(ServletRegistration.java:61)
	at org.eclipse.equinox.http.servlet.internal.ProxyServlet.processAlias(ProxyServlet.java:126)
	at org.eclipse.equinox.http.servlet.internal.ProxyServlet.service(ProxyServlet.java:60)
	at javax.servlet.http.HttpServlet.service(HttpServlet.java:820)
	at org.eclipse.equinox.http.jetty.internal.HttpServerManager$InternalHttpServiceServlet.service(HttpServerManager.java:317)
	at org.mortbay.jetty.servlet.ServletHolder.handle(ServletHolder.java:511)
	at org.mortbay.jetty.servlet.ServletHandler.handle(ServletHandler.java:390)
	at org.mortbay.jetty.servlet.SessionHandler.handle(SessionHandler.java:182)
	at org.mortbay.jetty.handler.ContextHandler.handle(ContextHandler.java:765)
	at org.mortbay.jetty.handler.HandlerWrapper.handle(HandlerWrapper.java:152)
	at org.mortbay.jetty.Server.handle(Server.java:326)
	at org.mortbay.jetty.HttpConnection.handleRequest(HttpConnection.java:542)
	at org.mortbay.jetty.HttpConnection$RequestHandler.headerComplete(HttpConnection.java:924)
	at org.mortbay.jetty.HttpParser.parseNext(HttpParser.java:549)
	at org.mortbay.jetty.HttpParser.parseAvailable(HttpParser.java:212)
	at org.mortbay.jetty.HttpConnection.handle(HttpConnection.java:404)
	at org.mortbay.io.nio.SelectChannelEndPoint.run(SelectChannelEndPoint.java:409)
	at org.mortbay.thread.QueuedThreadPool$PoolThread.run(QueuedThreadPool.java:582)

Jun 16, 2012 8:36:54 AM org.eclipse.birt.report.model.core.LayoutModule loadLibrarySilently
WARNING: Syntax error found, and see error details.
Error.DesignFileException.SYNTAX_ERROR - 1 errors found! 
1.)  org.eclipse.birt.report.model.parser.DesignParserException (code = Error.DesignParserException.FILE_NOT_FOUND, message : The file "birtTestLib.rptlibrary" is not found.)

	at org.eclipse.birt.report.model.core.LayoutModule.loadLibrary(LayoutModule.java:379)
	at org.eclipse.birt.report.model.core.LayoutModule.loadLibrarySilently(LayoutModule.java:469)
	at org.eclipse.birt.report.model.parser.IncludedLibrariesStructureListState$IncludedLibraryStructureState.end(IncludedLibrariesStructureListState.java:145)
	at org.eclipse.birt.report.model.util.XMLParserHandler.endElement(XMLParserHandler.java:176)
	at com.sun.org.apache.xerces.internal.parsers.AbstractSAXParser.endElement(Unknown Source)
	at com.sun.org.apache.xerces.internal.impl.XMLDocumentFragmentScannerImpl.scanEndElement(Unknown Source)
	at com.sun.org.apache.xerces.internal.impl.XMLDocumentFragmentScannerImpl$FragmentContentDriver.next(Unknown Source)
	at com.sun.org.apache.xerces.internal.impl.XMLDocumentScannerImpl.next(Unknown Source)
	at com.sun.org.apache.xerces.internal.impl.XMLDocumentFragmentScannerImpl.scanDocument(Unknown Source)
	at com.sun.org.apache.xerces.internal.parsers.XML11Configuration.parse(Unknown Source)
	at com.sun.org.apache.xerces.internal.parsers.XML11Configuration.parse(Unknown Source)
	at com.sun.org.apache.xerces.internal.parsers.XMLParser.parse(Unknown Source)
	at com.sun.org.apache.xerces.internal.parsers.AbstractSAXParser.parse(Unknown Source)
	at com.sun.org.apache.xerces.internal.jaxp.SAXParserImpl$JAXPSAXParser.parse(Unknown Source)
	at com.sun.org.apache.xerces.internal.jaxp.SAXParserImpl.parse(Unknown Source)
	at org.eclipse.birt.report.model.parser.ModuleReader.readModule(ModuleReader.java:97)
	at org.eclipse.birt.report.model.parser.DesignReader.read(DesignReader.java:88)
	at org.eclipse.birt.report.model.core.DesignSessionImpl.openDesign(DesignSessionImpl.java:315)
	at org.eclipse.birt.report.model.api.SessionHandleImpl.openDesign(SessionHandleImpl.java:294)
	at org.eclipse.birt.report.engine.parser.ReportParser.getDesignHandle(ReportParser.java:158)
	at org.eclipse.birt.report.engine.api.impl.ReportEngineHelper.getReportDesignHandle(ReportEngineHelper.java:255)
	at org.eclipse.birt.report.engine.api.impl.ReportEngineHelper.openReportDesign(ReportEngineHelper.java:274)
	at org.eclipse.birt.report.engine.api.impl.ReportEngine.openReportDesign(ReportEngine.java:616)
	at org.eclipse.birt.report.service.ReportEngineService.openReportDesign(ReportEngineService.java:387)
	at org.eclipse.birt.report.utility.BirtUtility.getRunnableFromDesignFile(BirtUtility.java:608)
	at org.eclipse.birt.report.context.ViewerAttributeBean.getDesignHandle(ViewerAttributeBean.java:641)
	at org.eclipse.birt.report.context.ViewerAttributeBean.__init(ViewerAttributeBean.java:224)
	at org.eclipse.birt.report.context.BaseAttributeBean.init(BaseAttributeBean.java:233)
	at org.eclipse.birt.report.context.ViewerAttributeBean.<init>(ViewerAttributeBean.java:118)
	at org.eclipse.birt.report.context.BirtContext.__init(BirtContext.java:44)
	at org.eclipse.birt.report.context.BaseContext.<init>(BaseContext.java:69)
	at org.eclipse.birt.report.context.BirtContext.<init>(BirtContext.java:30)
	at org.eclipse.birt.report.servlet.ViewerServlet.__getContext(ViewerServlet.java:150)
	at org.eclipse.birt.report.servlet.BirtSoapMessageDispatcherServlet.doPost(BirtSoapMessageDispatcherServlet.java:243)
	at javax.servlet.http.HttpServlet.service(HttpServlet.java:727)
	at org.apache.axis.transport.http.AxisServletBase.service(AxisServletBase.java:327)
	at javax.servlet.http.HttpServlet.service(HttpServlet.java:820)
	at org.eclipse.birt.report.servlet.BirtSoapMessageDispatcherServlet.service(BirtSoapMessageDispatcherServlet.java:122)
	at org.eclipse.equinox.http.registry.internal.ServletManager$ServletWrapper.service(ServletManager.java:180)
	at org.eclipse.equinox.http.servlet.internal.ServletRegistration.service(ServletRegistration.java:61)
	at org.eclipse.equinox.http.servlet.internal.ProxyServlet.processAlias(ProxyServlet.java:126)
	at org.eclipse.equinox.http.servlet.internal.ProxyServlet.service(ProxyServlet.java:60)
	at javax.servlet.http.HttpServlet.service(HttpServlet.java:820)
	at org.eclipse.equinox.http.jetty.internal.HttpServerManager$InternalHttpServiceServlet.service(HttpServerManager.java:317)
	at org.mortbay.jetty.servlet.ServletHolder.handle(ServletHolder.java:511)
	at org.mortbay.jetty.servlet.ServletHandler.handle(ServletHandler.java:390)
	at org.mortbay.jetty.servlet.SessionHandler.handle(SessionHandler.java:182)
	at org.mortbay.jetty.handler.ContextHandler.handle(ContextHandler.java:765)
	at org.mortbay.jetty.handler.HandlerWrapper.handle(HandlerWrapper.java:152)
	at org.mortbay.jetty.Server.handle(Server.java:326)
	at org.mortbay.jetty.HttpConnection.handleRequest(HttpConnection.java:542)
	at org.mortbay.jetty.HttpConnection$RequestHandler.content(HttpConnection.java:939)
	at org.mortbay.jetty.HttpParser.parseNext(HttpParser.java:756)
	at org.mortbay.jetty.HttpParser.parseAvailable(HttpParser.java:218)
	at org.mortbay.jetty.HttpConnection.handle(HttpConnection.java:404)
	at org.mortbay.io.nio.SelectChannelEndPoint.run(SelectChannelEndPoint.java:409)
	at org.mortbay.thread.QueuedThreadPool$PoolThread.run(QueuedThreadPool.java:582)

Jun 16, 2012 8:36:54 AM org.eclipse.birt.report.model.core.LayoutModule loadLibrarySilently
WARNING: Syntax error found, and see error details.
Error.DesignFileException.SYNTAX_ERROR - 1 errors found! 
1.)  org.eclipse.birt.report.model.parser.DesignParserException (code = Error.DesignParserException.FILE_NOT_FOUND, message : The file "fyl_pro.rptlibrary" is not found.)

	at org.eclipse.birt.report.model.core.LayoutModule.loadLibrary(LayoutModule.java:379)
	at org.eclipse.birt.report.model.core.LayoutModule.loadLibrarySilently(LayoutModule.java:469)
	at org.eclipse.birt.report.model.parser.IncludedLibrariesStructureListState$IncludedLibraryStructureState.end(IncludedLibrariesStructureListState.java:145)
	at org.eclipse.birt.report.model.util.XMLParserHandler.endElement(XMLParserHandler.java:176)
	at com.sun.org.apache.xerces.internal.parsers.AbstractSAXParser.endElement(Unknown Source)
	at com.sun.org.apache.xerces.internal.impl.XMLDocumentFragmentScannerImpl.scanEndElement(Unknown Source)
	at com.sun.org.apache.xerces.internal.impl.XMLDocumentFragmentScannerImpl$FragmentContentDriver.next(Unknown Source)
	at com.sun.org.apache.xerces.internal.impl.XMLDocumentScannerImpl.next(Unknown Source)
	at com.sun.org.apache.xerces.internal.impl.XMLDocumentFragmentScannerImpl.scanDocument(Unknown Source)
	at com.sun.org.apache.xerces.internal.parsers.XML11Configuration.parse(Unknown Source)
	at com.sun.org.apache.xerces.internal.parsers.XML11Configuration.parse(Unknown Source)
	at com.sun.org.apache.xerces.internal.parsers.XMLParser.parse(Unknown Source)
	at com.sun.org.apache.xerces.internal.parsers.AbstractSAXParser.parse(Unknown Source)
	at com.sun.org.apache.xerces.internal.jaxp.SAXParserImpl$JAXPSAXParser.parse(Unknown Source)
	at com.sun.org.apache.xerces.internal.jaxp.SAXParserImpl.parse(Unknown Source)
	at org.eclipse.birt.report.model.parser.ModuleReader.readModule(ModuleReader.java:97)
	at org.eclipse.birt.report.model.parser.DesignReader.read(DesignReader.java:88)
	at org.eclipse.birt.report.model.core.DesignSessionImpl.openDesign(DesignSessionImpl.java:315)
	at org.eclipse.birt.report.model.api.SessionHandleImpl.openDesign(SessionHandleImpl.java:294)
	at org.eclipse.birt.report.engine.parser.ReportParser.getDesignHandle(ReportParser.java:158)
	at org.eclipse.birt.report.engine.api.impl.ReportEngineHelper.getReportDesignHandle(ReportEngineHelper.java:255)
	at org.eclipse.birt.report.engine.api.impl.ReportEngineHelper.openReportDesign(ReportEngineHelper.java:274)
	at org.eclipse.birt.report.engine.api.impl.ReportEngine.openReportDesign(ReportEngine.java:616)
	at org.eclipse.birt.report.service.ReportEngineService.openReportDesign(ReportEngineService.java:387)
	at org.eclipse.birt.report.utility.BirtUtility.getRunnableFromDesignFile(BirtUtility.java:608)
	at org.eclipse.birt.report.context.ViewerAttributeBean.getDesignHandle(ViewerAttributeBean.java:641)
	at org.eclipse.birt.report.context.ViewerAttributeBean.__init(ViewerAttributeBean.java:224)
	at org.eclipse.birt.report.context.BaseAttributeBean.init(BaseAttributeBean.java:233)
	at org.eclipse.birt.report.context.ViewerAttributeBean.<init>(ViewerAttributeBean.java:118)
	at org.eclipse.birt.report.context.BirtContext.__init(BirtContext.java:44)
	at org.eclipse.birt.report.context.BaseContext.<init>(BaseContext.java:69)
	at org.eclipse.birt.report.context.BirtContext.<init>(BirtContext.java:30)
	at org.eclipse.birt.report.servlet.ViewerServlet.__getContext(ViewerServlet.java:150)
	at org.eclipse.birt.report.servlet.BirtSoapMessageDispatcherServlet.doPost(BirtSoapMessageDispatcherServlet.java:243)
	at javax.servlet.http.HttpServlet.service(HttpServlet.java:727)
	at org.apache.axis.transport.http.AxisServletBase.service(AxisServletBase.java:327)
	at javax.servlet.http.HttpServlet.service(HttpServlet.java:820)
	at org.eclipse.birt.report.servlet.BirtSoapMessageDispatcherServlet.service(BirtSoapMessageDispatcherServlet.java:122)
	at org.eclipse.equinox.http.registry.internal.ServletManager$ServletWrapper.service(ServletManager.java:180)
	at org.eclipse.equinox.http.servlet.internal.ServletRegistration.service(ServletRegistration.java:61)
	at org.eclipse.equinox.http.servlet.internal.ProxyServlet.processAlias(ProxyServlet.java:126)
	at org.eclipse.equinox.http.servlet.internal.ProxyServlet.service(ProxyServlet.java:60)
	at javax.servlet.http.HttpServlet.service(HttpServlet.java:820)
	at org.eclipse.equinox.http.jetty.internal.HttpServerManager$InternalHttpServiceServlet.service(HttpServerManager.java:317)
	at org.mortbay.jetty.servlet.ServletHolder.handle(ServletHolder.java:511)
	at org.mortbay.jetty.servlet.ServletHandler.handle(ServletHandler.java:390)
	at org.mortbay.jetty.servlet.SessionHandler.handle(SessionHandler.java:182)
	at org.mortbay.jetty.handler.ContextHandler.handle(ContextHandler.java:765)
	at org.mortbay.jetty.handler.HandlerWrapper.handle(HandlerWrapper.java:152)
	at org.mortbay.jetty.Server.handle(Server.java:326)
	at org.mortbay.jetty.HttpConnection.handleRequest(HttpConnection.java:542)
	at org.mortbay.jetty.HttpConnection$RequestHandler.content(HttpConnection.java:939)
	at org.mortbay.jetty.HttpParser.parseNext(HttpParser.java:756)
	at org.mortbay.jetty.HttpParser.parseAvailable(HttpParser.java:218)
	at org.mortbay.jetty.HttpConnection.handle(HttpConnection.java:404)
	at org.mortbay.io.nio.SelectChannelEndPoint.run(SelectChannelEndPoint.java:409)
	at org.mortbay.thread.QueuedThreadPool$PoolThread.run(QueuedThreadPool.java:582)

Jun 16, 2012 8:36:56 AM org.eclipse.birt.data.engine.odaconsumer.ConnectionManager openConnection
SEVERE: Unable to open connection.
org.eclipse.birt.report.data.oda.jdbc.JDBCException: There is an error in get connection, Unknown database 'nl_db'.
	at org.eclipse.birt.report.data.oda.jdbc.JDBCDriverManager.doConnect(JDBCDriverManager.java:304)
	at org.eclipse.birt.report.data.oda.jdbc.JDBCDriverManager.getConnection(JDBCDriverManager.java:232)
	at org.eclipse.birt.report.data.oda.jdbc.Connection.connectByUrl(Connection.java:243)
	at org.eclipse.birt.report.data.oda.jdbc.Connection.open(Connection.java:162)
	at org.eclipse.datatools.connectivity.oda.consumer.helper.OdaConnection.open(OdaConnection.java:250)
	at org.eclipse.birt.data.engine.odaconsumer.ConnectionManager.openConnection(ConnectionManager.java:165)
	at org.eclipse.birt.data.engine.executor.DataSource.newConnection(DataSource.java:224)
	at org.eclipse.birt.data.engine.executor.DataSource.open(DataSource.java:212)
	at org.eclipse.birt.data.engine.impl.DataSourceRuntime.openOdiDataSource(DataSourceRuntime.java:217)
	at org.eclipse.birt.data.engine.impl.QueryExecutor.openDataSource(QueryExecutor.java:407)
	at org.eclipse.birt.data.engine.impl.QueryExecutor.prepareExecution(QueryExecutor.java:317)
	at org.eclipse.birt.data.engine.impl.PreparedQuery.doPrepare(PreparedQuery.java:455)
	at org.eclipse.birt.data.engine.impl.PreparedDataSourceQuery.produceQueryResults(PreparedDataSourceQuery.java:190)
	at org.eclipse.birt.data.engine.impl.PreparedDataSourceQuery.execute(PreparedDataSourceQuery.java:178)
	at org.eclipse.birt.data.engine.impl.PreparedOdaDSQuery.execute(PreparedOdaDSQuery.java:145)
	at org.eclipse.birt.report.data.adapter.impl.DataRequestSessionImpl.execute(DataRequestSessionImpl.java:624)
	at org.eclipse.birt.report.engine.data.dte.DteDataEngine.doExecuteQuery(DteDataEngine.java:152)
	at org.eclipse.birt.report.engine.data.dte.AbstractDataEngine.execute(AbstractDataEngine.java:267)
	at org.eclipse.birt.report.engine.executor.ExecutionContext.executeQuery(ExecutionContext.java:1939)
	at org.eclipse.birt.report.engine.executor.QueryItemExecutor.executeQuery(QueryItemExecutor.java:80)
	at org.eclipse.birt.report.engine.executor.TableItemExecutor.execute(TableItemExecutor.java:62)
	at org.eclipse.birt.report.engine.internal.executor.dup.SuppressDuplicateItemExecutor.execute(SuppressDuplicateItemExecutor.java:43)
	at org.eclipse.birt.report.engine.internal.executor.wrap.WrappedReportItemExecutor.execute(WrappedReportItemExecutor.java:46)
	at org.eclipse.birt.report.engine.internal.executor.l18n.LocalizedReportItemExecutor.execute(LocalizedReportItemExecutor.java:34)
	at org.eclipse.birt.report.engine.layout.html.HTMLBlockStackingLM.layoutNodes(HTMLBlockStackingLM.java:65)
	at org.eclipse.birt.report.engine.layout.html.HTMLPageLM.layout(HTMLPageLM.java:92)
	at org.eclipse.birt.report.engine.layout.html.HTMLReportLayoutEngine.layout(HTMLReportLayoutEngine.java:100)
	at org.eclipse.birt.report.engine.api.impl.RunAndRenderTask.doRun(RunAndRenderTask.java:180)
	at org.eclipse.birt.report.engine.api.impl.RunAndRenderTask.run(RunAndRenderTask.java:77)
	at org.eclipse.birt.report.service.ReportEngineService.runAndRenderReport(ReportEngineService.java:929)
	at org.eclipse.birt.report.service.BirtViewerReportService.runAndRenderReport(BirtViewerReportService.java:973)
	at org.eclipse.birt.report.service.actionhandler.BirtGetPageAllActionHandler.__execute(BirtGetPageAllActionHandler.java:131)
	at org.eclipse.birt.report.service.actionhandler.AbstractBaseActionHandler.execute(AbstractBaseActionHandler.java:90)
	at org.eclipse.birt.report.soapengine.processor.AbstractBaseDocumentProcessor.__executeAction(AbstractBaseDocumentProcessor.java:47)
	at org.eclipse.birt.report.soapengine.processor.AbstractBaseComponentProcessor.executeAction(AbstractBaseComponentProcessor.java:143)
	at org.eclipse.birt.report.soapengine.processor.BirtDocumentProcessor.handleGetPageAll(BirtDocumentProcessor.java:183)
	at sun.reflect.NativeMethodAccessorImpl.invoke0(Native Method)
	at sun.reflect.NativeMethodAccessorImpl.invoke(Unknown Source)
	at sun.reflect.DelegatingMethodAccessorImpl.invoke(Unknown Source)
	at java.lang.reflect.Method.invoke(Unknown Source)
	at org.eclipse.birt.report.soapengine.processor.AbstractBaseComponentProcessor.process(AbstractBaseComponentProcessor.java:112)
	at org.eclipse.birt.report.soapengine.endpoint.BirtSoapBindingImpl.getUpdatedObjects(BirtSoapBindingImpl.java:66)
	at sun.reflect.NativeMethodAccessorImpl.invoke0(Native Method)
	at sun.reflect.NativeMethodAccessorImpl.invoke(Unknown Source)
	at sun.reflect.DelegatingMethodAccessorImpl.invoke(Unknown Source)
	at java.lang.reflect.Method.invoke(Unknown Source)
	at org.apache.axis.providers.java.RPCProvider.invokeMethod(RPCProvider.java:397)
	at org.apache.axis.providers.java.RPCProvider.processMessage(RPCProvider.java:186)
	at org.apache.axis.providers.java.JavaProvider.invoke(JavaProvider.java:323)
	at org.apache.axis.strategies.InvocationStrategy.visit(InvocationStrategy.java:32)
	at org.apache.axis.SimpleChain.doVisiting(SimpleChain.java:118)
	at org.apache.axis.SimpleChain.invoke(SimpleChain.java:83)
	at org.apache.axis.handlers.soap.SOAPService.invoke(SOAPService.java:454)
	at org.apache.axis.server.AxisServer.invoke(AxisServer.java:281)
	at org.apache.axis.transport.http.AxisServlet.doPost(AxisServlet.java:699)
	at org.eclipse.birt.report.servlet.BirtSoapMessageDispatcherServlet.doPost(BirtSoapMessageDispatcherServlet.java:265)
	at javax.servlet.http.HttpServlet.service(HttpServlet.java:727)
	at org.apache.axis.transport.http.AxisServletBase.service(AxisServletBase.java:327)
	at javax.servlet.http.HttpServlet.service(HttpServlet.java:820)
	at org.eclipse.birt.report.servlet.BirtSoapMessageDispatcherServlet.service(BirtSoapMessageDispatcherServlet.java:122)
	at org.eclipse.equinox.http.registry.internal.ServletManager$ServletWrapper.service(ServletManager.java:180)
	at org.eclipse.equinox.http.servlet.internal.ServletRegistration.service(ServletRegistration.java:61)
	at org.eclipse.equinox.http.servlet.internal.ProxyServlet.processAlias(ProxyServlet.java:126)
	at org.eclipse.equinox.http.servlet.internal.ProxyServlet.service(ProxyServlet.java:60)
	at javax.servlet.http.HttpServlet.service(HttpServlet.java:820)
	at org.eclipse.equinox.http.jetty.internal.HttpServerManager$InternalHttpServiceServlet.service(HttpServerManager.java:317)
	at org.mortbay.jetty.servlet.ServletHolder.handle(ServletHolder.java:511)
	at org.mortbay.jetty.servlet.ServletHandler.handle(ServletHandler.java:390)
	at org.mortbay.jetty.servlet.SessionHandler.handle(SessionHandler.java:182)
	at org.mortbay.jetty.handler.ContextHandler.handle(ContextHandler.java:765)
	at org.mortbay.jetty.handler.HandlerWrapper.handle(HandlerWrapper.java:152)
	at org.mortbay.jetty.Server.handle(Server.java:326)
	at org.mortbay.jetty.HttpConnection.handleRequest(HttpConnection.java:542)
	at org.mortbay.jetty.HttpConnection$RequestHandler.content(HttpConnection.java:939)
	at org.mortbay.jetty.HttpParser.parseNext(HttpParser.java:756)
	at org.mortbay.jetty.HttpParser.parseAvailable(HttpParser.java:218)
	at org.mortbay.jetty.HttpConnection.handle(HttpConnection.java:404)
	at org.mortbay.io.nio.SelectChannelEndPoint.run(SelectChannelEndPoint.java:409)
	at org.mortbay.thread.QueuedThreadPool$PoolThread.run(QueuedThreadPool.java:582)

Jun 16, 2012 8:36:56 AM org.eclipse.birt.report.model.core.LayoutModule loadLibrarySilently
WARNING: Syntax error found, and see error details.
Error.DesignFileException.SYNTAX_ERROR - 1 errors found! 
1.)  org.eclipse.birt.report.model.parser.DesignParserException (code = Error.DesignParserException.FILE_NOT_FOUND, message : The file "birtTestLib.rptlibrary" is not found.)

	at org.eclipse.birt.report.model.core.LayoutModule.loadLibrary(LayoutModule.java:379)
	at org.eclipse.birt.report.model.core.LayoutModule.loadLibrarySilently(LayoutModule.java:469)
	at org.eclipse.birt.report.model.parser.IncludedLibrariesStructureListState$IncludedLibraryStructureState.end(IncludedLibrariesStructureListState.java:145)
	at org.eclipse.birt.report.model.util.XMLParserHandler.endElement(XMLParserHandler.java:176)
	at com.sun.org.apache.xerces.internal.parsers.AbstractSAXParser.endElement(Unknown Source)
	at com.sun.org.apache.xerces.internal.impl.XMLDocumentFragmentScannerImpl.scanEndElement(Unknown Source)
	at com.sun.org.apache.xerces.internal.impl.XMLDocumentFragmentScannerImpl$FragmentContentDriver.next(Unknown Source)
	at com.sun.org.apache.xerces.internal.impl.XMLDocumentScannerImpl.next(Unknown Source)
	at com.sun.org.apache.xerces.internal.impl.XMLDocumentFragmentScannerImpl.scanDocument(Unknown Source)
	at com.sun.org.apache.xerces.internal.parsers.XML11Configuration.parse(Unknown Source)
	at com.sun.org.apache.xerces.internal.parsers.XML11Configuration.parse(Unknown Source)
	at com.sun.org.apache.xerces.internal.parsers.XMLParser.parse(Unknown Source)
	at com.sun.org.apache.xerces.internal.parsers.AbstractSAXParser.parse(Unknown Source)
	at com.sun.org.apache.xerces.internal.jaxp.SAXParserImpl$JAXPSAXParser.parse(Unknown Source)
	at com.sun.org.apache.xerces.internal.jaxp.SAXParserImpl.parse(Unknown Source)
	at org.eclipse.birt.report.model.parser.ModuleReader.readModule(ModuleReader.java:97)
	at org.eclipse.birt.report.model.parser.DesignReader.read(DesignReader.java:88)
	at org.eclipse.birt.report.model.core.DesignSessionImpl.openDesign(DesignSessionImpl.java:315)
	at org.eclipse.birt.report.model.api.SessionHandleImpl.openDesign(SessionHandleImpl.java:294)
	at org.eclipse.birt.report.engine.parser.ReportParser.getDesignHandle(ReportParser.java:158)
	at org.eclipse.birt.report.engine.api.impl.ReportEngineHelper.getReportDesignHandle(ReportEngineHelper.java:255)
	at org.eclipse.birt.report.engine.api.impl.ReportEngineHelper.openReportDesign(ReportEngineHelper.java:274)
	at org.eclipse.birt.report.engine.api.impl.ReportEngine.openReportDesign(ReportEngine.java:616)
	at org.eclipse.birt.report.service.ReportEngineService.openReportDesign(ReportEngineService.java:387)
	at org.eclipse.birt.report.utility.BirtUtility.getRunnableFromDesignFile(BirtUtility.java:608)
	at org.eclipse.birt.report.utility.BirtUtility.error(BirtUtility.java:1358)
	at org.eclipse.birt.report.service.ReportEngineService.runAndRenderReport(ReportEngineService.java:944)
	at org.eclipse.birt.report.service.BirtViewerReportService.runAndRenderReport(BirtViewerReportService.java:973)
	at org.eclipse.birt.report.service.actionhandler.BirtGetPageAllActionHandler.__execute(BirtGetPageAllActionHandler.java:131)
	at org.eclipse.birt.report.service.actionhandler.AbstractBaseActionHandler.execute(AbstractBaseActionHandler.java:90)
	at org.eclipse.birt.report.soapengine.processor.AbstractBaseDocumentProcessor.__executeAction(AbstractBaseDocumentProcessor.java:47)
	at org.eclipse.birt.report.soapengine.processor.AbstractBaseComponentProcessor.executeAction(AbstractBaseComponentProcessor.java:143)
	at org.eclipse.birt.report.soapengine.processor.BirtDocumentProcessor.handleGetPageAll(BirtDocumentProcessor.java:183)
	at sun.reflect.NativeMethodAccessorImpl.invoke0(Native Method)
	at sun.reflect.NativeMethodAccessorImpl.invoke(Unknown Source)
	at sun.reflect.DelegatingMethodAccessorImpl.invoke(Unknown Source)
	at java.lang.reflect.Method.invoke(Unknown Source)
	at org.eclipse.birt.report.soapengine.processor.AbstractBaseComponentProcessor.process(AbstractBaseComponentProcessor.java:112)
	at org.eclipse.birt.report.soapengine.endpoint.BirtSoapBindingImpl.getUpdatedObjects(BirtSoapBindingImpl.java:66)
	at sun.reflect.NativeMethodAccessorImpl.invoke0(Native Method)
	at sun.reflect.NativeMethodAccessorImpl.invoke(Unknown Source)
	at sun.reflect.DelegatingMethodAccessorImpl.invoke(Unknown Source)
	at java.lang.reflect.Method.invoke(Unknown Source)
	at org.apache.axis.providers.java.RPCProvider.invokeMethod(RPCProvider.java:397)
	at org.apache.axis.providers.java.RPCProvider.processMessage(RPCProvider.java:186)
	at org.apache.axis.providers.java.JavaProvider.invoke(JavaProvider.java:323)
	at org.apache.axis.strategies.InvocationStrategy.visit(InvocationStrategy.java:32)
	at org.apache.axis.SimpleChain.doVisiting(SimpleChain.java:118)
	at org.apache.axis.SimpleChain.invoke(SimpleChain.java:83)
	at org.apache.axis.handlers.soap.SOAPService.invoke(SOAPService.java:454)
	at org.apache.axis.server.AxisServer.invoke(AxisServer.java:281)
	at org.apache.axis.transport.http.AxisServlet.doPost(AxisServlet.java:699)
	at org.eclipse.birt.report.servlet.BirtSoapMessageDispatcherServlet.doPost(BirtSoapMessageDispatcherServlet.java:265)
	at javax.servlet.http.HttpServlet.service(HttpServlet.java:727)
	at org.apache.axis.transport.http.AxisServletBase.service(AxisServletBase.java:327)
	at javax.servlet.http.HttpServlet.service(HttpServlet.java:820)
	at org.eclipse.birt.report.servlet.BirtSoapMessageDispatcherServlet.service(BirtSoapMessageDispatcherServlet.java:122)
	at org.eclipse.equinox.http.registry.internal.ServletManager$ServletWrapper.service(ServletManager.java:180)
	at org.eclipse.equinox.http.servlet.internal.ServletRegistration.service(ServletRegistration.java:61)
	at org.eclipse.equinox.http.servlet.internal.ProxyServlet.processAlias(ProxyServlet.java:126)
	at org.eclipse.equinox.http.servlet.internal.ProxyServlet.service(ProxyServlet.java:60)
	at javax.servlet.http.HttpServlet.service(HttpServlet.java:820)
	at org.eclipse.equinox.http.jetty.internal.HttpServerManager$InternalHttpServiceServlet.service(HttpServerManager.java:317)
	at org.mortbay.jetty.servlet.ServletHolder.handle(ServletHolder.java:511)
	at org.mortbay.jetty.servlet.ServletHandler.handle(ServletHandler.java:390)
	at org.mortbay.jetty.servlet.SessionHandler.handle(SessionHandler.java:182)
	at org.mortbay.jetty.handler.ContextHandler.handle(ContextHandler.java:765)
	at org.mortbay.jetty.handler.HandlerWrapper.handle(HandlerWrapper.java:152)
	at org.mortbay.jetty.Server.handle(Server.java:326)
	at org.mortbay.jetty.HttpConnection.handleRequest(HttpConnection.java:542)
	at org.mortbay.jetty.HttpConnection$RequestHandler.content(HttpConnection.java:939)
	at org.mortbay.jetty.HttpParser.parseNext(HttpParser.java:756)
	at org.mortbay.jetty.HttpParser.parseAvailable(HttpParser.java:218)
	at org.mortbay.jetty.HttpConnection.handle(HttpConnection.java:404)
	at org.mortbay.io.nio.SelectChannelEndPoint.run(SelectChannelEndPoint.java:409)
	at org.mortbay.thread.QueuedThreadPool$PoolThread.run(QueuedThreadPool.java:582)

Jun 16, 2012 8:36:56 AM org.eclipse.birt.report.model.core.LayoutModule loadLibrarySilently
WARNING: Syntax error found, and see error details.
Error.DesignFileException.SYNTAX_ERROR - 1 errors found! 
1.)  org.eclipse.birt.report.model.parser.DesignParserException (code = Error.DesignParserException.FILE_NOT_FOUND, message : The file "fyl_pro.rptlibrary" is not found.)

	at org.eclipse.birt.report.model.core.LayoutModule.loadLibrary(LayoutModule.java:379)
	at org.eclipse.birt.report.model.core.LayoutModule.loadLibrarySilently(LayoutModule.java:469)
	at org.eclipse.birt.report.model.parser.IncludedLibrariesStructureListState$IncludedLibraryStructureState.end(IncludedLibrariesStructureListState.java:145)
	at org.eclipse.birt.report.model.util.XMLParserHandler.endElement(XMLParserHandler.java:176)
	at com.sun.org.apache.xerces.internal.parsers.AbstractSAXParser.endElement(Unknown Source)
	at com.sun.org.apache.xerces.internal.impl.XMLDocumentFragmentScannerImpl.scanEndElement(Unknown Source)
	at com.sun.org.apache.xerces.internal.impl.XMLDocumentFragmentScannerImpl$FragmentContentDriver.next(Unknown Source)
	at com.sun.org.apache.xerces.internal.impl.XMLDocumentScannerImpl.next(Unknown Source)
	at com.sun.org.apache.xerces.internal.impl.XMLDocumentFragmentScannerImpl.scanDocument(Unknown Source)
	at com.sun.org.apache.xerces.internal.parsers.XML11Configuration.parse(Unknown Source)
	at com.sun.org.apache.xerces.internal.parsers.XML11Configuration.parse(Unknown Source)
	at com.sun.org.apache.xerces.internal.parsers.XMLParser.parse(Unknown Source)
	at com.sun.org.apache.xerces.internal.parsers.AbstractSAXParser.parse(Unknown Source)
	at com.sun.org.apache.xerces.internal.jaxp.SAXParserImpl$JAXPSAXParser.parse(Unknown Source)
	at com.sun.org.apache.xerces.internal.jaxp.SAXParserImpl.parse(Unknown Source)
	at org.eclipse.birt.report.model.parser.ModuleReader.readModule(ModuleReader.java:97)
	at org.eclipse.birt.report.model.parser.DesignReader.read(DesignReader.java:88)
	at org.eclipse.birt.report.model.core.DesignSessionImpl.openDesign(DesignSessionImpl.java:315)
	at org.eclipse.birt.report.model.api.SessionHandleImpl.openDesign(SessionHandleImpl.java:294)
	at org.eclipse.birt.report.engine.parser.ReportParser.getDesignHandle(ReportParser.java:158)
	at org.eclipse.birt.report.engine.api.impl.ReportEngineHelper.getReportDesignHandle(ReportEngineHelper.java:255)
	at org.eclipse.birt.report.engine.api.impl.ReportEngineHelper.openReportDesign(ReportEngineHelper.java:274)
	at org.eclipse.birt.report.engine.api.impl.ReportEngine.openReportDesign(ReportEngine.java:616)
	at org.eclipse.birt.report.service.ReportEngineService.openReportDesign(ReportEngineService.java:387)
	at org.eclipse.birt.report.utility.BirtUtility.getRunnableFromDesignFile(BirtUtility.java:608)
	at org.eclipse.birt.report.utility.BirtUtility.error(BirtUtility.java:1358)
	at org.eclipse.birt.report.service.ReportEngineService.runAndRenderReport(ReportEngineService.java:944)
	at org.eclipse.birt.report.service.BirtViewerReportService.runAndRenderReport(BirtViewerReportService.java:973)
	at org.eclipse.birt.report.service.actionhandler.BirtGetPageAllActionHandler.__execute(BirtGetPageAllActionHandler.java:131)
	at org.eclipse.birt.report.service.actionhandler.AbstractBaseActionHandler.execute(AbstractBaseActionHandler.java:90)
	at org.eclipse.birt.report.soapengine.processor.AbstractBaseDocumentProcessor.__executeAction(AbstractBaseDocumentProcessor.java:47)
	at org.eclipse.birt.report.soapengine.processor.AbstractBaseComponentProcessor.executeAction(AbstractBaseComponentProcessor.java:143)
	at org.eclipse.birt.report.soapengine.processor.BirtDocumentProcessor.handleGetPageAll(BirtDocumentProcessor.java:183)
	at sun.reflect.NativeMethodAccessorImpl.invoke0(Native Method)
	at sun.reflect.NativeMethodAccessorImpl.invoke(Unknown Source)
	at sun.reflect.DelegatingMethodAccessorImpl.invoke(Unknown Source)
	at java.lang.reflect.Method.invoke(Unknown Source)
	at org.eclipse.birt.report.soapengine.processor.AbstractBaseComponentProcessor.process(AbstractBaseComponentProcessor.java:112)
	at org.eclipse.birt.report.soapengine.endpoint.BirtSoapBindingImpl.getUpdatedObjects(BirtSoapBindingImpl.java:66)
	at sun.reflect.NativeMethodAccessorImpl.invoke0(Native Method)
	at sun.reflect.NativeMethodAccessorImpl.invoke(Unknown Source)
	at sun.reflect.DelegatingMethodAccessorImpl.invoke(Unknown Source)
	at java.lang.reflect.Method.invoke(Unknown Source)
	at org.apache.axis.providers.java.RPCProvider.invokeMethod(RPCProvider.java:397)
	at org.apache.axis.providers.java.RPCProvider.processMessage(RPCProvider.java:186)
	at org.apache.axis.providers.java.JavaProvider.invoke(JavaProvider.java:323)
	at org.apache.axis.strategies.InvocationStrategy.visit(InvocationStrategy.java:32)
	at org.apache.axis.SimpleChain.doVisiting(SimpleChain.java:118)
	at org.apache.axis.SimpleChain.invoke(SimpleChain.java:83)
	at org.apache.axis.handlers.soap.SOAPService.invoke(SOAPService.java:454)
	at org.apache.axis.server.AxisServer.invoke(AxisServer.java:281)
	at org.apache.axis.transport.http.AxisServlet.doPost(AxisServlet.java:699)
	at org.eclipse.birt.report.servlet.BirtSoapMessageDispatcherServlet.doPost(BirtSoapMessageDispatcherServlet.java:265)
	at javax.servlet.http.HttpServlet.service(HttpServlet.java:727)
	at org.apache.axis.transport.http.AxisServletBase.service(AxisServletBase.java:327)
	at javax.servlet.http.HttpServlet.service(HttpServlet.java:820)
	at org.eclipse.birt.report.servlet.BirtSoapMessageDispatcherServlet.service(BirtSoapMessageDispatcherServlet.java:122)
	at org.eclipse.equinox.http.registry.internal.ServletManager$ServletWrapper.service(ServletManager.java:180)
	at org.eclipse.equinox.http.servlet.internal.ServletRegistration.service(ServletRegistration.java:61)
	at org.eclipse.equinox.http.servlet.internal.ProxyServlet.processAlias(ProxyServlet.java:126)
	at org.eclipse.equinox.http.servlet.internal.ProxyServlet.service(ProxyServlet.java:60)
	at javax.servlet.http.HttpServlet.service(HttpServlet.java:820)
	at org.eclipse.equinox.http.jetty.internal.HttpServerManager$InternalHttpServiceServlet.service(HttpServerManager.java:317)
	at org.mortbay.jetty.servlet.ServletHolder.handle(ServletHolder.java:511)
	at org.mortbay.jetty.servlet.ServletHandler.handle(ServletHandler.java:390)
	at org.mortbay.jetty.servlet.SessionHandler.handle(SessionHandler.java:182)
	at org.mortbay.jetty.handler.ContextHandler.handle(ContextHandler.java:765)
	at org.mortbay.jetty.handler.HandlerWrapper.handle(HandlerWrapper.java:152)
	at org.mortbay.jetty.Server.handle(Server.java:326)
	at org.mortbay.jetty.HttpConnection.handleRequest(HttpConnection.java:542)
	at org.mortbay.jetty.HttpConnection$RequestHandler.content(HttpConnection.java:939)
	at org.mortbay.jetty.HttpParser.parseNext(HttpParser.java:756)
	at org.mortbay.jetty.HttpParser.parseAvailable(HttpParser.java:218)
	at org.mortbay.jetty.HttpConnection.handle(HttpConnection.java:404)
	at org.mortbay.io.nio.SelectChannelEndPoint.run(SelectChannelEndPoint.java:409)
	at org.mortbay.thread.QueuedThreadPool$PoolThread.run(QueuedThreadPool.java:582)

Jun 16, 2012 8:37:06 AM org.eclipse.birt.data.engine.odaconsumer.ConnectionManager openConnection
SEVERE: Unable to open connection.
org.eclipse.birt.report.data.oda.jdbc.JDBCException: There is an error in get connection, Unknown database 'nl_db'. ;
    org.eclipse.datatools.connectivity.oda.OdaException: Unable to find or access the named profile (nl Data Source) in profile store path (C:\xampp\htdocs\nl_pro\report\.metadata\.plugins\org.eclipse.datatools.connectivity\ServerProfiles.dat). ;
    org.eclipse.datatools.connectivity.oda.OdaException: The ResourceIdentifiers (org.eclipse.datatools.connectivity.oda.util.ResourceIdentifiers) provided in the appContext was unable to resolve the connection profile store file's relative path (file:/C:/xampp/htdocs/nl_pro/report/.metadata/.plugins/org.eclipse.datatools.connectivity/ServerProfiles.dat).
Please check that the file is located under the application resources folder: file:/Z:/report/nl_proRpt/ ;
    org.eclipse.datatools.connectivity.oda.OdaException ;
    java.net.MalformedURLException: unknown protocol: c
	at org.eclipse.birt.report.data.oda.jdbc.JDBCDriverManager.doConnect(JDBCDriverManager.java:304)
	at org.eclipse.birt.report.data.oda.jdbc.JDBCDriverManager.getConnection(JDBCDriverManager.java:232)
	at org.eclipse.birt.report.data.oda.jdbc.Connection.connectByUrl(Connection.java:243)
	at org.eclipse.birt.report.data.oda.jdbc.Connection.open(Connection.java:162)
	at org.eclipse.datatools.connectivity.oda.consumer.helper.OdaConnection.open(OdaConnection.java:250)
	at org.eclipse.birt.data.engine.odaconsumer.ConnectionManager.openConnection(ConnectionManager.java:165)
	at org.eclipse.birt.data.engine.executor.DataSource.newConnection(DataSource.java:224)
	at org.eclipse.birt.data.engine.executor.DataSource.open(DataSource.java:212)
	at org.eclipse.birt.data.engine.impl.DataSourceRuntime.openOdiDataSource(DataSourceRuntime.java:217)
	at org.eclipse.birt.data.engine.impl.QueryExecutor.openDataSource(QueryExecutor.java:407)
	at org.eclipse.birt.data.engine.impl.QueryExecutor.prepareExecution(QueryExecutor.java:317)
	at org.eclipse.birt.data.engine.impl.PreparedQuery.doPrepare(PreparedQuery.java:455)
	at org.eclipse.birt.data.engine.impl.PreparedDataSourceQuery.produceQueryResults(PreparedDataSourceQuery.java:190)
	at org.eclipse.birt.data.engine.impl.PreparedDataSourceQuery.execute(PreparedDataSourceQuery.java:178)
	at org.eclipse.birt.data.engine.impl.PreparedOdaDSQuery.execute(PreparedOdaDSQuery.java:145)
	at org.eclipse.birt.report.data.adapter.impl.DataRequestSessionImpl.execute(DataRequestSessionImpl.java:624)
	at org.eclipse.birt.report.engine.data.dte.DteDataEngine.doExecuteQuery(DteDataEngine.java:152)
	at org.eclipse.birt.report.engine.data.dte.AbstractDataEngine.execute(AbstractDataEngine.java:267)
	at org.eclipse.birt.report.engine.executor.ExecutionContext.executeQuery(ExecutionContext.java:1939)
	at org.eclipse.birt.report.engine.executor.QueryItemExecutor.executeQuery(QueryItemExecutor.java:80)
	at org.eclipse.birt.report.engine.executor.TableItemExecutor.execute(TableItemExecutor.java:62)
	at org.eclipse.birt.report.engine.internal.executor.dup.SuppressDuplicateItemExecutor.execute(SuppressDuplicateItemExecutor.java:43)
	at org.eclipse.birt.report.engine.internal.executor.wrap.WrappedReportItemExecutor.execute(WrappedReportItemExecutor.java:46)
	at org.eclipse.birt.report.engine.internal.executor.l18n.LocalizedReportItemExecutor.execute(LocalizedReportItemExecutor.java:34)
	at org.eclipse.birt.report.engine.layout.html.HTMLBlockStackingLM.layoutNodes(HTMLBlockStackingLM.java:65)
	at org.eclipse.birt.report.engine.layout.html.HTMLPageLM.layout(HTMLPageLM.java:92)
	at org.eclipse.birt.report.engine.layout.html.HTMLReportLayoutEngine.layout(HTMLReportLayoutEngine.java:100)
	at org.eclipse.birt.report.engine.api.impl.RunAndRenderTask.doRun(RunAndRenderTask.java:180)
	at org.eclipse.birt.report.engine.api.impl.RunAndRenderTask.run(RunAndRenderTask.java:77)
	at org.eclipse.birt.report.service.ReportEngineService.runAndRenderReport(ReportEngineService.java:929)
	at org.eclipse.birt.report.service.BirtViewerReportService.runAndRenderReport(BirtViewerReportService.java:973)
	at org.eclipse.birt.report.service.actionhandler.BirtGetPageAllActionHandler.__execute(BirtGetPageAllActionHandler.java:131)
	at org.eclipse.birt.report.service.actionhandler.AbstractBaseActionHandler.execute(AbstractBaseActionHandler.java:90)
	at org.eclipse.birt.report.soapengine.processor.AbstractBaseDocumentProcessor.__executeAction(AbstractBaseDocumentProcessor.java:47)
	at org.eclipse.birt.report.soapengine.processor.AbstractBaseComponentProcessor.executeAction(AbstractBaseComponentProcessor.java:143)
	at org.eclipse.birt.report.soapengine.processor.BirtDocumentProcessor.handleGetPageAll(BirtDocumentProcessor.java:183)
	at sun.reflect.NativeMethodAccessorImpl.invoke0(Native Method)
	at sun.reflect.NativeMethodAccessorImpl.invoke(Unknown Source)
	at sun.reflect.DelegatingMethodAccessorImpl.invoke(Unknown Source)
	at java.lang.reflect.Method.invoke(Unknown Source)
	at org.eclipse.birt.report.soapengine.processor.AbstractBaseComponentProcessor.process(AbstractBaseComponentProcessor.java:112)
	at org.eclipse.birt.report.soapengine.endpoint.BirtSoapBindingImpl.getUpdatedObjects(BirtSoapBindingImpl.java:66)
	at sun.reflect.NativeMethodAccessorImpl.invoke0(Native Method)
	at sun.reflect.NativeMethodAccessorImpl.invoke(Unknown Source)
	at sun.reflect.DelegatingMethodAccessorImpl.invoke(Unknown Source)
	at java.lang.reflect.Method.invoke(Unknown Source)
	at org.apache.axis.providers.java.RPCProvider.invokeMethod(RPCProvider.java:397)
	at org.apache.axis.providers.java.RPCProvider.processMessage(RPCProvider.java:186)
	at org.apache.axis.providers.java.JavaProvider.invoke(JavaProvider.java:323)
	at org.apache.axis.strategies.InvocationStrategy.visit(InvocationStrategy.java:32)
	at org.apache.axis.SimpleChain.doVisiting(SimpleChain.java:118)
	at org.apache.axis.SimpleChain.invoke(SimpleChain.java:83)
	at org.apache.axis.handlers.soap.SOAPService.invoke(SOAPService.java:454)
	at org.apache.axis.server.AxisServer.invoke(AxisServer.java:281)
	at org.apache.axis.transport.http.AxisServlet.doPost(AxisServlet.java:699)
	at org.eclipse.birt.report.servlet.BirtSoapMessageDispatcherServlet.doPost(BirtSoapMessageDispatcherServlet.java:265)
	at javax.servlet.http.HttpServlet.service(HttpServlet.java:727)
	at org.apache.axis.transport.http.AxisServletBase.service(AxisServletBase.java:327)
	at javax.servlet.http.HttpServlet.service(HttpServlet.java:820)
	at org.eclipse.birt.report.servlet.BirtSoapMessageDispatcherServlet.service(BirtSoapMessageDispatcherServlet.java:122)
	at org.eclipse.equinox.http.registry.internal.ServletManager$ServletWrapper.service(ServletManager.java:180)
	at org.eclipse.equinox.http.servlet.internal.ServletRegistration.service(ServletRegistration.java:61)
	at org.eclipse.equinox.http.servlet.internal.ProxyServlet.processAlias(ProxyServlet.java:126)
	at org.eclipse.equinox.http.servlet.internal.ProxyServlet.service(ProxyServlet.java:60)
	at javax.servlet.http.HttpServlet.service(HttpServlet.java:820)
	at org.eclipse.equinox.http.jetty.internal.HttpServerManager$InternalHttpServiceServlet.service(HttpServerManager.java:317)
	at org.mortbay.jetty.servlet.ServletHolder.handle(ServletHolder.java:511)
	at org.mortbay.jetty.servlet.ServletHandler.handle(ServletHandler.java:390)
	at org.mortbay.jetty.servlet.SessionHandler.handle(SessionHandler.java:182)
	at org.mortbay.jetty.handler.ContextHandler.handle(ContextHandler.java:765)
	at org.mortbay.jetty.handler.HandlerWrapper.handle(HandlerWrapper.java:152)
	at org.mortbay.jetty.Server.handle(Server.java:326)
	at org.mortbay.jetty.HttpConnection.handleRequest(HttpConnection.java:542)
	at org.mortbay.jetty.HttpConnection$RequestHandler.content(HttpConnection.java:939)
	at org.mortbay.jetty.HttpParser.parseNext(HttpParser.java:756)
	at org.mortbay.jetty.HttpParser.parseAvailable(HttpParser.java:212)
	at org.mortbay.jetty.HttpConnection.handle(HttpConnection.java:404)
	at org.mortbay.io.nio.SelectChannelEndPoint.run(SelectChannelEndPoint.java:409)
	at org.mortbay.thread.QueuedThreadPool$PoolThread.run(QueuedThreadPool.java:582)

Jun 16, 2012 8:38:11 AM org.eclipse.birt.data.engine.odaconsumer.ConnectionManager openConnection
SEVERE: Unable to open connection.
org.eclipse.birt.report.data.oda.jdbc.JDBCException: There is an error in get connection, Unknown database 'nl_db'. ;
    org.eclipse.datatools.connectivity.oda.OdaException: Unable to find or access the named profile (nl Data Source) in profile store path (C:\xampp\htdocs\nl_pro\report\.metadata\.plugins\org.eclipse.datatools.connectivity\ServerProfiles.dat). ;
    org.eclipse.datatools.connectivity.oda.OdaException: The ResourceIdentifiers (org.eclipse.datatools.connectivity.oda.util.ResourceIdentifiers) provided in the appContext was unable to resolve the connection profile store file's relative path (file:/C:/xampp/htdocs/nl_pro/report/.metadata/.plugins/org.eclipse.datatools.connectivity/ServerProfiles.dat).
Please check that the file is located under the application resources folder: file:/Z:/report/nl_proRpt/ ;
    org.eclipse.datatools.connectivity.oda.OdaException ;
    java.net.MalformedURLException: unknown protocol: c
	at org.eclipse.birt.report.data.oda.jdbc.JDBCDriverManager.doConnect(JDBCDriverManager.java:304)
	at org.eclipse.birt.report.data.oda.jdbc.JDBCDriverManager.getConnection(JDBCDriverManager.java:232)
	at org.eclipse.birt.report.data.oda.jdbc.Connection.connectByUrl(Connection.java:243)
	at org.eclipse.birt.report.data.oda.jdbc.Connection.open(Connection.java:162)
	at org.eclipse.datatools.connectivity.oda.consumer.helper.OdaConnection.open(OdaConnection.java:250)
	at org.eclipse.birt.data.engine.odaconsumer.ConnectionManager.openConnection(ConnectionManager.java:165)
	at org.eclipse.birt.data.engine.executor.DataSource.newConnection(DataSource.java:224)
	at org.eclipse.birt.data.engine.executor.DataSource.open(DataSource.java:212)
	at org.eclipse.birt.data.engine.impl.DataSourceRuntime.openOdiDataSource(DataSourceRuntime.java:217)
	at org.eclipse.birt.data.engine.impl.QueryExecutor.openDataSource(QueryExecutor.java:407)
	at org.eclipse.birt.data.engine.impl.QueryExecutor.prepareExecution(QueryExecutor.java:317)
	at org.eclipse.birt.data.engine.impl.PreparedQuery.doPrepare(PreparedQuery.java:455)
	at org.eclipse.birt.data.engine.impl.PreparedDataSourceQuery.produceQueryResults(PreparedDataSourceQuery.java:190)
	at org.eclipse.birt.data.engine.impl.PreparedDataSourceQuery.execute(PreparedDataSourceQuery.java:178)
	at org.eclipse.birt.data.engine.impl.PreparedOdaDSQuery.execute(PreparedOdaDSQuery.java:145)
	at org.eclipse.birt.report.data.adapter.impl.DataRequestSessionImpl.execute(DataRequestSessionImpl.java:624)
	at org.eclipse.birt.report.engine.data.dte.DteDataEngine.doExecuteQuery(DteDataEngine.java:152)
	at org.eclipse.birt.report.engine.data.dte.AbstractDataEngine.execute(AbstractDataEngine.java:267)
	at org.eclipse.birt.report.engine.executor.ExecutionContext.executeQuery(ExecutionContext.java:1939)
	at org.eclipse.birt.report.engine.executor.QueryItemExecutor.executeQuery(QueryItemExecutor.java:80)
	at org.eclipse.birt.report.engine.executor.TableItemExecutor.execute(TableItemExecutor.java:62)
	at org.eclipse.birt.report.engine.internal.executor.dup.SuppressDuplicateItemExecutor.execute(SuppressDuplicateItemExecutor.java:43)
	at org.eclipse.birt.report.engine.internal.executor.wrap.WrappedReportItemExecutor.execute(WrappedReportItemExecutor.java:46)
	at org.eclipse.birt.report.engine.internal.executor.l18n.LocalizedReportItemExecutor.execute(LocalizedReportItemExecutor.java:34)
	at org.eclipse.birt.report.engine.layout.html.HTMLBlockStackingLM.layoutNodes(HTMLBlockStackingLM.java:65)
	at org.eclipse.birt.report.engine.layout.html.HTMLPageLM.layout(HTMLPageLM.java:92)
	at org.eclipse.birt.report.engine.layout.html.HTMLReportLayoutEngine.layout(HTMLReportLayoutEngine.java:100)
	at org.eclipse.birt.report.engine.api.impl.RunAndRenderTask.doRun(RunAndRenderTask.java:180)
	at org.eclipse.birt.report.engine.api.impl.RunAndRenderTask.run(RunAndRenderTask.java:77)
	at org.eclipse.birt.report.service.ReportEngineService.runAndRenderReport(ReportEngineService.java:929)
	at org.eclipse.birt.report.service.BirtViewerReportService.runAndRenderReport(BirtViewerReportService.java:973)
	at org.eclipse.birt.report.service.actionhandler.BirtGetPageAllActionHandler.__execute(BirtGetPageAllActionHandler.java:131)
	at org.eclipse.birt.report.service.actionhandler.AbstractBaseActionHandler.execute(AbstractBaseActionHandler.java:90)
	at org.eclipse.birt.report.soapengine.processor.AbstractBaseDocumentProcessor.__executeAction(AbstractBaseDocumentProcessor.java:47)
	at org.eclipse.birt.report.soapengine.processor.AbstractBaseComponentProcessor.executeAction(AbstractBaseComponentProcessor.java:143)
	at org.eclipse.birt.report.soapengine.processor.BirtDocumentProcessor.handleGetPageAll(BirtDocumentProcessor.java:183)
	at sun.reflect.NativeMethodAccessorImpl.invoke0(Native Method)
	at sun.reflect.NativeMethodAccessorImpl.invoke(Unknown Source)
	at sun.reflect.DelegatingMethodAccessorImpl.invoke(Unknown Source)
	at java.lang.reflect.Method.invoke(Unknown Source)
	at org.eclipse.birt.report.soapengine.processor.AbstractBaseComponentProcessor.process(AbstractBaseComponentProcessor.java:112)
	at org.eclipse.birt.report.soapengine.endpoint.BirtSoapBindingImpl.getUpdatedObjects(BirtSoapBindingImpl.java:66)
	at sun.reflect.NativeMethodAccessorImpl.invoke0(Native Method)
	at sun.reflect.NativeMethodAccessorImpl.invoke(Unknown Source)
	at sun.reflect.DelegatingMethodAccessorImpl.invoke(Unknown Source)
	at java.lang.reflect.Method.invoke(Unknown Source)
	at org.apache.axis.providers.java.RPCProvider.invokeMethod(RPCProvider.java:397)
	at org.apache.axis.providers.java.RPCProvider.processMessage(RPCProvider.java:186)
	at org.apache.axis.providers.java.JavaProvider.invoke(JavaProvider.java:323)
	at org.apache.axis.strategies.InvocationStrategy.visit(InvocationStrategy.java:32)
	at org.apache.axis.SimpleChain.doVisiting(SimpleChain.java:118)
	at org.apache.axis.SimpleChain.invoke(SimpleChain.java:83)
	at org.apache.axis.handlers.soap.SOAPService.invoke(SOAPService.java:454)
	at org.apache.axis.server.AxisServer.invoke(AxisServer.java:281)
	at org.apache.axis.transport.http.AxisServlet.doPost(AxisServlet.java:699)
	at org.eclipse.birt.report.servlet.BirtSoapMessageDispatcherServlet.doPost(BirtSoapMessageDispatcherServlet.java:265)
	at javax.servlet.http.HttpServlet.service(HttpServlet.java:727)
	at org.apache.axis.transport.http.AxisServletBase.service(AxisServletBase.java:327)
	at javax.servlet.http.HttpServlet.service(HttpServlet.java:820)
	at org.eclipse.birt.report.servlet.BirtSoapMessageDispatcherServlet.service(BirtSoapMessageDispatcherServlet.java:122)
	at org.eclipse.equinox.http.registry.internal.ServletManager$ServletWrapper.service(ServletManager.java:180)
	at org.eclipse.equinox.http.servlet.internal.ServletRegistration.service(ServletRegistration.java:61)
	at org.eclipse.equinox.http.servlet.internal.ProxyServlet.processAlias(ProxyServlet.java:126)
	at org.eclipse.equinox.http.servlet.internal.ProxyServlet.service(ProxyServlet.java:60)
	at javax.servlet.http.HttpServlet.service(HttpServlet.java:820)
	at org.eclipse.equinox.http.jetty.internal.HttpServerManager$InternalHttpServiceServlet.service(HttpServerManager.java:317)
	at org.mortbay.jetty.servlet.ServletHolder.handle(ServletHolder.java:511)
	at org.mortbay.jetty.servlet.ServletHandler.handle(ServletHandler.java:390)
	at org.mortbay.jetty.servlet.SessionHandler.handle(SessionHandler.java:182)
	at org.mortbay.jetty.handler.ContextHandler.handle(ContextHandler.java:765)
	at org.mortbay.jetty.handler.HandlerWrapper.handle(HandlerWrapper.java:152)
	at org.mortbay.jetty.Server.handle(Server.java:326)
	at org.mortbay.jetty.HttpConnection.handleRequest(HttpConnection.java:542)
	at org.mortbay.jetty.HttpConnection$RequestHandler.content(HttpConnection.java:939)
	at org.mortbay.jetty.HttpParser.parseNext(HttpParser.java:756)
	at org.mortbay.jetty.HttpParser.parseAvailable(HttpParser.java:218)
	at org.mortbay.jetty.HttpConnection.handle(HttpConnection.java:404)
	at org.mortbay.io.nio.SelectChannelEndPoint.run(SelectChannelEndPoint.java:409)
	at org.mortbay.thread.QueuedThreadPool$PoolThread.run(QueuedThreadPool.java:582)

Jun 16, 2012 8:38:40 AM org.eclipse.birt.data.engine.odaconsumer.ConnectionManager openConnection
SEVERE: Unable to open connection.
org.eclipse.birt.report.data.oda.jdbc.JDBCException: There is an error in get connection, Unknown database 'nl_db'. ;
    org.eclipse.datatools.connectivity.oda.OdaException: Unable to find or access the named profile (nl Data Source) in profile store path (C:\xampp\htdocs\nl_pro\report\.metadata\.plugins\org.eclipse.datatools.connectivity\ServerProfiles.dat). ;
    org.eclipse.datatools.connectivity.oda.OdaException: The ResourceIdentifiers (org.eclipse.datatools.connectivity.oda.util.ResourceIdentifiers) provided in the appContext was unable to resolve the connection profile store file's relative path (file:/C:/xampp/htdocs/nl_pro/report/.metadata/.plugins/org.eclipse.datatools.connectivity/ServerProfiles.dat).
Please check that the file is located under the application resources folder: file:/Z:/report/nl_proRpt/ ;
    org.eclipse.datatools.connectivity.oda.OdaException ;
    java.net.MalformedURLException: unknown protocol: c
	at org.eclipse.birt.report.data.oda.jdbc.JDBCDriverManager.doConnect(JDBCDriverManager.java:304)
	at org.eclipse.birt.report.data.oda.jdbc.JDBCDriverManager.getConnection(JDBCDriverManager.java:232)
	at org.eclipse.birt.report.data.oda.jdbc.Connection.connectByUrl(Connection.java:243)
	at org.eclipse.birt.report.data.oda.jdbc.Connection.open(Connection.java:162)
	at org.eclipse.datatools.connectivity.oda.consumer.helper.OdaConnection.open(OdaConnection.java:250)
	at org.eclipse.birt.data.engine.odaconsumer.ConnectionManager.openConnection(ConnectionManager.java:165)
	at org.eclipse.birt.data.engine.executor.DataSource.newConnection(DataSource.java:224)
	at org.eclipse.birt.data.engine.executor.DataSource.open(DataSource.java:212)
	at org.eclipse.birt.data.engine.impl.DataSourceRuntime.openOdiDataSource(DataSourceRuntime.java:217)
	at org.eclipse.birt.data.engine.impl.QueryExecutor.openDataSource(QueryExecutor.java:407)
	at org.eclipse.birt.data.engine.impl.QueryExecutor.prepareExecution(QueryExecutor.java:317)
	at org.eclipse.birt.data.engine.impl.PreparedQuery.doPrepare(PreparedQuery.java:455)
	at org.eclipse.birt.data.engine.impl.PreparedDataSourceQuery.produceQueryResults(PreparedDataSourceQuery.java:190)
	at org.eclipse.birt.data.engine.impl.PreparedDataSourceQuery.execute(PreparedDataSourceQuery.java:178)
	at org.eclipse.birt.data.engine.impl.PreparedOdaDSQuery.execute(PreparedOdaDSQuery.java:145)
	at org.eclipse.birt.report.data.adapter.impl.DataRequestSessionImpl.execute(DataRequestSessionImpl.java:624)
	at org.eclipse.birt.report.engine.data.dte.DteDataEngine.doExecuteQuery(DteDataEngine.java:152)
	at org.eclipse.birt.report.engine.data.dte.AbstractDataEngine.execute(AbstractDataEngine.java:267)
	at org.eclipse.birt.report.engine.executor.ExecutionContext.executeQuery(ExecutionContext.java:1939)
	at org.eclipse.birt.report.engine.executor.QueryItemExecutor.executeQuery(QueryItemExecutor.java:80)
	at org.eclipse.birt.report.engine.executor.TableItemExecutor.execute(TableItemExecutor.java:62)
	at org.eclipse.birt.report.engine.internal.executor.dup.SuppressDuplicateItemExecutor.execute(SuppressDuplicateItemExecutor.java:43)
	at org.eclipse.birt.report.engine.internal.executor.wrap.WrappedReportItemExecutor.execute(WrappedReportItemExecutor.java:46)
	at org.eclipse.birt.report.engine.internal.executor.l18n.LocalizedReportItemExecutor.execute(LocalizedReportItemExecutor.java:34)
	at org.eclipse.birt.report.engine.layout.html.HTMLBlockStackingLM.layoutNodes(HTMLBlockStackingLM.java:65)
	at org.eclipse.birt.report.engine.layout.html.HTMLPageLM.layout(HTMLPageLM.java:92)
	at org.eclipse.birt.report.engine.layout.html.HTMLReportLayoutEngine.layout(HTMLReportLayoutEngine.java:100)
	at org.eclipse.birt.report.engine.api.impl.RunAndRenderTask.doRun(RunAndRenderTask.java:180)
	at org.eclipse.birt.report.engine.api.impl.RunAndRenderTask.run(RunAndRenderTask.java:77)
	at org.eclipse.birt.report.service.ReportEngineService.runAndRenderReport(ReportEngineService.java:929)
	at org.eclipse.birt.report.service.BirtViewerReportService.runAndRenderReport(BirtViewerReportService.java:973)
	at org.eclipse.birt.report.service.actionhandler.BirtGetPageAllActionHandler.__execute(BirtGetPageAllActionHandler.java:131)
	at org.eclipse.birt.report.service.actionhandler.AbstractBaseActionHandler.execute(AbstractBaseActionHandler.java:90)
	at org.eclipse.birt.report.soapengine.processor.AbstractBaseDocumentProcessor.__executeAction(AbstractBaseDocumentProcessor.java:47)
	at org.eclipse.birt.report.soapengine.processor.AbstractBaseComponentProcessor.executeAction(AbstractBaseComponentProcessor.java:143)
	at org.eclipse.birt.report.soapengine.processor.BirtDocumentProcessor.handleGetPageAll(BirtDocumentProcessor.java:183)
	at sun.reflect.NativeMethodAccessorImpl.invoke0(Native Method)
	at sun.reflect.NativeMethodAccessorImpl.invoke(Unknown Source)
	at sun.reflect.DelegatingMethodAccessorImpl.invoke(Unknown Source)
	at java.lang.reflect.Method.invoke(Unknown Source)
	at org.eclipse.birt.report.soapengine.processor.AbstractBaseComponentProcessor.process(AbstractBaseComponentProcessor.java:112)
	at org.eclipse.birt.report.soapengine.endpoint.BirtSoapBindingImpl.getUpdatedObjects(BirtSoapBindingImpl.java:66)
	at sun.reflect.NativeMethodAccessorImpl.invoke0(Native Method)
	at sun.reflect.NativeMethodAccessorImpl.invoke(Unknown Source)
	at sun.reflect.DelegatingMethodAccessorImpl.invoke(Unknown Source)
	at java.lang.reflect.Method.invoke(Unknown Source)
	at org.apache.axis.providers.java.RPCProvider.invokeMethod(RPCProvider.java:397)
	at org.apache.axis.providers.java.RPCProvider.processMessage(RPCProvider.java:186)
	at org.apache.axis.providers.java.JavaProvider.invoke(JavaProvider.java:323)
	at org.apache.axis.strategies.InvocationStrategy.visit(InvocationStrategy.java:32)
	at org.apache.axis.SimpleChain.doVisiting(SimpleChain.java:118)
	at org.apache.axis.SimpleChain.invoke(SimpleChain.java:83)
	at org.apache.axis.handlers.soap.SOAPService.invoke(SOAPService.java:454)
	at org.apache.axis.server.AxisServer.invoke(AxisServer.java:281)
	at org.apache.axis.transport.http.AxisServlet.doPost(AxisServlet.java:699)
	at org.eclipse.birt.report.servlet.BirtSoapMessageDispatcherServlet.doPost(BirtSoapMessageDispatcherServlet.java:265)
	at javax.servlet.http.HttpServlet.service(HttpServlet.java:727)
	at org.apache.axis.transport.http.AxisServletBase.service(AxisServletBase.java:327)
	at javax.servlet.http.HttpServlet.service(HttpServlet.java:820)
	at org.eclipse.birt.report.servlet.BirtSoapMessageDispatcherServlet.service(BirtSoapMessageDispatcherServlet.java:122)
	at org.eclipse.equinox.http.registry.internal.ServletManager$ServletWrapper.service(ServletManager.java:180)
	at org.eclipse.equinox.http.servlet.internal.ServletRegistration.service(ServletRegistration.java:61)
	at org.eclipse.equinox.http.servlet.internal.ProxyServlet.processAlias(ProxyServlet.java:126)
	at org.eclipse.equinox.http.servlet.internal.ProxyServlet.service(ProxyServlet.java:60)
	at javax.servlet.http.HttpServlet.service(HttpServlet.java:820)
	at org.eclipse.equinox.http.jetty.internal.HttpServerManager$InternalHttpServiceServlet.service(HttpServerManager.java:317)
	at org.mortbay.jetty.servlet.ServletHolder.handle(ServletHolder.java:511)
	at org.mortbay.jetty.servlet.ServletHandler.handle(ServletHandler.java:390)
	at org.mortbay.jetty.servlet.SessionHandler.handle(SessionHandler.java:182)
	at org.mortbay.jetty.handler.ContextHandler.handle(ContextHandler.java:765)
	at org.mortbay.jetty.handler.HandlerWrapper.handle(HandlerWrapper.java:152)
	at org.mortbay.jetty.Server.handle(Server.java:326)
	at org.mortbay.jetty.HttpConnection.handleRequest(HttpConnection.java:542)
	at org.mortbay.jetty.HttpConnection$RequestHandler.content(HttpConnection.java:939)
	at org.mortbay.jetty.HttpParser.parseNext(HttpParser.java:756)
	at org.mortbay.jetty.HttpParser.parseAvailable(HttpParser.java:218)
	at org.mortbay.jetty.HttpConnection.handle(HttpConnection.java:404)
	at org.mortbay.io.nio.SelectChannelEndPoint.run(SelectChannelEndPoint.java:409)
	at org.mortbay.thread.QueuedThreadPool$PoolThread.run(QueuedThreadPool.java:582)

