May 08, 2015 11:52:44 PM org.eclipse.birt.data.engine.odaconsumer.PreparedStatement doSetNull( int )
SEVERE: Cannot set a null value to parameter 1.
org.eclipse.birt.report.data.oda.jdbc.JDBCException: Cannot set preparedStatement null value.
SQL error #1:Parameter metadata not available for the given statement
 ;
    java.sql.SQLException: Parameter metadata not available for the given statement
	at org.eclipse.birt.report.data.oda.jdbc.Statement.setNull(Statement.java:867)
	at org.eclipse.datatools.connectivity.oda.consumer.helper.OdaQuery.setNull(OdaQuery.java:1212)
	at org.eclipse.birt.data.engine.odaconsumer.PreparedStatement.doSetNull(PreparedStatement.java:4646)
	at org.eclipse.birt.data.engine.odaconsumer.PreparedStatement.setNull(PreparedStatement.java:4173)
	at org.eclipse.birt.data.engine.odaconsumer.PreparedStatement.setParameterValue(PreparedStatement.java:3113)
	at org.eclipse.birt.data.engine.odaconsumer.PreparedStatement.setParameterValue(PreparedStatement.java:3070)
	at org.eclipse.birt.data.engine.executor.DataSourceQuery.setInputParameterBinding(DataSourceQuery.java:1124)
	at org.eclipse.birt.data.engine.executor.DataSourceQuery.addParameterDefns(DataSourceQuery.java:572)
	at org.eclipse.birt.data.engine.executor.DataSourceQuery.prepare(DataSourceQuery.java:290)
	at org.eclipse.birt.data.engine.impl.PreparedOdaDSQuery$OdaDSQueryExecutor.prepareOdiQuery(PreparedOdaDSQuery.java:442)
	at org.eclipse.birt.data.engine.impl.QueryExecutor.prepareExecution(QueryExecutor.java:341)
	at org.eclipse.birt.data.engine.impl.PreparedQuery.doPrepare(PreparedQuery.java:455)
	at org.eclipse.birt.data.engine.impl.PreparedDataSourceQuery.produceQueryResults(PreparedDataSourceQuery.java:190)
	at org.eclipse.birt.data.engine.impl.PreparedDataSourceQuery.execute(PreparedDataSourceQuery.java:178)
	at org.eclipse.birt.data.engine.impl.PreparedOdaDSQuery.execute(PreparedOdaDSQuery.java:145)
	at org.eclipse.birt.data.engine.impl.PreparedDataSourceQuery.execute(PreparedDataSourceQuery.java:159)
	at org.eclipse.birt.data.engine.impl.PreparedJointDataSourceQuery.populatePreparedQuery(PreparedJointDataSourceQuery.java:555)
	at org.eclipse.birt.data.engine.impl.PreparedJointDataSourceQuery.populatePreparedQuery(PreparedJointDataSourceQuery.java:492)
	at org.eclipse.birt.data.engine.impl.PreparedJointDataSourceQuery.access$2(PreparedJointDataSourceQuery.java:490)
	at org.eclipse.birt.data.engine.impl.PreparedJointDataSourceQuery$JointDataSetQueryExecutor.createOdiQuery(PreparedJointDataSourceQuery.java:587)
	at org.eclipse.birt.data.engine.impl.QueryExecutor.prepareExecution(QueryExecutor.java:325)
	at org.eclipse.birt.data.engine.impl.PreparedQuery.doPrepare(PreparedQuery.java:455)
	at org.eclipse.birt.data.engine.impl.PreparedDataSourceQuery.produceQueryResults(PreparedDataSourceQuery.java:190)
	at org.eclipse.birt.data.engine.impl.PreparedDataSourceQuery.execute(PreparedDataSourceQuery.java:178)
	at org.eclipse.birt.data.engine.impl.PreparedDataSourceQuery.execute(PreparedDataSourceQuery.java:159)
	at org.eclipse.birt.data.engine.impl.PreparedDataSourceQuery.execute(PreparedDataSourceQuery.java:142)
	at org.eclipse.birt.report.data.adapter.impl.QueryExecutionHelper.executeQuery(QueryExecutionHelper.java:136)
	at org.eclipse.birt.report.data.adapter.impl.QueryExecutionHelper.executeQuery(QueryExecutionHelper.java:118)
	at org.eclipse.birt.report.data.adapter.impl.QueryExecutionHelper.executeQuery(QueryExecutionHelper.java:102)
	at org.eclipse.birt.report.data.adapter.impl.DataSetMetaDataHelper.getRuntimeMetaData(DataSetMetaDataHelper.java:194)
	at org.eclipse.birt.report.data.adapter.impl.DataSetMetaDataHelper.getRealMetaData(DataSetMetaDataHelper.java:153)
	at org.eclipse.birt.report.data.adapter.impl.DataSetMetaDataHelper.getDataSetMetaData(DataSetMetaDataHelper.java:115)
	at org.eclipse.birt.report.data.adapter.impl.DataRequestSessionImpl.getDataSetMetaData(DataRequestSessionImpl.java:244)
	at org.eclipse.birt.report.designer.data.ui.util.DataSetProvider.populateAllOutputColumns(DataSetProvider.java:216)
	at org.eclipse.birt.report.designer.data.ui.util.DataSetProvider.getCachedDataSetItemModel(DataSetProvider.java:995)
	at org.eclipse.birt.report.designer.data.ui.dataset.DataSetEditor$ItemModelManager.start(DataSetEditor.java:979)
	at org.eclipse.birt.report.designer.data.ui.dataset.DataSetEditor.<init>(DataSetEditor.java:195)
	at org.eclipse.birt.report.designer.data.ui.dataset.AdvancedDataSetEditor.<init>(AdvancedDataSetEditor.java:23)
	at org.eclipse.birt.report.designer.data.ui.actions.EditDataSetAction.doAction(EditDataSetAction.java:102)
	at org.eclipse.birt.report.designer.internal.ui.views.actions.AbstractElementAction.run(AbstractElementAction.java:70)
	at org.eclipse.jface.action.Action.runWithEvent(Action.java:498)
	at org.eclipse.jface.action.ActionContributionItem.handleWidgetSelection(ActionContributionItem.java:584)
	at org.eclipse.jface.action.ActionContributionItem.access$2(ActionContributionItem.java:501)
	at org.eclipse.jface.action.ActionContributionItem$5.handleEvent(ActionContributionItem.java:411)
	at org.eclipse.swt.widgets.EventTable.sendEvent(EventTable.java:84)
	at org.eclipse.swt.widgets.Widget.sendEvent(Widget.java:1053)
	at org.eclipse.swt.widgets.Display.runDeferredEvents(Display.java:4165)
	at org.eclipse.swt.widgets.Display.readAndDispatch(Display.java:3754)
	at org.eclipse.ui.internal.Workbench.runEventLoop(Workbench.java:2701)
	at org.eclipse.ui.internal.Workbench.runUI(Workbench.java:2665)
	at org.eclipse.ui.internal.Workbench.access$4(Workbench.java:2499)
	at org.eclipse.ui.internal.Workbench$7.run(Workbench.java:679)
	at org.eclipse.core.databinding.observable.Realm.runWithDefault(Realm.java:332)
	at org.eclipse.ui.internal.Workbench.createAndRunWorkbench(Workbench.java:668)
	at org.eclipse.ui.PlatformUI.createAndRunWorkbench(PlatformUI.java:149)
	at org.eclipse.ui.internal.ide.application.IDEApplication.start(IDEApplication.java:123)
	at org.eclipse.equinox.internal.app.EclipseAppHandle.run(EclipseAppHandle.java:196)
	at org.eclipse.core.runtime.internal.adaptor.EclipseAppLauncher.runApplication(EclipseAppLauncher.java:110)
	at org.eclipse.core.runtime.internal.adaptor.EclipseAppLauncher.start(EclipseAppLauncher.java:79)
	at org.eclipse.core.runtime.adaptor.EclipseStarter.run(EclipseStarter.java:344)
	at org.eclipse.core.runtime.adaptor.EclipseStarter.run(EclipseStarter.java:179)
	at sun.reflect.NativeMethodAccessorImpl.invoke0(Native Method)
	at sun.reflect.NativeMethodAccessorImpl.invoke(Unknown Source)
	at sun.reflect.DelegatingMethodAccessorImpl.invoke(Unknown Source)
	at java.lang.reflect.Method.invoke(Unknown Source)
	at org.eclipse.equinox.launcher.Main.invokeFramework(Main.java:622)
	at org.eclipse.equinox.launcher.Main.basicRun(Main.java:577)
	at org.eclipse.equinox.launcher.Main.run(Main.java:1410)
Caused by: java.sql.SQLException: Parameter metadata not available for the given statement
	at com.mysql.jdbc.SQLError.createSQLException(SQLError.java:1073)
	at com.mysql.jdbc.SQLError.createSQLException(SQLError.java:987)
	at com.mysql.jdbc.SQLError.createSQLException(SQLError.java:982)
	at com.mysql.jdbc.SQLError.createSQLException(SQLError.java:927)
	at com.mysql.jdbc.MysqlParameterMetadata.checkAvailable(MysqlParameterMetadata.java:70)
	at com.mysql.jdbc.MysqlParameterMetadata.getParameterType(MysqlParameterMetadata.java:119)
	at org.eclipse.birt.report.data.oda.jdbc.Statement.setNull(Statement.java:862)
	... 67 more

May 08, 2015 11:52:44 PM org.eclipse.birt.data.engine.odaconsumer.ParameterMetaData getRuntimeParameterType
SEVERE: Cannot get the type for parameter: 1.
org.eclipse.birt.report.data.oda.jdbc.JDBCException: Cannot get parameter type.
SQL error #1:Parameter metadata not available for the given statement
 ;
    java.sql.SQLException: Parameter metadata not available for the given statement
	at org.eclipse.birt.report.data.oda.jdbc.ParameterMetaData.getParameterType(ParameterMetaData.java:159)
	at org.eclipse.datatools.connectivity.oda.consumer.helper.OdaParameterMetaData.getParameterType(OdaParameterMetaData.java:177)
	at org.eclipse.birt.data.engine.odaconsumer.ParameterMetaData.getRuntimeParameterType(ParameterMetaData.java:233)
	at org.eclipse.birt.data.engine.odaconsumer.ParameterMetaData.<init>(ParameterMetaData.java:97)
	at org.eclipse.birt.data.engine.odaconsumer.PreparedStatement.mergeParamHintsWithMetaData(PreparedStatement.java:1674)
	at org.eclipse.birt.data.engine.odaconsumer.PreparedStatement.getParameterMetaData(PreparedStatement.java:1525)
	at org.eclipse.birt.data.engine.odaconsumer.PreparedStatement.getParameterMetaData(PreparedStatement.java:1539)
	at org.eclipse.birt.data.engine.odaconsumer.PreparedStatement.getParameterType(PreparedStatement.java:798)
	at org.eclipse.birt.data.engine.odaconsumer.PreparedStatement.retrySetParameterValue(PreparedStatement.java:3211)
	at org.eclipse.birt.data.engine.odaconsumer.PreparedStatement.setParameterValue(PreparedStatement.java:3188)
	at org.eclipse.birt.data.engine.odaconsumer.PreparedStatement.setParameterValue(PreparedStatement.java:3070)
	at org.eclipse.birt.data.engine.executor.DataSourceQuery.setInputParameterBinding(DataSourceQuery.java:1124)
	at org.eclipse.birt.data.engine.executor.DataSourceQuery.addParameterDefns(DataSourceQuery.java:572)
	at org.eclipse.birt.data.engine.executor.DataSourceQuery.prepare(DataSourceQuery.java:290)
	at org.eclipse.birt.data.engine.impl.PreparedOdaDSQuery$OdaDSQueryExecutor.prepareOdiQuery(PreparedOdaDSQuery.java:442)
	at org.eclipse.birt.data.engine.impl.QueryExecutor.prepareExecution(QueryExecutor.java:341)
	at org.eclipse.birt.data.engine.impl.PreparedQuery.doPrepare(PreparedQuery.java:455)
	at org.eclipse.birt.data.engine.impl.PreparedDataSourceQuery.produceQueryResults(PreparedDataSourceQuery.java:190)
	at org.eclipse.birt.data.engine.impl.PreparedDataSourceQuery.execute(PreparedDataSourceQuery.java:178)
	at org.eclipse.birt.data.engine.impl.PreparedOdaDSQuery.execute(PreparedOdaDSQuery.java:145)
	at org.eclipse.birt.data.engine.impl.PreparedDataSourceQuery.execute(PreparedDataSourceQuery.java:159)
	at org.eclipse.birt.data.engine.impl.PreparedJointDataSourceQuery.populatePreparedQuery(PreparedJointDataSourceQuery.java:555)
	at org.eclipse.birt.data.engine.impl.PreparedJointDataSourceQuery.populatePreparedQuery(PreparedJointDataSourceQuery.java:492)
	at org.eclipse.birt.data.engine.impl.PreparedJointDataSourceQuery.access$2(PreparedJointDataSourceQuery.java:490)
	at org.eclipse.birt.data.engine.impl.PreparedJointDataSourceQuery$JointDataSetQueryExecutor.createOdiQuery(PreparedJointDataSourceQuery.java:587)
	at org.eclipse.birt.data.engine.impl.QueryExecutor.prepareExecution(QueryExecutor.java:325)
	at org.eclipse.birt.data.engine.impl.PreparedQuery.doPrepare(PreparedQuery.java:455)
	at org.eclipse.birt.data.engine.impl.PreparedDataSourceQuery.produceQueryResults(PreparedDataSourceQuery.java:190)
	at org.eclipse.birt.data.engine.impl.PreparedDataSourceQuery.execute(PreparedDataSourceQuery.java:178)
	at org.eclipse.birt.data.engine.impl.PreparedDataSourceQuery.execute(PreparedDataSourceQuery.java:159)
	at org.eclipse.birt.data.engine.impl.PreparedDataSourceQuery.execute(PreparedDataSourceQuery.java:142)
	at org.eclipse.birt.report.data.adapter.impl.QueryExecutionHelper.executeQuery(QueryExecutionHelper.java:136)
	at org.eclipse.birt.report.data.adapter.impl.QueryExecutionHelper.executeQuery(QueryExecutionHelper.java:118)
	at org.eclipse.birt.report.data.adapter.impl.QueryExecutionHelper.executeQuery(QueryExecutionHelper.java:102)
	at org.eclipse.birt.report.data.adapter.impl.DataSetMetaDataHelper.getRuntimeMetaData(DataSetMetaDataHelper.java:194)
	at org.eclipse.birt.report.data.adapter.impl.DataSetMetaDataHelper.getRealMetaData(DataSetMetaDataHelper.java:153)
	at org.eclipse.birt.report.data.adapter.impl.DataSetMetaDataHelper.getDataSetMetaData(DataSetMetaDataHelper.java:115)
	at org.eclipse.birt.report.data.adapter.impl.DataRequestSessionImpl.getDataSetMetaData(DataRequestSessionImpl.java:244)
	at org.eclipse.birt.report.designer.data.ui.util.DataSetProvider.populateAllOutputColumns(DataSetProvider.java:216)
	at org.eclipse.birt.report.designer.data.ui.util.DataSetProvider.getCachedDataSetItemModel(DataSetProvider.java:995)
	at org.eclipse.birt.report.designer.data.ui.dataset.DataSetEditor$ItemModelManager.start(DataSetEditor.java:979)
	at org.eclipse.birt.report.designer.data.ui.dataset.DataSetEditor.<init>(DataSetEditor.java:195)
	at org.eclipse.birt.report.designer.data.ui.dataset.AdvancedDataSetEditor.<init>(AdvancedDataSetEditor.java:23)
	at org.eclipse.birt.report.designer.data.ui.actions.EditDataSetAction.doAction(EditDataSetAction.java:102)
	at org.eclipse.birt.report.designer.internal.ui.views.actions.AbstractElementAction.run(AbstractElementAction.java:70)
	at org.eclipse.jface.action.Action.runWithEvent(Action.java:498)
	at org.eclipse.jface.action.ActionContributionItem.handleWidgetSelection(ActionContributionItem.java:584)
	at org.eclipse.jface.action.ActionContributionItem.access$2(ActionContributionItem.java:501)
	at org.eclipse.jface.action.ActionContributionItem$5.handleEvent(ActionContributionItem.java:411)
	at org.eclipse.swt.widgets.EventTable.sendEvent(EventTable.java:84)
	at org.eclipse.swt.widgets.Widget.sendEvent(Widget.java:1053)
	at org.eclipse.swt.widgets.Display.runDeferredEvents(Display.java:4165)
	at org.eclipse.swt.widgets.Display.readAndDispatch(Display.java:3754)
	at org.eclipse.ui.internal.Workbench.runEventLoop(Workbench.java:2701)
	at org.eclipse.ui.internal.Workbench.runUI(Workbench.java:2665)
	at org.eclipse.ui.internal.Workbench.access$4(Workbench.java:2499)
	at org.eclipse.ui.internal.Workbench$7.run(Workbench.java:679)
	at org.eclipse.core.databinding.observable.Realm.runWithDefault(Realm.java:332)
	at org.eclipse.ui.internal.Workbench.createAndRunWorkbench(Workbench.java:668)
	at org.eclipse.ui.PlatformUI.createAndRunWorkbench(PlatformUI.java:149)
	at org.eclipse.ui.internal.ide.application.IDEApplication.start(IDEApplication.java:123)
	at org.eclipse.equinox.internal.app.EclipseAppHandle.run(EclipseAppHandle.java:196)
	at org.eclipse.core.runtime.internal.adaptor.EclipseAppLauncher.runApplication(EclipseAppLauncher.java:110)
	at org.eclipse.core.runtime.internal.adaptor.EclipseAppLauncher.start(EclipseAppLauncher.java:79)
	at org.eclipse.core.runtime.adaptor.EclipseStarter.run(EclipseStarter.java:344)
	at org.eclipse.core.runtime.adaptor.EclipseStarter.run(EclipseStarter.java:179)
	at sun.reflect.NativeMethodAccessorImpl.invoke0(Native Method)
	at sun.reflect.NativeMethodAccessorImpl.invoke(Unknown Source)
	at sun.reflect.DelegatingMethodAccessorImpl.invoke(Unknown Source)
	at java.lang.reflect.Method.invoke(Unknown Source)
	at org.eclipse.equinox.launcher.Main.invokeFramework(Main.java:622)
	at org.eclipse.equinox.launcher.Main.basicRun(Main.java:577)
	at org.eclipse.equinox.launcher.Main.run(Main.java:1410)
Caused by: java.sql.SQLException: Parameter metadata not available for the given statement
	at com.mysql.jdbc.SQLError.createSQLException(SQLError.java:1073)
	at com.mysql.jdbc.SQLError.createSQLException(SQLError.java:987)
	at com.mysql.jdbc.SQLError.createSQLException(SQLError.java:982)
	at com.mysql.jdbc.SQLError.createSQLException(SQLError.java:927)
	at com.mysql.jdbc.MysqlParameterMetadata.checkAvailable(MysqlParameterMetadata.java:70)
	at com.mysql.jdbc.MysqlParameterMetadata.getParameterType(MysqlParameterMetadata.java:119)
	at org.eclipse.birt.report.data.oda.jdbc.ParameterMetaData.getParameterType(ParameterMetaData.java:155)
	... 72 more

May 08, 2015 11:52:44 PM org.eclipse.birt.data.engine.odaconsumer.PreparedStatement doSetNull( int )
SEVERE: Cannot set a null value to parameter 2.
org.eclipse.birt.report.data.oda.jdbc.JDBCException: Cannot set preparedStatement null value.
SQL error #1:Parameter metadata not available for the given statement
 ;
    java.sql.SQLException: Parameter metadata not available for the given statement
	at org.eclipse.birt.report.data.oda.jdbc.Statement.setNull(Statement.java:867)
	at org.eclipse.datatools.connectivity.oda.consumer.helper.OdaQuery.setNull(OdaQuery.java:1212)
	at org.eclipse.birt.data.engine.odaconsumer.PreparedStatement.doSetNull(PreparedStatement.java:4646)
	at org.eclipse.birt.data.engine.odaconsumer.PreparedStatement.setNull(PreparedStatement.java:4173)
	at org.eclipse.birt.data.engine.odaconsumer.PreparedStatement.setParameterValue(PreparedStatement.java:3113)
	at org.eclipse.birt.data.engine.odaconsumer.PreparedStatement.setParameterValue(PreparedStatement.java:3070)
	at org.eclipse.birt.data.engine.executor.DataSourceQuery.setInputParameterBinding(DataSourceQuery.java:1124)
	at org.eclipse.birt.data.engine.executor.DataSourceQuery.addParameterDefns(DataSourceQuery.java:572)
	at org.eclipse.birt.data.engine.executor.DataSourceQuery.prepare(DataSourceQuery.java:290)
	at org.eclipse.birt.data.engine.impl.PreparedOdaDSQuery$OdaDSQueryExecutor.prepareOdiQuery(PreparedOdaDSQuery.java:442)
	at org.eclipse.birt.data.engine.impl.QueryExecutor.prepareExecution(QueryExecutor.java:341)
	at org.eclipse.birt.data.engine.impl.PreparedQuery.doPrepare(PreparedQuery.java:455)
	at org.eclipse.birt.data.engine.impl.PreparedDataSourceQuery.produceQueryResults(PreparedDataSourceQuery.java:190)
	at org.eclipse.birt.data.engine.impl.PreparedDataSourceQuery.execute(PreparedDataSourceQuery.java:178)
	at org.eclipse.birt.data.engine.impl.PreparedOdaDSQuery.execute(PreparedOdaDSQuery.java:145)
	at org.eclipse.birt.data.engine.impl.PreparedDataSourceQuery.execute(PreparedDataSourceQuery.java:159)
	at org.eclipse.birt.data.engine.impl.PreparedJointDataSourceQuery.populatePreparedQuery(PreparedJointDataSourceQuery.java:555)
	at org.eclipse.birt.data.engine.impl.PreparedJointDataSourceQuery.populatePreparedQuery(PreparedJointDataSourceQuery.java:492)
	at org.eclipse.birt.data.engine.impl.PreparedJointDataSourceQuery.access$2(PreparedJointDataSourceQuery.java:490)
	at org.eclipse.birt.data.engine.impl.PreparedJointDataSourceQuery$JointDataSetQueryExecutor.createOdiQuery(PreparedJointDataSourceQuery.java:587)
	at org.eclipse.birt.data.engine.impl.QueryExecutor.prepareExecution(QueryExecutor.java:325)
	at org.eclipse.birt.data.engine.impl.PreparedQuery.doPrepare(PreparedQuery.java:455)
	at org.eclipse.birt.data.engine.impl.PreparedDataSourceQuery.produceQueryResults(PreparedDataSourceQuery.java:190)
	at org.eclipse.birt.data.engine.impl.PreparedDataSourceQuery.execute(PreparedDataSourceQuery.java:178)
	at org.eclipse.birt.data.engine.impl.PreparedDataSourceQuery.execute(PreparedDataSourceQuery.java:159)
	at org.eclipse.birt.data.engine.impl.PreparedDataSourceQuery.execute(PreparedDataSourceQuery.java:142)
	at org.eclipse.birt.report.data.adapter.impl.QueryExecutionHelper.executeQuery(QueryExecutionHelper.java:136)
	at org.eclipse.birt.report.data.adapter.impl.QueryExecutionHelper.executeQuery(QueryExecutionHelper.java:118)
	at org.eclipse.birt.report.data.adapter.impl.QueryExecutionHelper.executeQuery(QueryExecutionHelper.java:102)
	at org.eclipse.birt.report.data.adapter.impl.DataSetMetaDataHelper.getRuntimeMetaData(DataSetMetaDataHelper.java:194)
	at org.eclipse.birt.report.data.adapter.impl.DataSetMetaDataHelper.getRealMetaData(DataSetMetaDataHelper.java:153)
	at org.eclipse.birt.report.data.adapter.impl.DataSetMetaDataHelper.getDataSetMetaData(DataSetMetaDataHelper.java:115)
	at org.eclipse.birt.report.data.adapter.impl.DataRequestSessionImpl.getDataSetMetaData(DataRequestSessionImpl.java:244)
	at org.eclipse.birt.report.designer.data.ui.util.DataSetProvider.populateAllOutputColumns(DataSetProvider.java:216)
	at org.eclipse.birt.report.designer.data.ui.util.DataSetProvider.getCachedDataSetItemModel(DataSetProvider.java:995)
	at org.eclipse.birt.report.designer.data.ui.dataset.DataSetEditor$ItemModelManager.start(DataSetEditor.java:979)
	at org.eclipse.birt.report.designer.data.ui.dataset.DataSetEditor.<init>(DataSetEditor.java:195)
	at org.eclipse.birt.report.designer.data.ui.dataset.AdvancedDataSetEditor.<init>(AdvancedDataSetEditor.java:23)
	at org.eclipse.birt.report.designer.data.ui.actions.EditDataSetAction.doAction(EditDataSetAction.java:102)
	at org.eclipse.birt.report.designer.internal.ui.views.actions.AbstractElementAction.run(AbstractElementAction.java:70)
	at org.eclipse.jface.action.Action.runWithEvent(Action.java:498)
	at org.eclipse.jface.action.ActionContributionItem.handleWidgetSelection(ActionContributionItem.java:584)
	at org.eclipse.jface.action.ActionContributionItem.access$2(ActionContributionItem.java:501)
	at org.eclipse.jface.action.ActionContributionItem$5.handleEvent(ActionContributionItem.java:411)
	at org.eclipse.swt.widgets.EventTable.sendEvent(EventTable.java:84)
	at org.eclipse.swt.widgets.Widget.sendEvent(Widget.java:1053)
	at org.eclipse.swt.widgets.Display.runDeferredEvents(Display.java:4165)
	at org.eclipse.swt.widgets.Display.readAndDispatch(Display.java:3754)
	at org.eclipse.ui.internal.Workbench.runEventLoop(Workbench.java:2701)
	at org.eclipse.ui.internal.Workbench.runUI(Workbench.java:2665)
	at org.eclipse.ui.internal.Workbench.access$4(Workbench.java:2499)
	at org.eclipse.ui.internal.Workbench$7.run(Workbench.java:679)
	at org.eclipse.core.databinding.observable.Realm.runWithDefault(Realm.java:332)
	at org.eclipse.ui.internal.Workbench.createAndRunWorkbench(Workbench.java:668)
	at org.eclipse.ui.PlatformUI.createAndRunWorkbench(PlatformUI.java:149)
	at org.eclipse.ui.internal.ide.application.IDEApplication.start(IDEApplication.java:123)
	at org.eclipse.equinox.internal.app.EclipseAppHandle.run(EclipseAppHandle.java:196)
	at org.eclipse.core.runtime.internal.adaptor.EclipseAppLauncher.runApplication(EclipseAppLauncher.java:110)
	at org.eclipse.core.runtime.internal.adaptor.EclipseAppLauncher.start(EclipseAppLauncher.java:79)
	at org.eclipse.core.runtime.adaptor.EclipseStarter.run(EclipseStarter.java:344)
	at org.eclipse.core.runtime.adaptor.EclipseStarter.run(EclipseStarter.java:179)
	at sun.reflect.NativeMethodAccessorImpl.invoke0(Native Method)
	at sun.reflect.NativeMethodAccessorImpl.invoke(Unknown Source)
	at sun.reflect.DelegatingMethodAccessorImpl.invoke(Unknown Source)
	at java.lang.reflect.Method.invoke(Unknown Source)
	at org.eclipse.equinox.launcher.Main.invokeFramework(Main.java:622)
	at org.eclipse.equinox.launcher.Main.basicRun(Main.java:577)
	at org.eclipse.equinox.launcher.Main.run(Main.java:1410)
Caused by: java.sql.SQLException: Parameter metadata not available for the given statement
	at com.mysql.jdbc.SQLError.createSQLException(SQLError.java:1073)
	at com.mysql.jdbc.SQLError.createSQLException(SQLError.java:987)
	at com.mysql.jdbc.SQLError.createSQLException(SQLError.java:982)
	at com.mysql.jdbc.SQLError.createSQLException(SQLError.java:927)
	at com.mysql.jdbc.MysqlParameterMetadata.checkAvailable(MysqlParameterMetadata.java:70)
	at com.mysql.jdbc.MysqlParameterMetadata.getParameterType(MysqlParameterMetadata.java:119)
	at org.eclipse.birt.report.data.oda.jdbc.Statement.setNull(Statement.java:862)
	... 67 more

May 08, 2015 11:52:44 PM org.eclipse.birt.data.engine.odaconsumer.ParameterMetaData getRuntimeParameterType
SEVERE: Cannot get the type for parameter: 1.
org.eclipse.birt.report.data.oda.jdbc.JDBCException: Cannot get parameter type.
SQL error #1:Parameter metadata not available for the given statement
 ;
    java.sql.SQLException: Parameter metadata not available for the given statement
	at org.eclipse.birt.report.data.oda.jdbc.ParameterMetaData.getParameterType(ParameterMetaData.java:159)
	at org.eclipse.datatools.connectivity.oda.consumer.helper.OdaParameterMetaData.getParameterType(OdaParameterMetaData.java:177)
	at org.eclipse.birt.data.engine.odaconsumer.ParameterMetaData.getRuntimeParameterType(ParameterMetaData.java:233)
	at org.eclipse.birt.data.engine.odaconsumer.ParameterMetaData.<init>(ParameterMetaData.java:97)
	at org.eclipse.birt.data.engine.odaconsumer.PreparedStatement.mergeParamHintsWithMetaData(PreparedStatement.java:1674)
	at org.eclipse.birt.data.engine.odaconsumer.PreparedStatement.getParameterMetaData(PreparedStatement.java:1525)
	at org.eclipse.birt.data.engine.odaconsumer.PreparedStatement.getParameterMetaData(PreparedStatement.java:1539)
	at org.eclipse.birt.data.engine.odaconsumer.PreparedStatement.getParameterType(PreparedStatement.java:798)
	at org.eclipse.birt.data.engine.odaconsumer.PreparedStatement.retrySetParameterValue(PreparedStatement.java:3211)
	at org.eclipse.birt.data.engine.odaconsumer.PreparedStatement.setParameterValue(PreparedStatement.java:3188)
	at org.eclipse.birt.data.engine.odaconsumer.PreparedStatement.setParameterValue(PreparedStatement.java:3070)
	at org.eclipse.birt.data.engine.executor.DataSourceQuery.setInputParameterBinding(DataSourceQuery.java:1124)
	at org.eclipse.birt.data.engine.executor.DataSourceQuery.addParameterDefns(DataSourceQuery.java:572)
	at org.eclipse.birt.data.engine.executor.DataSourceQuery.prepare(DataSourceQuery.java:290)
	at org.eclipse.birt.data.engine.impl.PreparedOdaDSQuery$OdaDSQueryExecutor.prepareOdiQuery(PreparedOdaDSQuery.java:442)
	at org.eclipse.birt.data.engine.impl.QueryExecutor.prepareExecution(QueryExecutor.java:341)
	at org.eclipse.birt.data.engine.impl.PreparedQuery.doPrepare(PreparedQuery.java:455)
	at org.eclipse.birt.data.engine.impl.PreparedDataSourceQuery.produceQueryResults(PreparedDataSourceQuery.java:190)
	at org.eclipse.birt.data.engine.impl.PreparedDataSourceQuery.execute(PreparedDataSourceQuery.java:178)
	at org.eclipse.birt.data.engine.impl.PreparedOdaDSQuery.execute(PreparedOdaDSQuery.java:145)
	at org.eclipse.birt.data.engine.impl.PreparedDataSourceQuery.execute(PreparedDataSourceQuery.java:159)
	at org.eclipse.birt.data.engine.impl.PreparedJointDataSourceQuery.populatePreparedQuery(PreparedJointDataSourceQuery.java:555)
	at org.eclipse.birt.data.engine.impl.PreparedJointDataSourceQuery.populatePreparedQuery(PreparedJointDataSourceQuery.java:492)
	at org.eclipse.birt.data.engine.impl.PreparedJointDataSourceQuery.access$2(PreparedJointDataSourceQuery.java:490)
	at org.eclipse.birt.data.engine.impl.PreparedJointDataSourceQuery$JointDataSetQueryExecutor.createOdiQuery(PreparedJointDataSourceQuery.java:587)
	at org.eclipse.birt.data.engine.impl.QueryExecutor.prepareExecution(QueryExecutor.java:325)
	at org.eclipse.birt.data.engine.impl.PreparedQuery.doPrepare(PreparedQuery.java:455)
	at org.eclipse.birt.data.engine.impl.PreparedDataSourceQuery.produceQueryResults(PreparedDataSourceQuery.java:190)
	at org.eclipse.birt.data.engine.impl.PreparedDataSourceQuery.execute(PreparedDataSourceQuery.java:178)
	at org.eclipse.birt.data.engine.impl.PreparedDataSourceQuery.execute(PreparedDataSourceQuery.java:159)
	at org.eclipse.birt.data.engine.impl.PreparedDataSourceQuery.execute(PreparedDataSourceQuery.java:142)
	at org.eclipse.birt.report.data.adapter.impl.QueryExecutionHelper.executeQuery(QueryExecutionHelper.java:136)
	at org.eclipse.birt.report.data.adapter.impl.QueryExecutionHelper.executeQuery(QueryExecutionHelper.java:118)
	at org.eclipse.birt.report.data.adapter.impl.QueryExecutionHelper.executeQuery(QueryExecutionHelper.java:102)
	at org.eclipse.birt.report.data.adapter.impl.DataSetMetaDataHelper.getRuntimeMetaData(DataSetMetaDataHelper.java:194)
	at org.eclipse.birt.report.data.adapter.impl.DataSetMetaDataHelper.getRealMetaData(DataSetMetaDataHelper.java:153)
	at org.eclipse.birt.report.data.adapter.impl.DataSetMetaDataHelper.getDataSetMetaData(DataSetMetaDataHelper.java:115)
	at org.eclipse.birt.report.data.adapter.impl.DataRequestSessionImpl.getDataSetMetaData(DataRequestSessionImpl.java:244)
	at org.eclipse.birt.report.designer.data.ui.util.DataSetProvider.populateAllOutputColumns(DataSetProvider.java:216)
	at org.eclipse.birt.report.designer.data.ui.util.DataSetProvider.getCachedDataSetItemModel(DataSetProvider.java:995)
	at org.eclipse.birt.report.designer.data.ui.dataset.DataSetEditor$ItemModelManager.start(DataSetEditor.java:979)
	at org.eclipse.birt.report.designer.data.ui.dataset.DataSetEditor.<init>(DataSetEditor.java:195)
	at org.eclipse.birt.report.designer.data.ui.dataset.AdvancedDataSetEditor.<init>(AdvancedDataSetEditor.java:23)
	at org.eclipse.birt.report.designer.data.ui.actions.EditDataSetAction.doAction(EditDataSetAction.java:102)
	at org.eclipse.birt.report.designer.internal.ui.views.actions.AbstractElementAction.run(AbstractElementAction.java:70)
	at org.eclipse.jface.action.Action.runWithEvent(Action.java:498)
	at org.eclipse.jface.action.ActionContributionItem.handleWidgetSelection(ActionContributionItem.java:584)
	at org.eclipse.jface.action.ActionContributionItem.access$2(ActionContributionItem.java:501)
	at org.eclipse.jface.action.ActionContributionItem$5.handleEvent(ActionContributionItem.java:411)
	at org.eclipse.swt.widgets.EventTable.sendEvent(EventTable.java:84)
	at org.eclipse.swt.widgets.Widget.sendEvent(Widget.java:1053)
	at org.eclipse.swt.widgets.Display.runDeferredEvents(Display.java:4165)
	at org.eclipse.swt.widgets.Display.readAndDispatch(Display.java:3754)
	at org.eclipse.ui.internal.Workbench.runEventLoop(Workbench.java:2701)
	at org.eclipse.ui.internal.Workbench.runUI(Workbench.java:2665)
	at org.eclipse.ui.internal.Workbench.access$4(Workbench.java:2499)
	at org.eclipse.ui.internal.Workbench$7.run(Workbench.java:679)
	at org.eclipse.core.databinding.observable.Realm.runWithDefault(Realm.java:332)
	at org.eclipse.ui.internal.Workbench.createAndRunWorkbench(Workbench.java:668)
	at org.eclipse.ui.PlatformUI.createAndRunWorkbench(PlatformUI.java:149)
	at org.eclipse.ui.internal.ide.application.IDEApplication.start(IDEApplication.java:123)
	at org.eclipse.equinox.internal.app.EclipseAppHandle.run(EclipseAppHandle.java:196)
	at org.eclipse.core.runtime.internal.adaptor.EclipseAppLauncher.runApplication(EclipseAppLauncher.java:110)
	at org.eclipse.core.runtime.internal.adaptor.EclipseAppLauncher.start(EclipseAppLauncher.java:79)
	at org.eclipse.core.runtime.adaptor.EclipseStarter.run(EclipseStarter.java:344)
	at org.eclipse.core.runtime.adaptor.EclipseStarter.run(EclipseStarter.java:179)
	at sun.reflect.NativeMethodAccessorImpl.invoke0(Native Method)
	at sun.reflect.NativeMethodAccessorImpl.invoke(Unknown Source)
	at sun.reflect.DelegatingMethodAccessorImpl.invoke(Unknown Source)
	at java.lang.reflect.Method.invoke(Unknown Source)
	at org.eclipse.equinox.launcher.Main.invokeFramework(Main.java:622)
	at org.eclipse.equinox.launcher.Main.basicRun(Main.java:577)
	at org.eclipse.equinox.launcher.Main.run(Main.java:1410)
Caused by: java.sql.SQLException: Parameter metadata not available for the given statement
	at com.mysql.jdbc.SQLError.createSQLException(SQLError.java:1073)
	at com.mysql.jdbc.SQLError.createSQLException(SQLError.java:987)
	at com.mysql.jdbc.SQLError.createSQLException(SQLError.java:982)
	at com.mysql.jdbc.SQLError.createSQLException(SQLError.java:927)
	at com.mysql.jdbc.MysqlParameterMetadata.checkAvailable(MysqlParameterMetadata.java:70)
	at com.mysql.jdbc.MysqlParameterMetadata.getParameterType(MysqlParameterMetadata.java:119)
	at org.eclipse.birt.report.data.oda.jdbc.ParameterMetaData.getParameterType(ParameterMetaData.java:155)
	... 72 more

May 08, 2015 11:52:44 PM org.eclipse.birt.data.engine.odaconsumer.PreparedStatement doSetNull( int )
SEVERE: Cannot set a null value to parameter 1.
org.eclipse.birt.report.data.oda.jdbc.JDBCException: Cannot set preparedStatement null value.
SQL error #1:Parameter metadata not available for the given statement
 ;
    java.sql.SQLException: Parameter metadata not available for the given statement
	at org.eclipse.birt.report.data.oda.jdbc.Statement.setNull(Statement.java:867)
	at org.eclipse.datatools.connectivity.oda.consumer.helper.OdaQuery.setNull(OdaQuery.java:1212)
	at org.eclipse.birt.data.engine.odaconsumer.PreparedStatement.doSetNull(PreparedStatement.java:4646)
	at org.eclipse.birt.data.engine.odaconsumer.PreparedStatement.setNull(PreparedStatement.java:4173)
	at org.eclipse.birt.data.engine.odaconsumer.PreparedStatement.setParameterValue(PreparedStatement.java:3113)
	at org.eclipse.birt.data.engine.odaconsumer.PreparedStatement.setParameterValue(PreparedStatement.java:3070)
	at org.eclipse.birt.data.engine.executor.DataSourceQuery.setInputParameterBinding(DataSourceQuery.java:1124)
	at org.eclipse.birt.data.engine.executor.DataSourceQuery.addParameterDefns(DataSourceQuery.java:572)
	at org.eclipse.birt.data.engine.executor.DataSourceQuery.prepare(DataSourceQuery.java:290)
	at org.eclipse.birt.data.engine.impl.PreparedOdaDSQuery$OdaDSQueryExecutor.prepareOdiQuery(PreparedOdaDSQuery.java:442)
	at org.eclipse.birt.data.engine.impl.QueryExecutor.prepareExecution(QueryExecutor.java:341)
	at org.eclipse.birt.data.engine.impl.PreparedQuery.doPrepare(PreparedQuery.java:455)
	at org.eclipse.birt.data.engine.impl.PreparedDataSourceQuery.produceQueryResults(PreparedDataSourceQuery.java:190)
	at org.eclipse.birt.data.engine.impl.PreparedDataSourceQuery.execute(PreparedDataSourceQuery.java:178)
	at org.eclipse.birt.data.engine.impl.PreparedOdaDSQuery.execute(PreparedOdaDSQuery.java:145)
	at org.eclipse.birt.data.engine.impl.PreparedDataSourceQuery.execute(PreparedDataSourceQuery.java:159)
	at org.eclipse.birt.data.engine.impl.PreparedJointDataSourceQuery.populatePreparedQuery(PreparedJointDataSourceQuery.java:555)
	at org.eclipse.birt.data.engine.impl.PreparedJointDataSourceQuery.populatePreparedQuery(PreparedJointDataSourceQuery.java:492)
	at org.eclipse.birt.data.engine.impl.PreparedJointDataSourceQuery.access$2(PreparedJointDataSourceQuery.java:490)
	at org.eclipse.birt.data.engine.impl.PreparedJointDataSourceQuery$JointDataSetQueryExecutor.createOdiQuery(PreparedJointDataSourceQuery.java:587)
	at org.eclipse.birt.data.engine.impl.QueryExecutor.prepareExecution(QueryExecutor.java:325)
	at org.eclipse.birt.data.engine.impl.PreparedQuery.doPrepare(PreparedQuery.java:455)
	at org.eclipse.birt.data.engine.impl.PreparedDataSourceQuery.produceQueryResults(PreparedDataSourceQuery.java:190)
	at org.eclipse.birt.data.engine.impl.PreparedDataSourceQuery.execute(PreparedDataSourceQuery.java:178)
	at org.eclipse.birt.data.engine.impl.PreparedDataSourceQuery.execute(PreparedDataSourceQuery.java:159)
	at org.eclipse.birt.data.engine.impl.PreparedDataSourceQuery.execute(PreparedDataSourceQuery.java:142)
	at org.eclipse.birt.report.data.adapter.impl.QueryExecutionHelper.executeQuery(QueryExecutionHelper.java:136)
	at org.eclipse.birt.report.data.adapter.impl.QueryExecutionHelper.executeQuery(QueryExecutionHelper.java:118)
	at org.eclipse.birt.report.data.adapter.impl.QueryExecutionHelper.executeQuery(QueryExecutionHelper.java:102)
	at org.eclipse.birt.report.data.adapter.impl.DataSetMetaDataHelper.getRuntimeMetaData(DataSetMetaDataHelper.java:203)
	at org.eclipse.birt.report.data.adapter.impl.DataSetMetaDataHelper.getRealMetaData(DataSetMetaDataHelper.java:153)
	at org.eclipse.birt.report.data.adapter.impl.DataSetMetaDataHelper.getDataSetMetaData(DataSetMetaDataHelper.java:115)
	at org.eclipse.birt.report.data.adapter.impl.DataRequestSessionImpl.getDataSetMetaData(DataRequestSessionImpl.java:244)
	at org.eclipse.birt.report.designer.data.ui.util.DataSetProvider.populateAllOutputColumns(DataSetProvider.java:216)
	at org.eclipse.birt.report.designer.data.ui.util.DataSetProvider.getCachedDataSetItemModel(DataSetProvider.java:995)
	at org.eclipse.birt.report.designer.data.ui.dataset.DataSetEditor$ItemModelManager.start(DataSetEditor.java:979)
	at org.eclipse.birt.report.designer.data.ui.dataset.DataSetEditor.<init>(DataSetEditor.java:195)
	at org.eclipse.birt.report.designer.data.ui.dataset.AdvancedDataSetEditor.<init>(AdvancedDataSetEditor.java:23)
	at org.eclipse.birt.report.designer.data.ui.actions.EditDataSetAction.doAction(EditDataSetAction.java:102)
	at org.eclipse.birt.report.designer.internal.ui.views.actions.AbstractElementAction.run(AbstractElementAction.java:70)
	at org.eclipse.jface.action.Action.runWithEvent(Action.java:498)
	at org.eclipse.jface.action.ActionContributionItem.handleWidgetSelection(ActionContributionItem.java:584)
	at org.eclipse.jface.action.ActionContributionItem.access$2(ActionContributionItem.java:501)
	at org.eclipse.jface.action.ActionContributionItem$5.handleEvent(ActionContributionItem.java:411)
	at org.eclipse.swt.widgets.EventTable.sendEvent(EventTable.java:84)
	at org.eclipse.swt.widgets.Widget.sendEvent(Widget.java:1053)
	at org.eclipse.swt.widgets.Display.runDeferredEvents(Display.java:4165)
	at org.eclipse.swt.widgets.Display.readAndDispatch(Display.java:3754)
	at org.eclipse.ui.internal.Workbench.runEventLoop(Workbench.java:2701)
	at org.eclipse.ui.internal.Workbench.runUI(Workbench.java:2665)
	at org.eclipse.ui.internal.Workbench.access$4(Workbench.java:2499)
	at org.eclipse.ui.internal.Workbench$7.run(Workbench.java:679)
	at org.eclipse.core.databinding.observable.Realm.runWithDefault(Realm.java:332)
	at org.eclipse.ui.internal.Workbench.createAndRunWorkbench(Workbench.java:668)
	at org.eclipse.ui.PlatformUI.createAndRunWorkbench(PlatformUI.java:149)
	at org.eclipse.ui.internal.ide.application.IDEApplication.start(IDEApplication.java:123)
	at org.eclipse.equinox.internal.app.EclipseAppHandle.run(EclipseAppHandle.java:196)
	at org.eclipse.core.runtime.internal.adaptor.EclipseAppLauncher.runApplication(EclipseAppLauncher.java:110)
	at org.eclipse.core.runtime.internal.adaptor.EclipseAppLauncher.start(EclipseAppLauncher.java:79)
	at org.eclipse.core.runtime.adaptor.EclipseStarter.run(EclipseStarter.java:344)
	at org.eclipse.core.runtime.adaptor.EclipseStarter.run(EclipseStarter.java:179)
	at sun.reflect.NativeMethodAccessorImpl.invoke0(Native Method)
	at sun.reflect.NativeMethodAccessorImpl.invoke(Unknown Source)
	at sun.reflect.DelegatingMethodAccessorImpl.invoke(Unknown Source)
	at java.lang.reflect.Method.invoke(Unknown Source)
	at org.eclipse.equinox.launcher.Main.invokeFramework(Main.java:622)
	at org.eclipse.equinox.launcher.Main.basicRun(Main.java:577)
	at org.eclipse.equinox.launcher.Main.run(Main.java:1410)
Caused by: java.sql.SQLException: Parameter metadata not available for the given statement
	at com.mysql.jdbc.SQLError.createSQLException(SQLError.java:1073)
	at com.mysql.jdbc.SQLError.createSQLException(SQLError.java:987)
	at com.mysql.jdbc.SQLError.createSQLException(SQLError.java:982)
	at com.mysql.jdbc.SQLError.createSQLException(SQLError.java:927)
	at com.mysql.jdbc.MysqlParameterMetadata.checkAvailable(MysqlParameterMetadata.java:70)
	at com.mysql.jdbc.MysqlParameterMetadata.getParameterType(MysqlParameterMetadata.java:119)
	at org.eclipse.birt.report.data.oda.jdbc.Statement.setNull(Statement.java:862)
	... 67 more

May 08, 2015 11:52:44 PM org.eclipse.birt.data.engine.odaconsumer.ParameterMetaData getRuntimeParameterType
SEVERE: Cannot get the type for parameter: 1.
org.eclipse.birt.report.data.oda.jdbc.JDBCException: Cannot get parameter type.
SQL error #1:Parameter metadata not available for the given statement
 ;
    java.sql.SQLException: Parameter metadata not available for the given statement
	at org.eclipse.birt.report.data.oda.jdbc.ParameterMetaData.getParameterType(ParameterMetaData.java:159)
	at org.eclipse.datatools.connectivity.oda.consumer.helper.OdaParameterMetaData.getParameterType(OdaParameterMetaData.java:177)
	at org.eclipse.birt.data.engine.odaconsumer.ParameterMetaData.getRuntimeParameterType(ParameterMetaData.java:233)
	at org.eclipse.birt.data.engine.odaconsumer.ParameterMetaData.<init>(ParameterMetaData.java:97)
	at org.eclipse.birt.data.engine.odaconsumer.PreparedStatement.mergeParamHintsWithMetaData(PreparedStatement.java:1674)
	at org.eclipse.birt.data.engine.odaconsumer.PreparedStatement.getParameterMetaData(PreparedStatement.java:1525)
	at org.eclipse.birt.data.engine.odaconsumer.PreparedStatement.getParameterMetaData(PreparedStatement.java:1539)
	at org.eclipse.birt.data.engine.odaconsumer.PreparedStatement.getParameterType(PreparedStatement.java:798)
	at org.eclipse.birt.data.engine.odaconsumer.PreparedStatement.retrySetParameterValue(PreparedStatement.java:3211)
	at org.eclipse.birt.data.engine.odaconsumer.PreparedStatement.setParameterValue(PreparedStatement.java:3188)
	at org.eclipse.birt.data.engine.odaconsumer.PreparedStatement.setParameterValue(PreparedStatement.java:3070)
	at org.eclipse.birt.data.engine.executor.DataSourceQuery.setInputParameterBinding(DataSourceQuery.java:1124)
	at org.eclipse.birt.data.engine.executor.DataSourceQuery.addParameterDefns(DataSourceQuery.java:572)
	at org.eclipse.birt.data.engine.executor.DataSourceQuery.prepare(DataSourceQuery.java:290)
	at org.eclipse.birt.data.engine.impl.PreparedOdaDSQuery$OdaDSQueryExecutor.prepareOdiQuery(PreparedOdaDSQuery.java:442)
	at org.eclipse.birt.data.engine.impl.QueryExecutor.prepareExecution(QueryExecutor.java:341)
	at org.eclipse.birt.data.engine.impl.PreparedQuery.doPrepare(PreparedQuery.java:455)
	at org.eclipse.birt.data.engine.impl.PreparedDataSourceQuery.produceQueryResults(PreparedDataSourceQuery.java:190)
	at org.eclipse.birt.data.engine.impl.PreparedDataSourceQuery.execute(PreparedDataSourceQuery.java:178)
	at org.eclipse.birt.data.engine.impl.PreparedOdaDSQuery.execute(PreparedOdaDSQuery.java:145)
	at org.eclipse.birt.data.engine.impl.PreparedDataSourceQuery.execute(PreparedDataSourceQuery.java:159)
	at org.eclipse.birt.data.engine.impl.PreparedJointDataSourceQuery.populatePreparedQuery(PreparedJointDataSourceQuery.java:555)
	at org.eclipse.birt.data.engine.impl.PreparedJointDataSourceQuery.populatePreparedQuery(PreparedJointDataSourceQuery.java:492)
	at org.eclipse.birt.data.engine.impl.PreparedJointDataSourceQuery.access$2(PreparedJointDataSourceQuery.java:490)
	at org.eclipse.birt.data.engine.impl.PreparedJointDataSourceQuery$JointDataSetQueryExecutor.createOdiQuery(PreparedJointDataSourceQuery.java:587)
	at org.eclipse.birt.data.engine.impl.QueryExecutor.prepareExecution(QueryExecutor.java:325)
	at org.eclipse.birt.data.engine.impl.PreparedQuery.doPrepare(PreparedQuery.java:455)
	at org.eclipse.birt.data.engine.impl.PreparedDataSourceQuery.produceQueryResults(PreparedDataSourceQuery.java:190)
	at org.eclipse.birt.data.engine.impl.PreparedDataSourceQuery.execute(PreparedDataSourceQuery.java:178)
	at org.eclipse.birt.data.engine.impl.PreparedDataSourceQuery.execute(PreparedDataSourceQuery.java:159)
	at org.eclipse.birt.data.engine.impl.PreparedDataSourceQuery.execute(PreparedDataSourceQuery.java:142)
	at org.eclipse.birt.report.data.adapter.impl.QueryExecutionHelper.executeQuery(QueryExecutionHelper.java:136)
	at org.eclipse.birt.report.data.adapter.impl.QueryExecutionHelper.executeQuery(QueryExecutionHelper.java:118)
	at org.eclipse.birt.report.data.adapter.impl.QueryExecutionHelper.executeQuery(QueryExecutionHelper.java:102)
	at org.eclipse.birt.report.data.adapter.impl.DataSetMetaDataHelper.getRuntimeMetaData(DataSetMetaDataHelper.java:203)
	at org.eclipse.birt.report.data.adapter.impl.DataSetMetaDataHelper.getRealMetaData(DataSetMetaDataHelper.java:153)
	at org.eclipse.birt.report.data.adapter.impl.DataSetMetaDataHelper.getDataSetMetaData(DataSetMetaDataHelper.java:115)
	at org.eclipse.birt.report.data.adapter.impl.DataRequestSessionImpl.getDataSetMetaData(DataRequestSessionImpl.java:244)
	at org.eclipse.birt.report.designer.data.ui.util.DataSetProvider.populateAllOutputColumns(DataSetProvider.java:216)
	at org.eclipse.birt.report.designer.data.ui.util.DataSetProvider.getCachedDataSetItemModel(DataSetProvider.java:995)
	at org.eclipse.birt.report.designer.data.ui.dataset.DataSetEditor$ItemModelManager.start(DataSetEditor.java:979)
	at org.eclipse.birt.report.designer.data.ui.dataset.DataSetEditor.<init>(DataSetEditor.java:195)
	at org.eclipse.birt.report.designer.data.ui.dataset.AdvancedDataSetEditor.<init>(AdvancedDataSetEditor.java:23)
	at org.eclipse.birt.report.designer.data.ui.actions.EditDataSetAction.doAction(EditDataSetAction.java:102)
	at org.eclipse.birt.report.designer.internal.ui.views.actions.AbstractElementAction.run(AbstractElementAction.java:70)
	at org.eclipse.jface.action.Action.runWithEvent(Action.java:498)
	at org.eclipse.jface.action.ActionContributionItem.handleWidgetSelection(ActionContributionItem.java:584)
	at org.eclipse.jface.action.ActionContributionItem.access$2(ActionContributionItem.java:501)
	at org.eclipse.jface.action.ActionContributionItem$5.handleEvent(ActionContributionItem.java:411)
	at org.eclipse.swt.widgets.EventTable.sendEvent(EventTable.java:84)
	at org.eclipse.swt.widgets.Widget.sendEvent(Widget.java:1053)
	at org.eclipse.swt.widgets.Display.runDeferredEvents(Display.java:4165)
	at org.eclipse.swt.widgets.Display.readAndDispatch(Display.java:3754)
	at org.eclipse.ui.internal.Workbench.runEventLoop(Workbench.java:2701)
	at org.eclipse.ui.internal.Workbench.runUI(Workbench.java:2665)
	at org.eclipse.ui.internal.Workbench.access$4(Workbench.java:2499)
	at org.eclipse.ui.internal.Workbench$7.run(Workbench.java:679)
	at org.eclipse.core.databinding.observable.Realm.runWithDefault(Realm.java:332)
	at org.eclipse.ui.internal.Workbench.createAndRunWorkbench(Workbench.java:668)
	at org.eclipse.ui.PlatformUI.createAndRunWorkbench(PlatformUI.java:149)
	at org.eclipse.ui.internal.ide.application.IDEApplication.start(IDEApplication.java:123)
	at org.eclipse.equinox.internal.app.EclipseAppHandle.run(EclipseAppHandle.java:196)
	at org.eclipse.core.runtime.internal.adaptor.EclipseAppLauncher.runApplication(EclipseAppLauncher.java:110)
	at org.eclipse.core.runtime.internal.adaptor.EclipseAppLauncher.start(EclipseAppLauncher.java:79)
	at org.eclipse.core.runtime.adaptor.EclipseStarter.run(EclipseStarter.java:344)
	at org.eclipse.core.runtime.adaptor.EclipseStarter.run(EclipseStarter.java:179)
	at sun.reflect.NativeMethodAccessorImpl.invoke0(Native Method)
	at sun.reflect.NativeMethodAccessorImpl.invoke(Unknown Source)
	at sun.reflect.DelegatingMethodAccessorImpl.invoke(Unknown Source)
	at java.lang.reflect.Method.invoke(Unknown Source)
	at org.eclipse.equinox.launcher.Main.invokeFramework(Main.java:622)
	at org.eclipse.equinox.launcher.Main.basicRun(Main.java:577)
	at org.eclipse.equinox.launcher.Main.run(Main.java:1410)
Caused by: java.sql.SQLException: Parameter metadata not available for the given statement
	at com.mysql.jdbc.SQLError.createSQLException(SQLError.java:1073)
	at com.mysql.jdbc.SQLError.createSQLException(SQLError.java:987)
	at com.mysql.jdbc.SQLError.createSQLException(SQLError.java:982)
	at com.mysql.jdbc.SQLError.createSQLException(SQLError.java:927)
	at com.mysql.jdbc.MysqlParameterMetadata.checkAvailable(MysqlParameterMetadata.java:70)
	at com.mysql.jdbc.MysqlParameterMetadata.getParameterType(MysqlParameterMetadata.java:119)
	at org.eclipse.birt.report.data.oda.jdbc.ParameterMetaData.getParameterType(ParameterMetaData.java:155)
	... 72 more

May 08, 2015 11:52:44 PM org.eclipse.birt.data.engine.odaconsumer.PreparedStatement doSetNull( int )
SEVERE: Cannot set a null value to parameter 2.
org.eclipse.birt.report.data.oda.jdbc.JDBCException: Cannot set preparedStatement null value.
SQL error #1:Parameter metadata not available for the given statement
 ;
    java.sql.SQLException: Parameter metadata not available for the given statement
	at org.eclipse.birt.report.data.oda.jdbc.Statement.setNull(Statement.java:867)
	at org.eclipse.datatools.connectivity.oda.consumer.helper.OdaQuery.setNull(OdaQuery.java:1212)
	at org.eclipse.birt.data.engine.odaconsumer.PreparedStatement.doSetNull(PreparedStatement.java:4646)
	at org.eclipse.birt.data.engine.odaconsumer.PreparedStatement.setNull(PreparedStatement.java:4173)
	at org.eclipse.birt.data.engine.odaconsumer.PreparedStatement.setParameterValue(PreparedStatement.java:3113)
	at org.eclipse.birt.data.engine.odaconsumer.PreparedStatement.setParameterValue(PreparedStatement.java:3070)
	at org.eclipse.birt.data.engine.executor.DataSourceQuery.setInputParameterBinding(DataSourceQuery.java:1124)
	at org.eclipse.birt.data.engine.executor.DataSourceQuery.addParameterDefns(DataSourceQuery.java:572)
	at org.eclipse.birt.data.engine.executor.DataSourceQuery.prepare(DataSourceQuery.java:290)
	at org.eclipse.birt.data.engine.impl.PreparedOdaDSQuery$OdaDSQueryExecutor.prepareOdiQuery(PreparedOdaDSQuery.java:442)
	at org.eclipse.birt.data.engine.impl.QueryExecutor.prepareExecution(QueryExecutor.java:341)
	at org.eclipse.birt.data.engine.impl.PreparedQuery.doPrepare(PreparedQuery.java:455)
	at org.eclipse.birt.data.engine.impl.PreparedDataSourceQuery.produceQueryResults(PreparedDataSourceQuery.java:190)
	at org.eclipse.birt.data.engine.impl.PreparedDataSourceQuery.execute(PreparedDataSourceQuery.java:178)
	at org.eclipse.birt.data.engine.impl.PreparedOdaDSQuery.execute(PreparedOdaDSQuery.java:145)
	at org.eclipse.birt.data.engine.impl.PreparedDataSourceQuery.execute(PreparedDataSourceQuery.java:159)
	at org.eclipse.birt.data.engine.impl.PreparedJointDataSourceQuery.populatePreparedQuery(PreparedJointDataSourceQuery.java:555)
	at org.eclipse.birt.data.engine.impl.PreparedJointDataSourceQuery.populatePreparedQuery(PreparedJointDataSourceQuery.java:492)
	at org.eclipse.birt.data.engine.impl.PreparedJointDataSourceQuery.access$2(PreparedJointDataSourceQuery.java:490)
	at org.eclipse.birt.data.engine.impl.PreparedJointDataSourceQuery$JointDataSetQueryExecutor.createOdiQuery(PreparedJointDataSourceQuery.java:587)
	at org.eclipse.birt.data.engine.impl.QueryExecutor.prepareExecution(QueryExecutor.java:325)
	at org.eclipse.birt.data.engine.impl.PreparedQuery.doPrepare(PreparedQuery.java:455)
	at org.eclipse.birt.data.engine.impl.PreparedDataSourceQuery.produceQueryResults(PreparedDataSourceQuery.java:190)
	at org.eclipse.birt.data.engine.impl.PreparedDataSourceQuery.execute(PreparedDataSourceQuery.java:178)
	at org.eclipse.birt.data.engine.impl.PreparedDataSourceQuery.execute(PreparedDataSourceQuery.java:159)
	at org.eclipse.birt.data.engine.impl.PreparedDataSourceQuery.execute(PreparedDataSourceQuery.java:142)
	at org.eclipse.birt.report.data.adapter.impl.QueryExecutionHelper.executeQuery(QueryExecutionHelper.java:136)
	at org.eclipse.birt.report.data.adapter.impl.QueryExecutionHelper.executeQuery(QueryExecutionHelper.java:118)
	at org.eclipse.birt.report.data.adapter.impl.QueryExecutionHelper.executeQuery(QueryExecutionHelper.java:102)
	at org.eclipse.birt.report.data.adapter.impl.DataSetMetaDataHelper.getRuntimeMetaData(DataSetMetaDataHelper.java:203)
	at org.eclipse.birt.report.data.adapter.impl.DataSetMetaDataHelper.getRealMetaData(DataSetMetaDataHelper.java:153)
	at org.eclipse.birt.report.data.adapter.impl.DataSetMetaDataHelper.getDataSetMetaData(DataSetMetaDataHelper.java:115)
	at org.eclipse.birt.report.data.adapter.impl.DataRequestSessionImpl.getDataSetMetaData(DataRequestSessionImpl.java:244)
	at org.eclipse.birt.report.designer.data.ui.util.DataSetProvider.populateAllOutputColumns(DataSetProvider.java:216)
	at org.eclipse.birt.report.designer.data.ui.util.DataSetProvider.getCachedDataSetItemModel(DataSetProvider.java:995)
	at org.eclipse.birt.report.designer.data.ui.dataset.DataSetEditor$ItemModelManager.start(DataSetEditor.java:979)
	at org.eclipse.birt.report.designer.data.ui.dataset.DataSetEditor.<init>(DataSetEditor.java:195)
	at org.eclipse.birt.report.designer.data.ui.dataset.AdvancedDataSetEditor.<init>(AdvancedDataSetEditor.java:23)
	at org.eclipse.birt.report.designer.data.ui.actions.EditDataSetAction.doAction(EditDataSetAction.java:102)
	at org.eclipse.birt.report.designer.internal.ui.views.actions.AbstractElementAction.run(AbstractElementAction.java:70)
	at org.eclipse.jface.action.Action.runWithEvent(Action.java:498)
	at org.eclipse.jface.action.ActionContributionItem.handleWidgetSelection(ActionContributionItem.java:584)
	at org.eclipse.jface.action.ActionContributionItem.access$2(ActionContributionItem.java:501)
	at org.eclipse.jface.action.ActionContributionItem$5.handleEvent(ActionContributionItem.java:411)
	at org.eclipse.swt.widgets.EventTable.sendEvent(EventTable.java:84)
	at org.eclipse.swt.widgets.Widget.sendEvent(Widget.java:1053)
	at org.eclipse.swt.widgets.Display.runDeferredEvents(Display.java:4165)
	at org.eclipse.swt.widgets.Display.readAndDispatch(Display.java:3754)
	at org.eclipse.ui.internal.Workbench.runEventLoop(Workbench.java:2701)
	at org.eclipse.ui.internal.Workbench.runUI(Workbench.java:2665)
	at org.eclipse.ui.internal.Workbench.access$4(Workbench.java:2499)
	at org.eclipse.ui.internal.Workbench$7.run(Workbench.java:679)
	at org.eclipse.core.databinding.observable.Realm.runWithDefault(Realm.java:332)
	at org.eclipse.ui.internal.Workbench.createAndRunWorkbench(Workbench.java:668)
	at org.eclipse.ui.PlatformUI.createAndRunWorkbench(PlatformUI.java:149)
	at org.eclipse.ui.internal.ide.application.IDEApplication.start(IDEApplication.java:123)
	at org.eclipse.equinox.internal.app.EclipseAppHandle.run(EclipseAppHandle.java:196)
	at org.eclipse.core.runtime.internal.adaptor.EclipseAppLauncher.runApplication(EclipseAppLauncher.java:110)
	at org.eclipse.core.runtime.internal.adaptor.EclipseAppLauncher.start(EclipseAppLauncher.java:79)
	at org.eclipse.core.runtime.adaptor.EclipseStarter.run(EclipseStarter.java:344)
	at org.eclipse.core.runtime.adaptor.EclipseStarter.run(EclipseStarter.java:179)
	at sun.reflect.NativeMethodAccessorImpl.invoke0(Native Method)
	at sun.reflect.NativeMethodAccessorImpl.invoke(Unknown Source)
	at sun.reflect.DelegatingMethodAccessorImpl.invoke(Unknown Source)
	at java.lang.reflect.Method.invoke(Unknown Source)
	at org.eclipse.equinox.launcher.Main.invokeFramework(Main.java:622)
	at org.eclipse.equinox.launcher.Main.basicRun(Main.java:577)
	at org.eclipse.equinox.launcher.Main.run(Main.java:1410)
Caused by: java.sql.SQLException: Parameter metadata not available for the given statement
	at com.mysql.jdbc.SQLError.createSQLException(SQLError.java:1073)
	at com.mysql.jdbc.SQLError.createSQLException(SQLError.java:987)
	at com.mysql.jdbc.SQLError.createSQLException(SQLError.java:982)
	at com.mysql.jdbc.SQLError.createSQLException(SQLError.java:927)
	at com.mysql.jdbc.MysqlParameterMetadata.checkAvailable(MysqlParameterMetadata.java:70)
	at com.mysql.jdbc.MysqlParameterMetadata.getParameterType(MysqlParameterMetadata.java:119)
	at org.eclipse.birt.report.data.oda.jdbc.Statement.setNull(Statement.java:862)
	... 67 more

May 08, 2015 11:52:44 PM org.eclipse.birt.data.engine.odaconsumer.ParameterMetaData getRuntimeParameterType
SEVERE: Cannot get the type for parameter: 1.
org.eclipse.birt.report.data.oda.jdbc.JDBCException: Cannot get parameter type.
SQL error #1:Parameter metadata not available for the given statement
 ;
    java.sql.SQLException: Parameter metadata not available for the given statement
	at org.eclipse.birt.report.data.oda.jdbc.ParameterMetaData.getParameterType(ParameterMetaData.java:159)
	at org.eclipse.datatools.connectivity.oda.consumer.helper.OdaParameterMetaData.getParameterType(OdaParameterMetaData.java:177)
	at org.eclipse.birt.data.engine.odaconsumer.ParameterMetaData.getRuntimeParameterType(ParameterMetaData.java:233)
	at org.eclipse.birt.data.engine.odaconsumer.ParameterMetaData.<init>(ParameterMetaData.java:97)
	at org.eclipse.birt.data.engine.odaconsumer.PreparedStatement.mergeParamHintsWithMetaData(PreparedStatement.java:1674)
	at org.eclipse.birt.data.engine.odaconsumer.PreparedStatement.getParameterMetaData(PreparedStatement.java:1525)
	at org.eclipse.birt.data.engine.odaconsumer.PreparedStatement.getParameterMetaData(PreparedStatement.java:1539)
	at org.eclipse.birt.data.engine.odaconsumer.PreparedStatement.getParameterType(PreparedStatement.java:798)
	at org.eclipse.birt.data.engine.odaconsumer.PreparedStatement.retrySetParameterValue(PreparedStatement.java:3211)
	at org.eclipse.birt.data.engine.odaconsumer.PreparedStatement.setParameterValue(PreparedStatement.java:3188)
	at org.eclipse.birt.data.engine.odaconsumer.PreparedStatement.setParameterValue(PreparedStatement.java:3070)
	at org.eclipse.birt.data.engine.executor.DataSourceQuery.setInputParameterBinding(DataSourceQuery.java:1124)
	at org.eclipse.birt.data.engine.executor.DataSourceQuery.addParameterDefns(DataSourceQuery.java:572)
	at org.eclipse.birt.data.engine.executor.DataSourceQuery.prepare(DataSourceQuery.java:290)
	at org.eclipse.birt.data.engine.impl.PreparedOdaDSQuery$OdaDSQueryExecutor.prepareOdiQuery(PreparedOdaDSQuery.java:442)
	at org.eclipse.birt.data.engine.impl.QueryExecutor.prepareExecution(QueryExecutor.java:341)
	at org.eclipse.birt.data.engine.impl.PreparedQuery.doPrepare(PreparedQuery.java:455)
	at org.eclipse.birt.data.engine.impl.PreparedDataSourceQuery.produceQueryResults(PreparedDataSourceQuery.java:190)
	at org.eclipse.birt.data.engine.impl.PreparedDataSourceQuery.execute(PreparedDataSourceQuery.java:178)
	at org.eclipse.birt.data.engine.impl.PreparedOdaDSQuery.execute(PreparedOdaDSQuery.java:145)
	at org.eclipse.birt.data.engine.impl.PreparedDataSourceQuery.execute(PreparedDataSourceQuery.java:159)
	at org.eclipse.birt.data.engine.impl.PreparedJointDataSourceQuery.populatePreparedQuery(PreparedJointDataSourceQuery.java:555)
	at org.eclipse.birt.data.engine.impl.PreparedJointDataSourceQuery.populatePreparedQuery(PreparedJointDataSourceQuery.java:492)
	at org.eclipse.birt.data.engine.impl.PreparedJointDataSourceQuery.access$2(PreparedJointDataSourceQuery.java:490)
	at org.eclipse.birt.data.engine.impl.PreparedJointDataSourceQuery$JointDataSetQueryExecutor.createOdiQuery(PreparedJointDataSourceQuery.java:587)
	at org.eclipse.birt.data.engine.impl.QueryExecutor.prepareExecution(QueryExecutor.java:325)
	at org.eclipse.birt.data.engine.impl.PreparedQuery.doPrepare(PreparedQuery.java:455)
	at org.eclipse.birt.data.engine.impl.PreparedDataSourceQuery.produceQueryResults(PreparedDataSourceQuery.java:190)
	at org.eclipse.birt.data.engine.impl.PreparedDataSourceQuery.execute(PreparedDataSourceQuery.java:178)
	at org.eclipse.birt.data.engine.impl.PreparedDataSourceQuery.execute(PreparedDataSourceQuery.java:159)
	at org.eclipse.birt.data.engine.impl.PreparedDataSourceQuery.execute(PreparedDataSourceQuery.java:142)
	at org.eclipse.birt.report.data.adapter.impl.QueryExecutionHelper.executeQuery(QueryExecutionHelper.java:136)
	at org.eclipse.birt.report.data.adapter.impl.QueryExecutionHelper.executeQuery(QueryExecutionHelper.java:118)
	at org.eclipse.birt.report.data.adapter.impl.QueryExecutionHelper.executeQuery(QueryExecutionHelper.java:102)
	at org.eclipse.birt.report.data.adapter.impl.DataSetMetaDataHelper.getRuntimeMetaData(DataSetMetaDataHelper.java:203)
	at org.eclipse.birt.report.data.adapter.impl.DataSetMetaDataHelper.getRealMetaData(DataSetMetaDataHelper.java:153)
	at org.eclipse.birt.report.data.adapter.impl.DataSetMetaDataHelper.getDataSetMetaData(DataSetMetaDataHelper.java:115)
	at org.eclipse.birt.report.data.adapter.impl.DataRequestSessionImpl.getDataSetMetaData(DataRequestSessionImpl.java:244)
	at org.eclipse.birt.report.designer.data.ui.util.DataSetProvider.populateAllOutputColumns(DataSetProvider.java:216)
	at org.eclipse.birt.report.designer.data.ui.util.DataSetProvider.getCachedDataSetItemModel(DataSetProvider.java:995)
	at org.eclipse.birt.report.designer.data.ui.dataset.DataSetEditor$ItemModelManager.start(DataSetEditor.java:979)
	at org.eclipse.birt.report.designer.data.ui.dataset.DataSetEditor.<init>(DataSetEditor.java:195)
	at org.eclipse.birt.report.designer.data.ui.dataset.AdvancedDataSetEditor.<init>(AdvancedDataSetEditor.java:23)
	at org.eclipse.birt.report.designer.data.ui.actions.EditDataSetAction.doAction(EditDataSetAction.java:102)
	at org.eclipse.birt.report.designer.internal.ui.views.actions.AbstractElementAction.run(AbstractElementAction.java:70)
	at org.eclipse.jface.action.Action.runWithEvent(Action.java:498)
	at org.eclipse.jface.action.ActionContributionItem.handleWidgetSelection(ActionContributionItem.java:584)
	at org.eclipse.jface.action.ActionContributionItem.access$2(ActionContributionItem.java:501)
	at org.eclipse.jface.action.ActionContributionItem$5.handleEvent(ActionContributionItem.java:411)
	at org.eclipse.swt.widgets.EventTable.sendEvent(EventTable.java:84)
	at org.eclipse.swt.widgets.Widget.sendEvent(Widget.java:1053)
	at org.eclipse.swt.widgets.Display.runDeferredEvents(Display.java:4165)
	at org.eclipse.swt.widgets.Display.readAndDispatch(Display.java:3754)
	at org.eclipse.ui.internal.Workbench.runEventLoop(Workbench.java:2701)
	at org.eclipse.ui.internal.Workbench.runUI(Workbench.java:2665)
	at org.eclipse.ui.internal.Workbench.access$4(Workbench.java:2499)
	at org.eclipse.ui.internal.Workbench$7.run(Workbench.java:679)
	at org.eclipse.core.databinding.observable.Realm.runWithDefault(Realm.java:332)
	at org.eclipse.ui.internal.Workbench.createAndRunWorkbench(Workbench.java:668)
	at org.eclipse.ui.PlatformUI.createAndRunWorkbench(PlatformUI.java:149)
	at org.eclipse.ui.internal.ide.application.IDEApplication.start(IDEApplication.java:123)
	at org.eclipse.equinox.internal.app.EclipseAppHandle.run(EclipseAppHandle.java:196)
	at org.eclipse.core.runtime.internal.adaptor.EclipseAppLauncher.runApplication(EclipseAppLauncher.java:110)
	at org.eclipse.core.runtime.internal.adaptor.EclipseAppLauncher.start(EclipseAppLauncher.java:79)
	at org.eclipse.core.runtime.adaptor.EclipseStarter.run(EclipseStarter.java:344)
	at org.eclipse.core.runtime.adaptor.EclipseStarter.run(EclipseStarter.java:179)
	at sun.reflect.NativeMethodAccessorImpl.invoke0(Native Method)
	at sun.reflect.NativeMethodAccessorImpl.invoke(Unknown Source)
	at sun.reflect.DelegatingMethodAccessorImpl.invoke(Unknown Source)
	at java.lang.reflect.Method.invoke(Unknown Source)
	at org.eclipse.equinox.launcher.Main.invokeFramework(Main.java:622)
	at org.eclipse.equinox.launcher.Main.basicRun(Main.java:577)
	at org.eclipse.equinox.launcher.Main.run(Main.java:1410)
Caused by: java.sql.SQLException: Parameter metadata not available for the given statement
	at com.mysql.jdbc.SQLError.createSQLException(SQLError.java:1073)
	at com.mysql.jdbc.SQLError.createSQLException(SQLError.java:987)
	at com.mysql.jdbc.SQLError.createSQLException(SQLError.java:982)
	at com.mysql.jdbc.SQLError.createSQLException(SQLError.java:927)
	at com.mysql.jdbc.MysqlParameterMetadata.checkAvailable(MysqlParameterMetadata.java:70)
	at com.mysql.jdbc.MysqlParameterMetadata.getParameterType(MysqlParameterMetadata.java:119)
	at org.eclipse.birt.report.data.oda.jdbc.ParameterMetaData.getParameterType(ParameterMetaData.java:155)
	... 72 more

